[2022-05-13 10:43:50,728] {processor.py:163} INFO - Started process (PID=1086) to work on /home/udimini/airflow/dags/big_finance_dag.py
[2022-05-13 10:43:50,729] {processor.py:642} INFO - Processing file /home/udimini/airflow/dags/big_finance_dag.py for tasks to queue
[2022-05-13 10:43:50,729] {logging_mixin.py:109} INFO - [2022-05-13 10:43:50,729] {dagbag.py:500} INFO - Filling up the DagBag from /home/udimini/airflow/dags/big_finance_dag.py
[2022-05-13 10:43:50,745] {processor.py:652} INFO - DAG(s) dict_keys(['big_finance_dag']) retrieved from /home/udimini/airflow/dags/big_finance_dag.py
[2022-05-13 10:43:50,758] {logging_mixin.py:109} INFO - [2022-05-13 10:43:50,758] {dag.py:2398} INFO - Sync 1 DAGs
[2022-05-13 10:43:50,777] {logging_mixin.py:109} INFO - [2022-05-13 10:43:50,777] {dag.py:2937} INFO - Setting next_dagrun for big_finance_dag to 2022-05-13T08:42:00+00:00
[2022-05-13 10:43:50,800] {processor.py:171} INFO - Processing /home/udimini/airflow/dags/big_finance_dag.py took 0.076 seconds
[2022-05-13 10:43:56,729] {processor.py:163} INFO - Started process (PID=1087) to work on /home/udimini/airflow/dags/big_finance_dag.py
[2022-05-13 10:43:56,730] {processor.py:642} INFO - Processing file /home/udimini/airflow/dags/big_finance_dag.py for tasks to queue
[2022-05-13 10:43:56,730] {logging_mixin.py:109} INFO - [2022-05-13 10:43:56,730] {dagbag.py:500} INFO - Filling up the DagBag from /home/udimini/airflow/dags/big_finance_dag.py
[2022-05-13 10:43:56,741] {processor.py:652} INFO - DAG(s) dict_keys(['big_finance_dag']) retrieved from /home/udimini/airflow/dags/big_finance_dag.py
[2022-05-13 10:43:56,751] {logging_mixin.py:109} INFO - [2022-05-13 10:43:56,751] {dag.py:2398} INFO - Sync 1 DAGs
[2022-05-13 10:43:56,774] {logging_mixin.py:109} INFO - [2022-05-13 10:43:56,774] {dag.py:2937} INFO - Setting next_dagrun for big_finance_dag to 2022-05-13T08:42:00+00:00
[2022-05-13 10:43:56,788] {processor.py:171} INFO - Processing /home/udimini/airflow/dags/big_finance_dag.py took 0.060 seconds
[2022-05-13 10:44:02,088] {processor.py:163} INFO - Started process (PID=1088) to work on /home/udimini/airflow/dags/big_finance_dag.py
[2022-05-13 10:44:02,089] {processor.py:642} INFO - Processing file /home/udimini/airflow/dags/big_finance_dag.py for tasks to queue
[2022-05-13 10:44:02,089] {logging_mixin.py:109} INFO - [2022-05-13 10:44:02,089] {dagbag.py:500} INFO - Filling up the DagBag from /home/udimini/airflow/dags/big_finance_dag.py
[2022-05-13 10:44:02,101] {processor.py:652} INFO - DAG(s) dict_keys(['big_finance_dag']) retrieved from /home/udimini/airflow/dags/big_finance_dag.py
[2022-05-13 10:44:02,109] {logging_mixin.py:109} INFO - [2022-05-13 10:44:02,109] {dag.py:2398} INFO - Sync 1 DAGs
[2022-05-13 10:44:02,122] {logging_mixin.py:109} INFO - [2022-05-13 10:44:02,122] {dag.py:2937} INFO - Setting next_dagrun for big_finance_dag to 2022-05-13T08:43:00+00:00
[2022-05-13 10:44:02,135] {processor.py:171} INFO - Processing /home/udimini/airflow/dags/big_finance_dag.py took 0.049 seconds
[2022-05-13 10:44:08,157] {processor.py:163} INFO - Started process (PID=1089) to work on /home/udimini/airflow/dags/big_finance_dag.py
[2022-05-13 10:44:08,157] {processor.py:642} INFO - Processing file /home/udimini/airflow/dags/big_finance_dag.py for tasks to queue
[2022-05-13 10:44:08,158] {logging_mixin.py:109} INFO - [2022-05-13 10:44:08,158] {dagbag.py:500} INFO - Filling up the DagBag from /home/udimini/airflow/dags/big_finance_dag.py
[2022-05-13 10:44:08,168] {processor.py:652} INFO - DAG(s) dict_keys(['big_finance_dag']) retrieved from /home/udimini/airflow/dags/big_finance_dag.py
[2022-05-13 10:44:08,177] {logging_mixin.py:109} INFO - [2022-05-13 10:44:08,177] {dag.py:2398} INFO - Sync 1 DAGs
[2022-05-13 10:44:08,188] {logging_mixin.py:109} INFO - [2022-05-13 10:44:08,188] {dag.py:2937} INFO - Setting next_dagrun for big_finance_dag to 2022-05-13T08:43:00+00:00
[2022-05-13 10:44:08,202] {processor.py:171} INFO - Processing /home/udimini/airflow/dags/big_finance_dag.py took 0.047 seconds
[2022-05-13 10:44:14,223] {processor.py:163} INFO - Started process (PID=1090) to work on /home/udimini/airflow/dags/big_finance_dag.py
[2022-05-13 10:44:14,224] {processor.py:642} INFO - Processing file /home/udimini/airflow/dags/big_finance_dag.py for tasks to queue
[2022-05-13 10:44:14,224] {logging_mixin.py:109} INFO - [2022-05-13 10:44:14,224] {dagbag.py:500} INFO - Filling up the DagBag from /home/udimini/airflow/dags/big_finance_dag.py
[2022-05-13 10:44:14,234] {processor.py:652} INFO - DAG(s) dict_keys(['big_finance_dag']) retrieved from /home/udimini/airflow/dags/big_finance_dag.py
[2022-05-13 10:44:14,242] {logging_mixin.py:109} INFO - [2022-05-13 10:44:14,242] {dag.py:2398} INFO - Sync 1 DAGs
[2022-05-13 10:44:14,252] {logging_mixin.py:109} INFO - [2022-05-13 10:44:14,252] {dag.py:2937} INFO - Setting next_dagrun for big_finance_dag to 2022-05-13T08:43:00+00:00
[2022-05-13 10:44:14,264] {processor.py:171} INFO - Processing /home/udimini/airflow/dags/big_finance_dag.py took 0.043 seconds
[2022-05-13 10:44:20,304] {processor.py:163} INFO - Started process (PID=1091) to work on /home/udimini/airflow/dags/big_finance_dag.py
[2022-05-13 10:44:20,304] {processor.py:642} INFO - Processing file /home/udimini/airflow/dags/big_finance_dag.py for tasks to queue
[2022-05-13 10:44:20,305] {logging_mixin.py:109} INFO - [2022-05-13 10:44:20,305] {dagbag.py:500} INFO - Filling up the DagBag from /home/udimini/airflow/dags/big_finance_dag.py
[2022-05-13 10:44:20,316] {processor.py:652} INFO - DAG(s) dict_keys(['big_finance_dag']) retrieved from /home/udimini/airflow/dags/big_finance_dag.py
[2022-05-13 10:44:20,325] {logging_mixin.py:109} INFO - [2022-05-13 10:44:20,325] {dag.py:2398} INFO - Sync 1 DAGs
[2022-05-13 10:44:20,337] {logging_mixin.py:109} INFO - [2022-05-13 10:44:20,336] {dag.py:2937} INFO - Setting next_dagrun for big_finance_dag to 2022-05-13T08:43:00+00:00
[2022-05-13 10:44:20,349] {processor.py:171} INFO - Processing /home/udimini/airflow/dags/big_finance_dag.py took 0.047 seconds
[2022-05-13 10:44:26,274] {processor.py:163} INFO - Started process (PID=1092) to work on /home/udimini/airflow/dags/big_finance_dag.py
[2022-05-13 10:44:26,275] {processor.py:642} INFO - Processing file /home/udimini/airflow/dags/big_finance_dag.py for tasks to queue
[2022-05-13 10:44:26,276] {logging_mixin.py:109} INFO - [2022-05-13 10:44:26,275] {dagbag.py:500} INFO - Filling up the DagBag from /home/udimini/airflow/dags/big_finance_dag.py
[2022-05-13 10:44:26,286] {processor.py:652} INFO - DAG(s) dict_keys(['big_finance_dag']) retrieved from /home/udimini/airflow/dags/big_finance_dag.py
[2022-05-13 10:44:26,294] {logging_mixin.py:109} INFO - [2022-05-13 10:44:26,294] {dag.py:2398} INFO - Sync 1 DAGs
[2022-05-13 10:44:26,304] {logging_mixin.py:109} INFO - [2022-05-13 10:44:26,304] {dag.py:2937} INFO - Setting next_dagrun for big_finance_dag to 2022-05-13T08:43:00+00:00
[2022-05-13 10:44:26,316] {processor.py:171} INFO - Processing /home/udimini/airflow/dags/big_finance_dag.py took 0.044 seconds
[2022-05-13 10:44:31,423] {processor.py:163} INFO - Started process (PID=1093) to work on /home/udimini/airflow/dags/big_finance_dag.py
[2022-05-13 10:44:31,424] {processor.py:642} INFO - Processing file /home/udimini/airflow/dags/big_finance_dag.py for tasks to queue
[2022-05-13 10:44:31,424] {logging_mixin.py:109} INFO - [2022-05-13 10:44:31,424] {dagbag.py:500} INFO - Filling up the DagBag from /home/udimini/airflow/dags/big_finance_dag.py
[2022-05-13 10:44:31,437] {processor.py:652} INFO - DAG(s) dict_keys(['big_finance_dag']) retrieved from /home/udimini/airflow/dags/big_finance_dag.py
[2022-05-13 10:44:31,445] {logging_mixin.py:109} INFO - [2022-05-13 10:44:31,445] {dag.py:2398} INFO - Sync 1 DAGs
[2022-05-13 10:44:31,470] {logging_mixin.py:109} INFO - [2022-05-13 10:44:31,470] {dag.py:2937} INFO - Setting next_dagrun for big_finance_dag to 2022-05-13T08:43:00+00:00
[2022-05-13 10:44:31,489] {processor.py:171} INFO - Processing /home/udimini/airflow/dags/big_finance_dag.py took 0.068 seconds
[2022-05-13 10:44:36,564] {processor.py:163} INFO - Started process (PID=1094) to work on /home/udimini/airflow/dags/big_finance_dag.py
[2022-05-13 10:44:36,565] {processor.py:642} INFO - Processing file /home/udimini/airflow/dags/big_finance_dag.py for tasks to queue
[2022-05-13 10:44:36,565] {logging_mixin.py:109} INFO - [2022-05-13 10:44:36,565] {dagbag.py:500} INFO - Filling up the DagBag from /home/udimini/airflow/dags/big_finance_dag.py
[2022-05-13 10:44:36,576] {processor.py:652} INFO - DAG(s) dict_keys(['big_finance_dag']) retrieved from /home/udimini/airflow/dags/big_finance_dag.py
[2022-05-13 10:44:36,584] {logging_mixin.py:109} INFO - [2022-05-13 10:44:36,584] {dag.py:2398} INFO - Sync 1 DAGs
[2022-05-13 10:44:36,595] {logging_mixin.py:109} INFO - [2022-05-13 10:44:36,595] {dag.py:2937} INFO - Setting next_dagrun for big_finance_dag to 2022-05-13T08:43:00+00:00
[2022-05-13 10:44:36,608] {processor.py:171} INFO - Processing /home/udimini/airflow/dags/big_finance_dag.py took 0.045 seconds
[2022-05-13 10:44:41,744] {processor.py:163} INFO - Started process (PID=1095) to work on /home/udimini/airflow/dags/big_finance_dag.py
[2022-05-13 10:44:41,744] {processor.py:642} INFO - Processing file /home/udimini/airflow/dags/big_finance_dag.py for tasks to queue
[2022-05-13 10:44:41,745] {logging_mixin.py:109} INFO - [2022-05-13 10:44:41,745] {dagbag.py:500} INFO - Filling up the DagBag from /home/udimini/airflow/dags/big_finance_dag.py
[2022-05-13 10:44:41,757] {processor.py:652} INFO - DAG(s) dict_keys(['big_finance_dag']) retrieved from /home/udimini/airflow/dags/big_finance_dag.py
[2022-05-13 10:44:41,765] {logging_mixin.py:109} INFO - [2022-05-13 10:44:41,764] {dag.py:2398} INFO - Sync 1 DAGs
[2022-05-13 10:44:41,775] {logging_mixin.py:109} INFO - [2022-05-13 10:44:41,775] {dag.py:2937} INFO - Setting next_dagrun for big_finance_dag to 2022-05-13T08:43:00+00:00
[2022-05-13 10:44:41,786] {processor.py:171} INFO - Processing /home/udimini/airflow/dags/big_finance_dag.py took 0.044 seconds
[2022-05-13 10:44:46,886] {processor.py:163} INFO - Started process (PID=1096) to work on /home/udimini/airflow/dags/big_finance_dag.py
[2022-05-13 10:44:46,886] {processor.py:642} INFO - Processing file /home/udimini/airflow/dags/big_finance_dag.py for tasks to queue
[2022-05-13 10:44:46,887] {logging_mixin.py:109} INFO - [2022-05-13 10:44:46,887] {dagbag.py:500} INFO - Filling up the DagBag from /home/udimini/airflow/dags/big_finance_dag.py
[2022-05-13 10:44:46,897] {processor.py:652} INFO - DAG(s) dict_keys(['big_finance_dag']) retrieved from /home/udimini/airflow/dags/big_finance_dag.py
[2022-05-13 10:44:46,905] {logging_mixin.py:109} INFO - [2022-05-13 10:44:46,905] {dag.py:2398} INFO - Sync 1 DAGs
[2022-05-13 10:44:46,916] {logging_mixin.py:109} INFO - [2022-05-13 10:44:46,916] {dag.py:2937} INFO - Setting next_dagrun for big_finance_dag to 2022-05-13T08:43:00+00:00
[2022-05-13 10:44:46,928] {processor.py:171} INFO - Processing /home/udimini/airflow/dags/big_finance_dag.py took 0.044 seconds
[2022-05-13 10:44:52,038] {processor.py:163} INFO - Started process (PID=1097) to work on /home/udimini/airflow/dags/big_finance_dag.py
[2022-05-13 10:44:52,040] {processor.py:642} INFO - Processing file /home/udimini/airflow/dags/big_finance_dag.py for tasks to queue
[2022-05-13 10:44:52,041] {logging_mixin.py:109} INFO - [2022-05-13 10:44:52,041] {dagbag.py:500} INFO - Filling up the DagBag from /home/udimini/airflow/dags/big_finance_dag.py
[2022-05-13 10:44:52,061] {processor.py:652} INFO - DAG(s) dict_keys(['big_finance_dag']) retrieved from /home/udimini/airflow/dags/big_finance_dag.py
[2022-05-13 10:44:52,070] {logging_mixin.py:109} INFO - [2022-05-13 10:44:52,070] {dag.py:2398} INFO - Sync 1 DAGs
[2022-05-13 10:44:52,083] {logging_mixin.py:109} INFO - [2022-05-13 10:44:52,083] {dag.py:2937} INFO - Setting next_dagrun for big_finance_dag to 2022-05-13T08:43:00+00:00
[2022-05-13 10:44:52,099] {processor.py:171} INFO - Processing /home/udimini/airflow/dags/big_finance_dag.py took 0.066 seconds
[2022-05-13 10:44:57,615] {processor.py:163} INFO - Started process (PID=1098) to work on /home/udimini/airflow/dags/big_finance_dag.py
[2022-05-13 10:44:57,616] {processor.py:642} INFO - Processing file /home/udimini/airflow/dags/big_finance_dag.py for tasks to queue
[2022-05-13 10:44:57,617] {logging_mixin.py:109} INFO - [2022-05-13 10:44:57,617] {dagbag.py:500} INFO - Filling up the DagBag from /home/udimini/airflow/dags/big_finance_dag.py
[2022-05-13 10:44:57,634] {processor.py:652} INFO - DAG(s) dict_keys(['big_finance_dag']) retrieved from /home/udimini/airflow/dags/big_finance_dag.py
[2022-05-13 10:44:57,645] {logging_mixin.py:109} INFO - [2022-05-13 10:44:57,645] {dag.py:2398} INFO - Sync 1 DAGs
[2022-05-13 10:44:57,658] {logging_mixin.py:109} INFO - [2022-05-13 10:44:57,658] {dag.py:2937} INFO - Setting next_dagrun for big_finance_dag to 2022-05-13T08:43:00+00:00
[2022-05-13 10:44:57,676] {processor.py:171} INFO - Processing /home/udimini/airflow/dags/big_finance_dag.py took 0.065 seconds
[2022-05-13 10:45:02,764] {processor.py:163} INFO - Started process (PID=1099) to work on /home/udimini/airflow/dags/big_finance_dag.py
[2022-05-13 10:45:02,765] {processor.py:642} INFO - Processing file /home/udimini/airflow/dags/big_finance_dag.py for tasks to queue
[2022-05-13 10:45:02,765] {logging_mixin.py:109} INFO - [2022-05-13 10:45:02,765] {dagbag.py:500} INFO - Filling up the DagBag from /home/udimini/airflow/dags/big_finance_dag.py
[2022-05-13 10:45:02,776] {processor.py:652} INFO - DAG(s) dict_keys(['big_finance_dag']) retrieved from /home/udimini/airflow/dags/big_finance_dag.py
[2022-05-13 10:45:02,784] {logging_mixin.py:109} INFO - [2022-05-13 10:45:02,784] {dag.py:2398} INFO - Sync 1 DAGs
[2022-05-13 10:45:02,794] {logging_mixin.py:109} INFO - [2022-05-13 10:45:02,794] {dag.py:2937} INFO - Setting next_dagrun for big_finance_dag to 2022-05-13T08:44:00+00:00
[2022-05-13 10:45:02,806] {processor.py:171} INFO - Processing /home/udimini/airflow/dags/big_finance_dag.py took 0.044 seconds
[2022-05-13 10:45:07,868] {processor.py:163} INFO - Started process (PID=1100) to work on /home/udimini/airflow/dags/big_finance_dag.py
[2022-05-13 10:45:07,869] {processor.py:642} INFO - Processing file /home/udimini/airflow/dags/big_finance_dag.py for tasks to queue
[2022-05-13 10:45:07,869] {logging_mixin.py:109} INFO - [2022-05-13 10:45:07,869] {dagbag.py:500} INFO - Filling up the DagBag from /home/udimini/airflow/dags/big_finance_dag.py
[2022-05-13 10:45:07,884] {processor.py:652} INFO - DAG(s) dict_keys(['big_finance_dag']) retrieved from /home/udimini/airflow/dags/big_finance_dag.py
[2022-05-13 10:45:07,894] {logging_mixin.py:109} INFO - [2022-05-13 10:45:07,894] {dag.py:2398} INFO - Sync 1 DAGs
[2022-05-13 10:45:07,908] {logging_mixin.py:109} INFO - [2022-05-13 10:45:07,908] {dag.py:2937} INFO - Setting next_dagrun for big_finance_dag to 2022-05-13T08:44:00+00:00
[2022-05-13 10:45:07,923] {processor.py:171} INFO - Processing /home/udimini/airflow/dags/big_finance_dag.py took 0.057 seconds
[2022-05-13 10:45:13,013] {processor.py:163} INFO - Started process (PID=1101) to work on /home/udimini/airflow/dags/big_finance_dag.py
[2022-05-13 10:45:13,014] {processor.py:642} INFO - Processing file /home/udimini/airflow/dags/big_finance_dag.py for tasks to queue
[2022-05-13 10:45:13,014] {logging_mixin.py:109} INFO - [2022-05-13 10:45:13,014] {dagbag.py:500} INFO - Filling up the DagBag from /home/udimini/airflow/dags/big_finance_dag.py
[2022-05-13 10:45:13,024] {processor.py:652} INFO - DAG(s) dict_keys(['big_finance_dag']) retrieved from /home/udimini/airflow/dags/big_finance_dag.py
[2022-05-13 10:45:13,032] {logging_mixin.py:109} INFO - [2022-05-13 10:45:13,032] {dag.py:2398} INFO - Sync 1 DAGs
[2022-05-13 10:45:13,043] {logging_mixin.py:109} INFO - [2022-05-13 10:45:13,042] {dag.py:2937} INFO - Setting next_dagrun for big_finance_dag to 2022-05-13T08:44:00+00:00
[2022-05-13 10:45:13,054] {processor.py:171} INFO - Processing /home/udimini/airflow/dags/big_finance_dag.py took 0.043 seconds
[2022-05-13 10:45:18,156] {processor.py:163} INFO - Started process (PID=1102) to work on /home/udimini/airflow/dags/big_finance_dag.py
[2022-05-13 10:45:18,157] {processor.py:642} INFO - Processing file /home/udimini/airflow/dags/big_finance_dag.py for tasks to queue
[2022-05-13 10:45:18,157] {logging_mixin.py:109} INFO - [2022-05-13 10:45:18,157] {dagbag.py:500} INFO - Filling up the DagBag from /home/udimini/airflow/dags/big_finance_dag.py
[2022-05-13 10:45:18,168] {processor.py:652} INFO - DAG(s) dict_keys(['big_finance_dag']) retrieved from /home/udimini/airflow/dags/big_finance_dag.py
[2022-05-13 10:45:18,176] {logging_mixin.py:109} INFO - [2022-05-13 10:45:18,176] {dag.py:2398} INFO - Sync 1 DAGs
[2022-05-13 10:45:18,186] {logging_mixin.py:109} INFO - [2022-05-13 10:45:18,186] {dag.py:2937} INFO - Setting next_dagrun for big_finance_dag to 2022-05-13T08:44:00+00:00
[2022-05-13 10:45:18,198] {processor.py:171} INFO - Processing /home/udimini/airflow/dags/big_finance_dag.py took 0.044 seconds
[2022-05-13 10:45:23,302] {processor.py:163} INFO - Started process (PID=1103) to work on /home/udimini/airflow/dags/big_finance_dag.py
[2022-05-13 10:45:23,303] {processor.py:642} INFO - Processing file /home/udimini/airflow/dags/big_finance_dag.py for tasks to queue
[2022-05-13 10:45:23,303] {logging_mixin.py:109} INFO - [2022-05-13 10:45:23,303] {dagbag.py:500} INFO - Filling up the DagBag from /home/udimini/airflow/dags/big_finance_dag.py
[2022-05-13 10:45:23,316] {processor.py:652} INFO - DAG(s) dict_keys(['big_finance_dag']) retrieved from /home/udimini/airflow/dags/big_finance_dag.py
[2022-05-13 10:45:23,326] {logging_mixin.py:109} INFO - [2022-05-13 10:45:23,326] {dag.py:2398} INFO - Sync 1 DAGs
[2022-05-13 10:45:23,339] {logging_mixin.py:109} INFO - [2022-05-13 10:45:23,339] {dag.py:2937} INFO - Setting next_dagrun for big_finance_dag to 2022-05-13T08:44:00+00:00
[2022-05-13 10:45:23,352] {processor.py:171} INFO - Processing /home/udimini/airflow/dags/big_finance_dag.py took 0.052 seconds
[2022-05-13 10:45:28,446] {processor.py:163} INFO - Started process (PID=1104) to work on /home/udimini/airflow/dags/big_finance_dag.py
[2022-05-13 10:45:28,448] {processor.py:642} INFO - Processing file /home/udimini/airflow/dags/big_finance_dag.py for tasks to queue
[2022-05-13 10:45:28,449] {logging_mixin.py:109} INFO - [2022-05-13 10:45:28,449] {dagbag.py:500} INFO - Filling up the DagBag from /home/udimini/airflow/dags/big_finance_dag.py
[2022-05-13 10:45:28,460] {processor.py:652} INFO - DAG(s) dict_keys(['big_finance_dag']) retrieved from /home/udimini/airflow/dags/big_finance_dag.py
[2022-05-13 10:45:28,469] {logging_mixin.py:109} INFO - [2022-05-13 10:45:28,469] {dag.py:2398} INFO - Sync 1 DAGs
[2022-05-13 10:45:28,481] {logging_mixin.py:109} INFO - [2022-05-13 10:45:28,481] {dag.py:2937} INFO - Setting next_dagrun for big_finance_dag to 2022-05-13T08:44:00+00:00
[2022-05-13 10:45:28,493] {processor.py:171} INFO - Processing /home/udimini/airflow/dags/big_finance_dag.py took 0.049 seconds
[2022-05-13 10:45:33,595] {processor.py:163} INFO - Started process (PID=1105) to work on /home/udimini/airflow/dags/big_finance_dag.py
[2022-05-13 10:45:33,596] {processor.py:642} INFO - Processing file /home/udimini/airflow/dags/big_finance_dag.py for tasks to queue
[2022-05-13 10:45:33,596] {logging_mixin.py:109} INFO - [2022-05-13 10:45:33,596] {dagbag.py:500} INFO - Filling up the DagBag from /home/udimini/airflow/dags/big_finance_dag.py
[2022-05-13 10:45:33,609] {processor.py:652} INFO - DAG(s) dict_keys(['big_finance_dag']) retrieved from /home/udimini/airflow/dags/big_finance_dag.py
[2022-05-13 10:45:33,619] {logging_mixin.py:109} INFO - [2022-05-13 10:45:33,619] {dag.py:2398} INFO - Sync 1 DAGs
[2022-05-13 10:45:33,632] {logging_mixin.py:109} INFO - [2022-05-13 10:45:33,632] {dag.py:2937} INFO - Setting next_dagrun for big_finance_dag to 2022-05-13T08:44:00+00:00
[2022-05-13 10:45:33,645] {processor.py:171} INFO - Processing /home/udimini/airflow/dags/big_finance_dag.py took 0.051 seconds
[2022-05-13 10:45:38,736] {processor.py:163} INFO - Started process (PID=1107) to work on /home/udimini/airflow/dags/big_finance_dag.py
[2022-05-13 10:45:38,737] {processor.py:642} INFO - Processing file /home/udimini/airflow/dags/big_finance_dag.py for tasks to queue
[2022-05-13 10:45:38,737] {logging_mixin.py:109} INFO - [2022-05-13 10:45:38,737] {dagbag.py:500} INFO - Filling up the DagBag from /home/udimini/airflow/dags/big_finance_dag.py
[2022-05-13 10:45:38,747] {processor.py:652} INFO - DAG(s) dict_keys(['big_finance_dag']) retrieved from /home/udimini/airflow/dags/big_finance_dag.py
[2022-05-13 10:45:38,756] {logging_mixin.py:109} INFO - [2022-05-13 10:45:38,755] {dag.py:2398} INFO - Sync 1 DAGs
[2022-05-13 10:45:38,766] {logging_mixin.py:109} INFO - [2022-05-13 10:45:38,766] {dag.py:2937} INFO - Setting next_dagrun for big_finance_dag to 2022-05-13T08:44:00+00:00
[2022-05-13 10:45:38,808] {processor.py:171} INFO - Processing /home/udimini/airflow/dags/big_finance_dag.py took 0.073 seconds
[2022-05-13 10:45:43,888] {processor.py:163} INFO - Started process (PID=1108) to work on /home/udimini/airflow/dags/big_finance_dag.py
[2022-05-13 10:45:43,888] {processor.py:642} INFO - Processing file /home/udimini/airflow/dags/big_finance_dag.py for tasks to queue
[2022-05-13 10:45:43,889] {logging_mixin.py:109} INFO - [2022-05-13 10:45:43,889] {dagbag.py:500} INFO - Filling up the DagBag from /home/udimini/airflow/dags/big_finance_dag.py
[2022-05-13 10:45:43,899] {processor.py:652} INFO - DAG(s) dict_keys(['big_finance_dag']) retrieved from /home/udimini/airflow/dags/big_finance_dag.py
[2022-05-13 10:45:43,907] {logging_mixin.py:109} INFO - [2022-05-13 10:45:43,907] {dag.py:2398} INFO - Sync 1 DAGs
[2022-05-13 10:45:43,918] {logging_mixin.py:109} INFO - [2022-05-13 10:45:43,918] {dag.py:2937} INFO - Setting next_dagrun for big_finance_dag to 2022-05-13T08:44:00+00:00
[2022-05-13 10:45:43,929] {processor.py:171} INFO - Processing /home/udimini/airflow/dags/big_finance_dag.py took 0.044 seconds
[2022-05-13 10:45:53,913] {processor.py:163} INFO - Started process (PID=1123) to work on /home/udimini/airflow/dags/big_finance_dag.py
[2022-05-13 10:45:53,914] {processor.py:642} INFO - Processing file /home/udimini/airflow/dags/big_finance_dag.py for tasks to queue
[2022-05-13 10:45:53,915] {logging_mixin.py:109} INFO - [2022-05-13 10:45:53,915] {dagbag.py:500} INFO - Filling up the DagBag from /home/udimini/airflow/dags/big_finance_dag.py
[2022-05-13 10:45:53,933] {processor.py:652} INFO - DAG(s) dict_keys(['big_finance_dag']) retrieved from /home/udimini/airflow/dags/big_finance_dag.py
[2022-05-13 10:45:53,945] {logging_mixin.py:109} INFO - [2022-05-13 10:45:53,945] {dag.py:2398} INFO - Sync 1 DAGs
[2022-05-13 10:45:53,960] {logging_mixin.py:109} INFO - [2022-05-13 10:45:53,960] {dag.py:2937} INFO - Setting next_dagrun for big_finance_dag to 2022-05-13T08:44:00+00:00
[2022-05-13 10:45:53,972] {processor.py:171} INFO - Processing /home/udimini/airflow/dags/big_finance_dag.py took 0.061 seconds
[2022-05-13 10:45:59,921] {processor.py:163} INFO - Started process (PID=1124) to work on /home/udimini/airflow/dags/big_finance_dag.py
[2022-05-13 10:45:59,922] {processor.py:642} INFO - Processing file /home/udimini/airflow/dags/big_finance_dag.py for tasks to queue
[2022-05-13 10:45:59,922] {logging_mixin.py:109} INFO - [2022-05-13 10:45:59,922] {dagbag.py:500} INFO - Filling up the DagBag from /home/udimini/airflow/dags/big_finance_dag.py
[2022-05-13 10:45:59,932] {processor.py:652} INFO - DAG(s) dict_keys(['big_finance_dag']) retrieved from /home/udimini/airflow/dags/big_finance_dag.py
[2022-05-13 10:45:59,941] {logging_mixin.py:109} INFO - [2022-05-13 10:45:59,941] {dag.py:2398} INFO - Sync 1 DAGs
[2022-05-13 10:45:59,952] {logging_mixin.py:109} INFO - [2022-05-13 10:45:59,952] {dag.py:2937} INFO - Setting next_dagrun for big_finance_dag to 2022-05-13T08:44:00+00:00
[2022-05-13 10:45:59,963] {processor.py:171} INFO - Processing /home/udimini/airflow/dags/big_finance_dag.py took 0.044 seconds
[2022-05-13 10:46:05,990] {processor.py:163} INFO - Started process (PID=1125) to work on /home/udimini/airflow/dags/big_finance_dag.py
[2022-05-13 10:46:05,999] {processor.py:642} INFO - Processing file /home/udimini/airflow/dags/big_finance_dag.py for tasks to queue
[2022-05-13 10:46:05,999] {logging_mixin.py:109} INFO - [2022-05-13 10:46:05,999] {dagbag.py:500} INFO - Filling up the DagBag from /home/udimini/airflow/dags/big_finance_dag.py
[2022-05-13 10:46:06,010] {processor.py:652} INFO - DAG(s) dict_keys(['big_finance_dag']) retrieved from /home/udimini/airflow/dags/big_finance_dag.py
[2022-05-13 10:46:06,018] {logging_mixin.py:109} INFO - [2022-05-13 10:46:06,018] {dag.py:2398} INFO - Sync 1 DAGs
[2022-05-13 10:46:06,031] {logging_mixin.py:109} INFO - [2022-05-13 10:46:06,030] {dag.py:2937} INFO - Setting next_dagrun for big_finance_dag to 2022-05-13T08:45:00+00:00
[2022-05-13 10:46:06,044] {processor.py:171} INFO - Processing /home/udimini/airflow/dags/big_finance_dag.py took 0.056 seconds
[2022-05-13 10:46:12,056] {processor.py:163} INFO - Started process (PID=1126) to work on /home/udimini/airflow/dags/big_finance_dag.py
[2022-05-13 10:46:12,057] {processor.py:642} INFO - Processing file /home/udimini/airflow/dags/big_finance_dag.py for tasks to queue
[2022-05-13 10:46:12,057] {logging_mixin.py:109} INFO - [2022-05-13 10:46:12,057] {dagbag.py:500} INFO - Filling up the DagBag from /home/udimini/airflow/dags/big_finance_dag.py
[2022-05-13 10:46:12,068] {processor.py:652} INFO - DAG(s) dict_keys(['big_finance_dag']) retrieved from /home/udimini/airflow/dags/big_finance_dag.py
[2022-05-13 10:46:12,077] {logging_mixin.py:109} INFO - [2022-05-13 10:46:12,077] {dag.py:2398} INFO - Sync 1 DAGs
[2022-05-13 10:46:12,088] {logging_mixin.py:109} INFO - [2022-05-13 10:46:12,088] {dag.py:2937} INFO - Setting next_dagrun for big_finance_dag to 2022-05-13T08:45:00+00:00
[2022-05-13 10:46:12,100] {processor.py:171} INFO - Processing /home/udimini/airflow/dags/big_finance_dag.py took 0.046 seconds
[2022-05-13 10:46:18,156] {processor.py:163} INFO - Started process (PID=1127) to work on /home/udimini/airflow/dags/big_finance_dag.py
[2022-05-13 10:46:18,156] {processor.py:642} INFO - Processing file /home/udimini/airflow/dags/big_finance_dag.py for tasks to queue
[2022-05-13 10:46:18,157] {logging_mixin.py:109} INFO - [2022-05-13 10:46:18,157] {dagbag.py:500} INFO - Filling up the DagBag from /home/udimini/airflow/dags/big_finance_dag.py
[2022-05-13 10:46:18,167] {processor.py:652} INFO - DAG(s) dict_keys(['big_finance_dag']) retrieved from /home/udimini/airflow/dags/big_finance_dag.py
[2022-05-13 10:46:18,175] {logging_mixin.py:109} INFO - [2022-05-13 10:46:18,175] {dag.py:2398} INFO - Sync 1 DAGs
[2022-05-13 10:46:18,186] {logging_mixin.py:109} INFO - [2022-05-13 10:46:18,186] {dag.py:2937} INFO - Setting next_dagrun for big_finance_dag to 2022-05-13T08:45:00+00:00
[2022-05-13 10:46:18,200] {processor.py:171} INFO - Processing /home/udimini/airflow/dags/big_finance_dag.py took 0.046 seconds
