[2022-05-05 12:25:49,970] {taskinstance.py:1043} INFO - Dependencies all met for <TaskInstance: my_first_dag.task1 manual__2022-05-05T10:25:47.199076+00:00 [queued]>
[2022-05-05 12:25:49,987] {taskinstance.py:1043} INFO - Dependencies all met for <TaskInstance: my_first_dag.task1 manual__2022-05-05T10:25:47.199076+00:00 [queued]>
[2022-05-05 12:25:49,987] {taskinstance.py:1249} INFO - 
--------------------------------------------------------------------------------
[2022-05-05 12:25:49,987] {taskinstance.py:1250} INFO - Starting attempt 1 of 2
[2022-05-05 12:25:49,987] {taskinstance.py:1251} INFO - 
--------------------------------------------------------------------------------
[2022-05-05 12:25:50,012] {taskinstance.py:1270} INFO - Executing <Task(PythonOperator): task1> on 2022-05-05 10:25:47.199076+00:00
[2022-05-05 12:25:50,013] {standard_task_runner.py:52} INFO - Started process 2327 to run task
[2022-05-05 12:25:50,016] {standard_task_runner.py:79} INFO - Running: ['airflow', 'tasks', 'run', 'my_first_dag', 'task1', 'manual__2022-05-05T10:25:47.199076+00:00', '--job-id', '5', '--raw', '--subdir', 'DAGS_FOLDER/my_first_dag.py', '--cfg-path', '/tmp/tmpjcjdfn38', '--error-file', '/tmp/tmp6e2f1ni6']
[2022-05-05 12:25:50,016] {standard_task_runner.py:80} INFO - Job 5: Subtask task1
[2022-05-05 12:25:50,061] {logging_mixin.py:109} INFO - Running <TaskInstance: my_first_dag.task1 manual__2022-05-05T10:25:47.199076+00:00 [running]> on host DESKTOP-O4M0F04.localdomain
[2022-05-05 12:25:50,104] {taskinstance.py:1446} INFO - Exporting the following env vars:
AIRFLOW_CTX_DAG_EMAIL=airflow@example.com
AIRFLOW_CTX_DAG_OWNER=airflow
AIRFLOW_CTX_DAG_ID=my_first_dag
AIRFLOW_CTX_TASK_ID=task1
AIRFLOW_CTX_EXECUTION_DATE=2022-05-05T10:25:47.199076+00:00
AIRFLOW_CTX_DAG_RUN_ID=manual__2022-05-05T10:25:47.199076+00:00
[2022-05-05 12:25:50,104] {logging_mixin.py:109} INFO - Hello Airflow - This is Task 1
[2022-05-05 12:25:50,104] {python.py:175} INFO - Done. Returned value was: None
[2022-05-05 12:25:50,108] {taskinstance.py:1278} INFO - Marking task as SUCCESS. dag_id=my_first_dag, task_id=task1, execution_date=20220505T102547, start_date=20220505T102549, end_date=20220505T102550
[2022-05-05 12:25:50,149] {local_task_job.py:154} INFO - Task exited with return code 0
[2022-05-05 12:25:50,191] {local_task_job.py:264} INFO - 1 downstream tasks scheduled from follow-on schedule check
