[2022-05-24 11:17:04,680] {taskinstance.py:1043} INFO - Dependencies all met for <TaskInstance: big_finance_dag.fetch_quotation_from_GOOGL scheduled__2022-05-24T09:16:00+00:00 [queued]>
[2022-05-24 11:17:04,686] {taskinstance.py:1043} INFO - Dependencies all met for <TaskInstance: big_finance_dag.fetch_quotation_from_GOOGL scheduled__2022-05-24T09:16:00+00:00 [queued]>
[2022-05-24 11:17:04,686] {taskinstance.py:1249} INFO - 
--------------------------------------------------------------------------------
[2022-05-24 11:17:04,686] {taskinstance.py:1250} INFO - Starting attempt 1 of 2
[2022-05-24 11:17:04,686] {taskinstance.py:1251} INFO - 
--------------------------------------------------------------------------------
[2022-05-24 11:17:04,701] {taskinstance.py:1270} INFO - Executing <Task(PythonOperator): fetch_quotation_from_GOOGL> on 2022-05-24 09:16:00+00:00
[2022-05-24 11:17:04,702] {standard_task_runner.py:52} INFO - Started process 1314 to run task
[2022-05-24 11:17:04,705] {standard_task_runner.py:79} INFO - Running: ['airflow', 'tasks', 'run', 'big_finance_dag', 'fetch_quotation_from_GOOGL', 'scheduled__2022-05-24T09:16:00+00:00', '--job-id', '112', '--raw', '--subdir', 'DAGS_FOLDER/big_finance_dag.py', '--cfg-path', '/tmp/tmpfgz33j3a', '--error-file', '/tmp/tmpuxqku88o']
[2022-05-24 11:17:04,706] {standard_task_runner.py:80} INFO - Job 112: Subtask fetch_quotation_from_GOOGL
[2022-05-24 11:17:04,749] {logging_mixin.py:109} INFO - Running <TaskInstance: big_finance_dag.fetch_quotation_from_GOOGL scheduled__2022-05-24T09:16:00+00:00 [running]> on host DESKTOP-O4M0F04.localdomain
[2022-05-24 11:17:04,791] {taskinstance.py:1446} INFO - Exporting the following env vars:
AIRFLOW_CTX_DAG_EMAIL=airflow@example.com
AIRFLOW_CTX_DAG_OWNER=airflow
AIRFLOW_CTX_DAG_ID=big_finance_dag
AIRFLOW_CTX_TASK_ID=fetch_quotation_from_GOOGL
AIRFLOW_CTX_EXECUTION_DATE=2022-05-24T09:16:00+00:00
AIRFLOW_CTX_DAG_RUN_ID=scheduled__2022-05-24T09:16:00+00:00
[2022-05-24 11:17:04,822] {logging_mixin.py:109} INFO - Successful connection to mongo db
[2022-05-24 11:17:05,260] {python.py:175} INFO - Done. Returned value was: None
[2022-05-24 11:17:05,264] {taskinstance.py:1278} INFO - Marking task as SUCCESS. dag_id=big_finance_dag, task_id=fetch_quotation_from_GOOGL, execution_date=20220524T091600, start_date=20220524T091704, end_date=20220524T091705
[2022-05-24 11:17:05,318] {local_task_job.py:154} INFO - Task exited with return code 0
[2022-05-24 11:17:05,330] {local_task_job.py:264} INFO - 0 downstream tasks scheduled from follow-on schedule check
