[2022-05-05 12:27:45,828] {taskinstance.py:1043} INFO - Dependencies all met for <TaskInstance: my_first_dag.task2 manual__2022-05-05T10:27:42.987588+00:00 [queued]>
[2022-05-05 12:27:45,832] {taskinstance.py:1043} INFO - Dependencies all met for <TaskInstance: my_first_dag.task2 manual__2022-05-05T10:27:42.987588+00:00 [queued]>
[2022-05-05 12:27:45,832] {taskinstance.py:1249} INFO - 
--------------------------------------------------------------------------------
[2022-05-05 12:27:45,832] {taskinstance.py:1250} INFO - Starting attempt 1 of 2
[2022-05-05 12:27:45,832] {taskinstance.py:1251} INFO - 
--------------------------------------------------------------------------------
[2022-05-05 12:27:45,843] {taskinstance.py:1270} INFO - Executing <Task(PythonOperator): task2> on 2022-05-05 10:27:42.987588+00:00
[2022-05-05 12:27:45,844] {standard_task_runner.py:52} INFO - Started process 2451 to run task
[2022-05-05 12:27:45,846] {standard_task_runner.py:79} INFO - Running: ['airflow', 'tasks', 'run', 'my_first_dag', 'task2', 'manual__2022-05-05T10:27:42.987588+00:00', '--job-id', '8', '--raw', '--subdir', 'DAGS_FOLDER/my_first_dag.py', '--cfg-path', '/tmp/tmpjilodrzl', '--error-file', '/tmp/tmpihsq2wwr']
[2022-05-05 12:27:45,846] {standard_task_runner.py:80} INFO - Job 8: Subtask task2
[2022-05-05 12:27:45,874] {logging_mixin.py:109} INFO - Running <TaskInstance: my_first_dag.task2 manual__2022-05-05T10:27:42.987588+00:00 [running]> on host DESKTOP-O4M0F04.localdomain
[2022-05-05 12:27:45,904] {taskinstance.py:1446} INFO - Exporting the following env vars:
AIRFLOW_CTX_DAG_EMAIL=airflow@example.com
AIRFLOW_CTX_DAG_OWNER=airflow
AIRFLOW_CTX_DAG_ID=my_first_dag
AIRFLOW_CTX_TASK_ID=task2
AIRFLOW_CTX_EXECUTION_DATE=2022-05-05T10:27:42.987588+00:00
AIRFLOW_CTX_DAG_RUN_ID=manual__2022-05-05T10:27:42.987588+00:00
[2022-05-05 12:27:45,905] {logging_mixin.py:109} INFO - Hello Airflow - This is Task 2
[2022-05-05 12:27:45,905] {python.py:175} INFO - Done. Returned value was: None
[2022-05-05 12:27:45,908] {taskinstance.py:1278} INFO - Marking task as SUCCESS. dag_id=my_first_dag, task_id=task2, execution_date=20220505T102742, start_date=20220505T102745, end_date=20220505T102745
[2022-05-05 12:27:45,937] {local_task_job.py:154} INFO - Task exited with return code 0
[2022-05-05 12:27:45,946] {local_task_job.py:264} INFO - 0 downstream tasks scheduled from follow-on schedule check
