[2022-05-17 20:09:28,268] {taskinstance.py:1043} INFO - Dependencies all met for <TaskInstance: big_finance_dag.fetch_quotation_from_AAPL manual__2022-05-17T18:09:26.837929+00:00 [queued]>
[2022-05-17 20:09:28,273] {taskinstance.py:1043} INFO - Dependencies all met for <TaskInstance: big_finance_dag.fetch_quotation_from_AAPL manual__2022-05-17T18:09:26.837929+00:00 [queued]>
[2022-05-17 20:09:28,273] {taskinstance.py:1249} INFO - 
--------------------------------------------------------------------------------
[2022-05-17 20:09:28,273] {taskinstance.py:1250} INFO - Starting attempt 1 of 2
[2022-05-17 20:09:28,273] {taskinstance.py:1251} INFO - 
--------------------------------------------------------------------------------
[2022-05-17 20:09:28,284] {taskinstance.py:1270} INFO - Executing <Task(PythonOperator): fetch_quotation_from_AAPL> on 2022-05-17 18:09:26.837929+00:00
[2022-05-17 20:09:28,285] {standard_task_runner.py:52} INFO - Started process 7214 to run task
[2022-05-17 20:09:28,288] {standard_task_runner.py:79} INFO - Running: ['airflow', 'tasks', 'run', 'big_finance_dag', 'fetch_quotation_from_AAPL', 'manual__2022-05-17T18:09:26.837929+00:00', '--job-id', '32', '--raw', '--subdir', 'DAGS_FOLDER/big_finance_dag.py', '--cfg-path', '/tmp/tmpre9vkume', '--error-file', '/tmp/tmp7ptzthii']
[2022-05-17 20:09:28,288] {standard_task_runner.py:80} INFO - Job 32: Subtask fetch_quotation_from_AAPL
[2022-05-17 20:09:28,353] {logging_mixin.py:109} INFO - Running <TaskInstance: big_finance_dag.fetch_quotation_from_AAPL manual__2022-05-17T18:09:26.837929+00:00 [running]> on host DESKTOP-O4M0F04.localdomain
[2022-05-17 20:09:28,409] {taskinstance.py:1446} INFO - Exporting the following env vars:
AIRFLOW_CTX_DAG_EMAIL=airflow@example.com
AIRFLOW_CTX_DAG_OWNER=airflow
AIRFLOW_CTX_DAG_ID=big_finance_dag
AIRFLOW_CTX_TASK_ID=fetch_quotation_from_AAPL
AIRFLOW_CTX_EXECUTION_DATE=2022-05-17T18:09:26.837929+00:00
AIRFLOW_CTX_DAG_RUN_ID=manual__2022-05-17T18:09:26.837929+00:00
[2022-05-17 20:09:28,421] {logging_mixin.py:109} INFO - Successful connection to mongo db
[2022-05-17 20:09:28,915] {python.py:175} INFO - Done. Returned value was: None
[2022-05-17 20:09:28,919] {taskinstance.py:1278} INFO - Marking task as SUCCESS. dag_id=big_finance_dag, task_id=fetch_quotation_from_AAPL, execution_date=20220517T180926, start_date=20220517T180928, end_date=20220517T180928
[2022-05-17 20:09:28,947] {local_task_job.py:154} INFO - Task exited with return code 0
[2022-05-17 20:09:28,956] {local_task_job.py:264} INFO - 0 downstream tasks scheduled from follow-on schedule check
