[2022-05-28 19:44:22,553] {taskinstance.py:1043} INFO - Dependencies all met for <TaskInstance: news_dag.fetch_news_from_TSLA manual__2022-05-28T17:43:36+00:00 [queued]>
[2022-05-28 19:44:22,561] {taskinstance.py:1043} INFO - Dependencies all met for <TaskInstance: news_dag.fetch_news_from_TSLA manual__2022-05-28T17:43:36+00:00 [queued]>
[2022-05-28 19:44:22,561] {taskinstance.py:1249} INFO - 
--------------------------------------------------------------------------------
[2022-05-28 19:44:22,561] {taskinstance.py:1250} INFO - Starting attempt 1 of 2
[2022-05-28 19:44:22,561] {taskinstance.py:1251} INFO - 
--------------------------------------------------------------------------------
[2022-05-28 19:44:22,576] {taskinstance.py:1270} INFO - Executing <Task(PythonOperator): fetch_news_from_TSLA> on 2022-05-28 17:43:36+00:00
[2022-05-28 19:44:22,578] {standard_task_runner.py:52} INFO - Started process 31961 to run task
[2022-05-28 19:44:22,580] {standard_task_runner.py:79} INFO - Running: ['airflow', 'tasks', 'run', 'news_dag', 'fetch_news_from_TSLA', 'manual__2022-05-28T17:43:36+00:00', '--job-id', '248', '--raw', '--subdir', 'DAGS_FOLDER/load_news_dag.py', '--cfg-path', '/tmp/tmpso4lt5gb', '--error-file', '/tmp/tmp5rbb44kg']
[2022-05-28 19:44:22,581] {standard_task_runner.py:80} INFO - Job 248: Subtask fetch_news_from_TSLA
[2022-05-28 19:44:22,611] {logging_mixin.py:109} INFO - Running <TaskInstance: news_dag.fetch_news_from_TSLA manual__2022-05-28T17:43:36+00:00 [running]> on host DESKTOP-O4M0F04.localdomain
[2022-05-28 19:44:22,650] {taskinstance.py:1446} INFO - Exporting the following env vars:
AIRFLOW_CTX_DAG_EMAIL=airflow@example.com
AIRFLOW_CTX_DAG_OWNER=airflow
AIRFLOW_CTX_DAG_ID=news_dag
AIRFLOW_CTX_TASK_ID=fetch_news_from_TSLA
AIRFLOW_CTX_EXECUTION_DATE=2022-05-28T17:43:36+00:00
AIRFLOW_CTX_DAG_RUN_ID=manual__2022-05-28T17:43:36+00:00
[2022-05-28 19:44:22,661] {logging_mixin.py:109} INFO - Successful connection to mongo db
[2022-05-28 19:44:23,663] {python.py:175} INFO - Done. Returned value was: None
[2022-05-28 19:44:23,667] {taskinstance.py:1278} INFO - Marking task as SUCCESS. dag_id=news_dag, task_id=fetch_news_from_TSLA, execution_date=20220528T174336, start_date=20220528T174422, end_date=20220528T174423
[2022-05-28 19:44:23,723] {local_task_job.py:154} INFO - Task exited with return code 0
[2022-05-28 19:44:23,734] {local_task_job.py:264} INFO - 0 downstream tasks scheduled from follow-on schedule check
