[2022-05-05 13:49:48,028] {taskinstance.py:1043} INFO - Dependencies all met for <TaskInstance: big_finance_dag.fetch_data_from_big_finance manual__2022-05-05T11:49:46.550489+00:00 [queued]>
[2022-05-05 13:49:48,032] {taskinstance.py:1043} INFO - Dependencies all met for <TaskInstance: big_finance_dag.fetch_data_from_big_finance manual__2022-05-05T11:49:46.550489+00:00 [queued]>
[2022-05-05 13:49:48,032] {taskinstance.py:1249} INFO - 
--------------------------------------------------------------------------------
[2022-05-05 13:49:48,032] {taskinstance.py:1250} INFO - Starting attempt 1 of 2
[2022-05-05 13:49:48,032] {taskinstance.py:1251} INFO - 
--------------------------------------------------------------------------------
[2022-05-05 13:49:48,048] {taskinstance.py:1270} INFO - Executing <Task(PythonOperator): fetch_data_from_big_finance> on 2022-05-05 11:49:46.550489+00:00
[2022-05-05 13:49:48,049] {standard_task_runner.py:52} INFO - Started process 29070 to run task
[2022-05-05 13:49:48,051] {standard_task_runner.py:79} INFO - Running: ['airflow', 'tasks', 'run', 'big_finance_dag', 'fetch_data_from_big_finance', 'manual__2022-05-05T11:49:46.550489+00:00', '--job-id', '20', '--raw', '--subdir', 'DAGS_FOLDER/big_finance_dag.py', '--cfg-path', '/tmp/tmp77f_f6av', '--error-file', '/tmp/tmpilee0p0i']
[2022-05-05 13:49:48,052] {standard_task_runner.py:80} INFO - Job 20: Subtask fetch_data_from_big_finance
[2022-05-05 13:49:48,110] {logging_mixin.py:109} INFO - Running <TaskInstance: big_finance_dag.fetch_data_from_big_finance manual__2022-05-05T11:49:46.550489+00:00 [running]> on host DESKTOP-O4M0F04.localdomain
[2022-05-05 13:49:48,145] {taskinstance.py:1446} INFO - Exporting the following env vars:
AIRFLOW_CTX_DAG_EMAIL=airflow@example.com
AIRFLOW_CTX_DAG_OWNER=airflow
AIRFLOW_CTX_DAG_ID=big_finance_dag
AIRFLOW_CTX_TASK_ID=fetch_data_from_big_finance
AIRFLOW_CTX_EXECUTION_DATE=2022-05-05T11:49:46.550489+00:00
AIRFLOW_CTX_DAG_RUN_ID=manual__2022-05-05T11:49:46.550489+00:00
[2022-05-05 13:49:48,520] {logging_mixin.py:109} INFO - {'c': 166.02, 'd': 6.54, 'dp': 4.1008, 'h': 166.47, 'l': 159.26, 'o': 159.67, 'pc': 159.48, 't': 1651694403}
[2022-05-05 13:49:48,520] {python.py:175} INFO - Done. Returned value was: None
[2022-05-05 13:49:48,524] {taskinstance.py:1278} INFO - Marking task as SUCCESS. dag_id=big_finance_dag, task_id=fetch_data_from_big_finance, execution_date=20220505T114946, start_date=20220505T114948, end_date=20220505T114948
[2022-05-05 13:49:48,545] {local_task_job.py:154} INFO - Task exited with return code 0
[2022-05-05 13:49:48,554] {local_task_job.py:264} INFO - 0 downstream tasks scheduled from follow-on schedule check
