[2022-05-24 10:57:05,437] {taskinstance.py:1043} INFO - Dependencies all met for <TaskInstance: big_finance_dag.fetch_quotation_from_GOOGL scheduled__2022-05-24T08:56:00+00:00 [queued]>
[2022-05-24 10:57:05,447] {taskinstance.py:1043} INFO - Dependencies all met for <TaskInstance: big_finance_dag.fetch_quotation_from_GOOGL scheduled__2022-05-24T08:56:00+00:00 [queued]>
[2022-05-24 10:57:05,447] {taskinstance.py:1249} INFO - 
--------------------------------------------------------------------------------
[2022-05-24 10:57:05,448] {taskinstance.py:1250} INFO - Starting attempt 1 of 2
[2022-05-24 10:57:05,448] {taskinstance.py:1251} INFO - 
--------------------------------------------------------------------------------
[2022-05-24 10:57:05,465] {taskinstance.py:1270} INFO - Executing <Task(PythonOperator): fetch_quotation_from_GOOGL> on 2022-05-24 08:56:00+00:00
[2022-05-24 10:57:05,467] {standard_task_runner.py:52} INFO - Started process 25003 to run task
[2022-05-24 10:57:05,471] {standard_task_runner.py:79} INFO - Running: ['airflow', 'tasks', 'run', 'big_finance_dag', 'fetch_quotation_from_GOOGL', 'scheduled__2022-05-24T08:56:00+00:00', '--job-id', '73', '--raw', '--subdir', 'DAGS_FOLDER/big_finance_dag.py', '--cfg-path', '/tmp/tmpk3ujcb15', '--error-file', '/tmp/tmpleduz14s']
[2022-05-24 10:57:05,472] {standard_task_runner.py:80} INFO - Job 73: Subtask fetch_quotation_from_GOOGL
[2022-05-24 10:57:05,517] {logging_mixin.py:109} INFO - Running <TaskInstance: big_finance_dag.fetch_quotation_from_GOOGL scheduled__2022-05-24T08:56:00+00:00 [running]> on host DESKTOP-O4M0F04.localdomain
[2022-05-24 10:57:05,566] {taskinstance.py:1446} INFO - Exporting the following env vars:
AIRFLOW_CTX_DAG_EMAIL=airflow@example.com
AIRFLOW_CTX_DAG_OWNER=airflow
AIRFLOW_CTX_DAG_ID=big_finance_dag
AIRFLOW_CTX_TASK_ID=fetch_quotation_from_GOOGL
AIRFLOW_CTX_EXECUTION_DATE=2022-05-24T08:56:00+00:00
AIRFLOW_CTX_DAG_RUN_ID=scheduled__2022-05-24T08:56:00+00:00
[2022-05-24 10:57:05,584] {logging_mixin.py:109} INFO - Successful connection to mongo db
[2022-05-24 10:57:05,966] {python.py:175} INFO - Done. Returned value was: None
[2022-05-24 10:57:05,971] {taskinstance.py:1278} INFO - Marking task as SUCCESS. dag_id=big_finance_dag, task_id=fetch_quotation_from_GOOGL, execution_date=20220524T085600, start_date=20220524T085705, end_date=20220524T085705
[2022-05-24 10:57:06,004] {local_task_job.py:154} INFO - Task exited with return code 0
[2022-05-24 10:57:06,020] {local_task_job.py:264} INFO - 0 downstream tasks scheduled from follow-on schedule check
