[2022-05-28 19:44:20,486] {taskinstance.py:1043} INFO - Dependencies all met for <TaskInstance: news_dag.fetch_news_from_GOOGL manual__2022-05-28T17:43:36+00:00 [queued]>
[2022-05-28 19:44:20,489] {taskinstance.py:1043} INFO - Dependencies all met for <TaskInstance: news_dag.fetch_news_from_GOOGL manual__2022-05-28T17:43:36+00:00 [queued]>
[2022-05-28 19:44:20,489] {taskinstance.py:1249} INFO - 
--------------------------------------------------------------------------------
[2022-05-28 19:44:20,489] {taskinstance.py:1250} INFO - Starting attempt 1 of 2
[2022-05-28 19:44:20,489] {taskinstance.py:1251} INFO - 
--------------------------------------------------------------------------------
[2022-05-28 19:44:20,502] {taskinstance.py:1270} INFO - Executing <Task(PythonOperator): fetch_news_from_GOOGL> on 2022-05-28 17:43:36+00:00
[2022-05-28 19:44:20,503] {standard_task_runner.py:52} INFO - Started process 31951 to run task
[2022-05-28 19:44:20,506] {standard_task_runner.py:79} INFO - Running: ['airflow', 'tasks', 'run', 'news_dag', 'fetch_news_from_GOOGL', 'manual__2022-05-28T17:43:36+00:00', '--job-id', '247', '--raw', '--subdir', 'DAGS_FOLDER/load_news_dag.py', '--cfg-path', '/tmp/tmp000s42mr', '--error-file', '/tmp/tmpqe97b_94']
[2022-05-28 19:44:20,506] {standard_task_runner.py:80} INFO - Job 247: Subtask fetch_news_from_GOOGL
[2022-05-28 19:44:20,540] {logging_mixin.py:109} INFO - Running <TaskInstance: news_dag.fetch_news_from_GOOGL manual__2022-05-28T17:43:36+00:00 [running]> on host DESKTOP-O4M0F04.localdomain
[2022-05-28 19:44:20,575] {taskinstance.py:1446} INFO - Exporting the following env vars:
AIRFLOW_CTX_DAG_EMAIL=airflow@example.com
AIRFLOW_CTX_DAG_OWNER=airflow
AIRFLOW_CTX_DAG_ID=news_dag
AIRFLOW_CTX_TASK_ID=fetch_news_from_GOOGL
AIRFLOW_CTX_EXECUTION_DATE=2022-05-28T17:43:36+00:00
AIRFLOW_CTX_DAG_RUN_ID=manual__2022-05-28T17:43:36+00:00
[2022-05-28 19:44:20,587] {logging_mixin.py:109} INFO - Successful connection to mongo db
[2022-05-28 19:44:21,592] {python.py:175} INFO - Done. Returned value was: None
[2022-05-28 19:44:21,599] {taskinstance.py:1278} INFO - Marking task as SUCCESS. dag_id=news_dag, task_id=fetch_news_from_GOOGL, execution_date=20220528T174336, start_date=20220528T174420, end_date=20220528T174421
[2022-05-28 19:44:21,649] {local_task_job.py:154} INFO - Task exited with return code 0
[2022-05-28 19:44:21,659] {local_task_job.py:264} INFO - 0 downstream tasks scheduled from follow-on schedule check
