[2022-05-27 11:33:51,855] {taskinstance.py:1043} INFO - Dependencies all met for <TaskInstance: profile_dag.fetch_profile_from_AAPL scheduled__2022-05-26T09:33:49.021943+00:00 [queued]>
[2022-05-27 11:33:51,858] {taskinstance.py:1043} INFO - Dependencies all met for <TaskInstance: profile_dag.fetch_profile_from_AAPL scheduled__2022-05-26T09:33:49.021943+00:00 [queued]>
[2022-05-27 11:33:51,859] {taskinstance.py:1249} INFO - 
--------------------------------------------------------------------------------
[2022-05-27 11:33:51,859] {taskinstance.py:1250} INFO - Starting attempt 1 of 2
[2022-05-27 11:33:51,859] {taskinstance.py:1251} INFO - 
--------------------------------------------------------------------------------
[2022-05-27 11:33:51,870] {taskinstance.py:1270} INFO - Executing <Task(PythonOperator): fetch_profile_from_AAPL> on 2022-05-26 09:33:49.021943+00:00
[2022-05-27 11:33:51,871] {standard_task_runner.py:52} INFO - Started process 10301 to run task
[2022-05-27 11:33:51,873] {standard_task_runner.py:79} INFO - Running: ['airflow', 'tasks', 'run', 'profile_dag', 'fetch_profile_from_AAPL', 'scheduled__2022-05-26T09:33:49.021943+00:00', '--job-id', '120', '--raw', '--subdir', 'DAGS_FOLDER/profile_dag.py', '--cfg-path', '/tmp/tmpbt7icnhm', '--error-file', '/tmp/tmp0a66mg92']
[2022-05-27 11:33:51,874] {standard_task_runner.py:80} INFO - Job 120: Subtask fetch_profile_from_AAPL
[2022-05-27 11:33:51,902] {logging_mixin.py:109} INFO - Running <TaskInstance: profile_dag.fetch_profile_from_AAPL scheduled__2022-05-26T09:33:49.021943+00:00 [running]> on host DESKTOP-O4M0F04.localdomain
[2022-05-27 11:33:51,943] {taskinstance.py:1446} INFO - Exporting the following env vars:
AIRFLOW_CTX_DAG_EMAIL=airflow@example.com
AIRFLOW_CTX_DAG_OWNER=airflow
AIRFLOW_CTX_DAG_ID=profile_dag
AIRFLOW_CTX_TASK_ID=fetch_profile_from_AAPL
AIRFLOW_CTX_EXECUTION_DATE=2022-05-26T09:33:49.021943+00:00
AIRFLOW_CTX_DAG_RUN_ID=scheduled__2022-05-26T09:33:49.021943+00:00
[2022-05-27 11:33:52,029] {logging_mixin.py:109} INFO - Successful connection to mongo db
[2022-05-27 11:33:52,882] {python.py:175} INFO - Done. Returned value was: None
[2022-05-27 11:33:52,890] {taskinstance.py:1278} INFO - Marking task as SUCCESS. dag_id=profile_dag, task_id=fetch_profile_from_AAPL, execution_date=20220526T093349, start_date=20220527T093351, end_date=20220527T093352
[2022-05-27 11:33:52,934] {local_task_job.py:154} INFO - Task exited with return code 0
[2022-05-27 11:33:52,968] {local_task_job.py:264} INFO - 0 downstream tasks scheduled from follow-on schedule check
