[2022-05-11 11:28:02,380] {taskinstance.py:1043} INFO - Dependencies all met for <TaskInstance: big_finance_dag.fetch_data_from_big_finance_AAPL scheduled__2022-05-11T09:27:00+00:00 [queued]>
[2022-05-11 11:28:02,386] {taskinstance.py:1043} INFO - Dependencies all met for <TaskInstance: big_finance_dag.fetch_data_from_big_finance_AAPL scheduled__2022-05-11T09:27:00+00:00 [queued]>
[2022-05-11 11:28:02,386] {taskinstance.py:1249} INFO - 
--------------------------------------------------------------------------------
[2022-05-11 11:28:02,386] {taskinstance.py:1250} INFO - Starting attempt 1 of 2
[2022-05-11 11:28:02,386] {taskinstance.py:1251} INFO - 
--------------------------------------------------------------------------------
[2022-05-11 11:28:02,401] {taskinstance.py:1270} INFO - Executing <Task(PythonOperator): fetch_data_from_big_finance_AAPL> on 2022-05-11 09:27:00+00:00
[2022-05-11 11:28:02,402] {standard_task_runner.py:52} INFO - Started process 6092 to run task
[2022-05-11 11:28:02,404] {standard_task_runner.py:79} INFO - Running: ['airflow', 'tasks', 'run', 'big_finance_dag', 'fetch_data_from_big_finance_AAPL', 'scheduled__2022-05-11T09:27:00+00:00', '--job-id', '23', '--raw', '--subdir', 'DAGS_FOLDER/big_finance_dag.py', '--cfg-path', '/tmp/tmpb1z9tboj', '--error-file', '/tmp/tmp9t6qvj6k']
[2022-05-11 11:28:02,405] {standard_task_runner.py:80} INFO - Job 23: Subtask fetch_data_from_big_finance_AAPL
[2022-05-11 11:28:02,435] {logging_mixin.py:109} INFO - Running <TaskInstance: big_finance_dag.fetch_data_from_big_finance_AAPL scheduled__2022-05-11T09:27:00+00:00 [running]> on host DESKTOP-O4M0F04.localdomain
[2022-05-11 11:28:02,484] {taskinstance.py:1446} INFO - Exporting the following env vars:
AIRFLOW_CTX_DAG_EMAIL=airflow@example.com
AIRFLOW_CTX_DAG_OWNER=airflow
AIRFLOW_CTX_DAG_ID=big_finance_dag
AIRFLOW_CTX_TASK_ID=fetch_data_from_big_finance_AAPL
AIRFLOW_CTX_EXECUTION_DATE=2022-05-11T09:27:00+00:00
AIRFLOW_CTX_DAG_RUN_ID=scheduled__2022-05-11T09:27:00+00:00
[2022-05-11 11:28:02,858] {logging_mixin.py:109} INFO - {'c': 154.51, 'd': 2.45, 'dp': 1.6112, 'h': 156.74, 'l': 152.93, 'o': 155.52, 'pc': 152.06, 't': 1652212804}
[2022-05-11 11:28:02,858] {python.py:175} INFO - Done. Returned value was: {'c': 154.51, 'd': 2.45, 'dp': 1.6112, 'h': 156.74, 'l': 152.93, 'o': 155.52, 'pc': 152.06, 't': 1652212804}
[2022-05-11 11:28:02,874] {taskinstance.py:1278} INFO - Marking task as SUCCESS. dag_id=big_finance_dag, task_id=fetch_data_from_big_finance_AAPL, execution_date=20220511T092700, start_date=20220511T092802, end_date=20220511T092802
[2022-05-11 11:28:02,899] {local_task_job.py:154} INFO - Task exited with return code 0
[2022-05-11 11:28:02,908] {local_task_job.py:264} INFO - 0 downstream tasks scheduled from follow-on schedule check
