[2022-05-28 15:36:01,898] {taskinstance.py:1043} INFO - Dependencies all met for <TaskInstance: profile_dag.fetch_profile_from_TSLA scheduled__2022-05-27T13:35:31.972585+00:00 [queued]>
[2022-05-28 15:36:01,902] {taskinstance.py:1043} INFO - Dependencies all met for <TaskInstance: profile_dag.fetch_profile_from_TSLA scheduled__2022-05-27T13:35:31.972585+00:00 [queued]>
[2022-05-28 15:36:01,902] {taskinstance.py:1249} INFO - 
--------------------------------------------------------------------------------
[2022-05-28 15:36:01,902] {taskinstance.py:1250} INFO - Starting attempt 1 of 2
[2022-05-28 15:36:01,902] {taskinstance.py:1251} INFO - 
--------------------------------------------------------------------------------
[2022-05-28 15:36:01,914] {taskinstance.py:1270} INFO - Executing <Task(PythonOperator): fetch_profile_from_TSLA> on 2022-05-27 13:35:31.972585+00:00
[2022-05-28 15:36:01,915] {standard_task_runner.py:52} INFO - Started process 11782 to run task
[2022-05-28 15:36:01,917] {standard_task_runner.py:79} INFO - Running: ['airflow', 'tasks', 'run', 'profile_dag', 'fetch_profile_from_TSLA', 'scheduled__2022-05-27T13:35:31.972585+00:00', '--job-id', '128', '--raw', '--subdir', 'DAGS_FOLDER/profile_dag.py', '--cfg-path', '/tmp/tmp3yctlpvs', '--error-file', '/tmp/tmpw7hit6ob']
[2022-05-28 15:36:01,918] {standard_task_runner.py:80} INFO - Job 128: Subtask fetch_profile_from_TSLA
[2022-05-28 15:36:01,944] {logging_mixin.py:109} INFO - Running <TaskInstance: profile_dag.fetch_profile_from_TSLA scheduled__2022-05-27T13:35:31.972585+00:00 [running]> on host DESKTOP-O4M0F04.localdomain
[2022-05-28 15:36:01,977] {taskinstance.py:1446} INFO - Exporting the following env vars:
AIRFLOW_CTX_DAG_EMAIL=airflow@example.com
AIRFLOW_CTX_DAG_OWNER=airflow
AIRFLOW_CTX_DAG_ID=profile_dag
AIRFLOW_CTX_TASK_ID=fetch_profile_from_TSLA
AIRFLOW_CTX_EXECUTION_DATE=2022-05-27T13:35:31.972585+00:00
AIRFLOW_CTX_DAG_RUN_ID=scheduled__2022-05-27T13:35:31.972585+00:00
[2022-05-28 15:36:01,989] {logging_mixin.py:109} INFO - Successful connection to mongo db
[2022-05-28 15:36:06,542] {python.py:175} INFO - Done. Returned value was: None
[2022-05-28 15:36:06,548] {taskinstance.py:1278} INFO - Marking task as SUCCESS. dag_id=profile_dag, task_id=fetch_profile_from_TSLA, execution_date=20220527T133531, start_date=20220528T133601, end_date=20220528T133606
[2022-05-28 15:36:06,582] {local_task_job.py:154} INFO - Task exited with return code 0
[2022-05-28 15:36:06,599] {local_task_job.py:264} INFO - 0 downstream tasks scheduled from follow-on schedule check
