[2022-05-27 11:31:59,615] {taskinstance.py:1043} INFO - Dependencies all met for <TaskInstance: profile_dag.fetch_profile_from_GOOGL manual__2022-05-27T09:31:42.131784+00:00 [queued]>
[2022-05-27 11:31:59,619] {taskinstance.py:1043} INFO - Dependencies all met for <TaskInstance: profile_dag.fetch_profile_from_GOOGL manual__2022-05-27T09:31:42.131784+00:00 [queued]>
[2022-05-27 11:31:59,619] {taskinstance.py:1249} INFO - 
--------------------------------------------------------------------------------
[2022-05-27 11:31:59,619] {taskinstance.py:1250} INFO - Starting attempt 1 of 2
[2022-05-27 11:31:59,619] {taskinstance.py:1251} INFO - 
--------------------------------------------------------------------------------
[2022-05-27 11:31:59,632] {taskinstance.py:1270} INFO - Executing <Task(PythonOperator): fetch_profile_from_GOOGL> on 2022-05-27 09:31:42.131784+00:00
[2022-05-27 11:31:59,633] {standard_task_runner.py:52} INFO - Started process 10059 to run task
[2022-05-27 11:31:59,636] {standard_task_runner.py:79} INFO - Running: ['airflow', 'tasks', 'run', 'profile_dag', 'fetch_profile_from_GOOGL', 'manual__2022-05-27T09:31:42.131784+00:00', '--job-id', '124', '--raw', '--subdir', 'DAGS_FOLDER/profile_dag.py', '--cfg-path', '/tmp/tmp18f0shs5', '--error-file', '/tmp/tmpclv8ofbo']
[2022-05-27 11:31:59,636] {standard_task_runner.py:80} INFO - Job 124: Subtask fetch_profile_from_GOOGL
[2022-05-27 11:31:59,672] {logging_mixin.py:109} INFO - Running <TaskInstance: profile_dag.fetch_profile_from_GOOGL manual__2022-05-27T09:31:42.131784+00:00 [running]> on host DESKTOP-O4M0F04.localdomain
[2022-05-27 11:31:59,711] {taskinstance.py:1446} INFO - Exporting the following env vars:
AIRFLOW_CTX_DAG_EMAIL=airflow@example.com
AIRFLOW_CTX_DAG_OWNER=airflow
AIRFLOW_CTX_DAG_ID=profile_dag
AIRFLOW_CTX_TASK_ID=fetch_profile_from_GOOGL
AIRFLOW_CTX_EXECUTION_DATE=2022-05-27T09:31:42.131784+00:00
AIRFLOW_CTX_DAG_RUN_ID=manual__2022-05-27T09:31:42.131784+00:00
[2022-05-27 11:31:59,727] {logging_mixin.py:109} INFO - Successful connection to mongo db
[2022-05-27 11:32:00,328] {python.py:175} INFO - Done. Returned value was: None
[2022-05-27 11:32:00,341] {taskinstance.py:1278} INFO - Marking task as SUCCESS. dag_id=profile_dag, task_id=fetch_profile_from_GOOGL, execution_date=20220527T093142, start_date=20220527T093159, end_date=20220527T093200
[2022-05-27 11:32:00,414] {local_task_job.py:154} INFO - Task exited with return code 0
[2022-05-27 11:32:00,434] {local_task_job.py:264} INFO - 0 downstream tasks scheduled from follow-on schedule check
