[2022-05-22 22:09:19,133] {processor.py:163} INFO - Started process (PID=19893) to work on /home/udimini/airflow/dags/big_finance_dag.py
[2022-05-22 22:09:19,134] {processor.py:642} INFO - Processing file /home/udimini/airflow/dags/big_finance_dag.py for tasks to queue
[2022-05-22 22:09:19,134] {logging_mixin.py:109} INFO - [2022-05-22 22:09:19,134] {dagbag.py:500} INFO - Filling up the DagBag from /home/udimini/airflow/dags/big_finance_dag.py
[2022-05-22 22:09:19,194] {processor.py:652} INFO - DAG(s) dict_keys(['big_finance_dag']) retrieved from /home/udimini/airflow/dags/big_finance_dag.py
[2022-05-22 22:09:19,203] {logging_mixin.py:109} INFO - [2022-05-22 22:09:19,202] {dag.py:2398} INFO - Sync 1 DAGs
[2022-05-22 22:09:19,214] {logging_mixin.py:109} INFO - [2022-05-22 22:09:19,214] {dag.py:2937} INFO - Setting next_dagrun for big_finance_dag to 2022-05-22T20:08:00+00:00
[2022-05-22 22:09:19,231] {processor.py:171} INFO - Processing /home/udimini/airflow/dags/big_finance_dag.py took 0.100 seconds
[2022-05-22 22:09:25,189] {processor.py:163} INFO - Started process (PID=19900) to work on /home/udimini/airflow/dags/big_finance_dag.py
[2022-05-22 22:09:25,191] {processor.py:642} INFO - Processing file /home/udimini/airflow/dags/big_finance_dag.py for tasks to queue
[2022-05-22 22:09:25,193] {logging_mixin.py:109} INFO - [2022-05-22 22:09:25,192] {dagbag.py:500} INFO - Filling up the DagBag from /home/udimini/airflow/dags/big_finance_dag.py
[2022-05-22 22:09:25,258] {processor.py:652} INFO - DAG(s) dict_keys(['big_finance_dag']) retrieved from /home/udimini/airflow/dags/big_finance_dag.py
[2022-05-22 22:09:25,266] {logging_mixin.py:109} INFO - [2022-05-22 22:09:25,266] {dag.py:2398} INFO - Sync 1 DAGs
[2022-05-22 22:09:25,277] {logging_mixin.py:109} INFO - [2022-05-22 22:09:25,277] {dag.py:2937} INFO - Setting next_dagrun for big_finance_dag to 2022-05-22T20:08:00+00:00
[2022-05-22 22:09:25,294] {processor.py:171} INFO - Processing /home/udimini/airflow/dags/big_finance_dag.py took 0.114 seconds
[2022-05-22 22:09:31,365] {processor.py:163} INFO - Started process (PID=19901) to work on /home/udimini/airflow/dags/big_finance_dag.py
[2022-05-22 22:09:31,367] {processor.py:642} INFO - Processing file /home/udimini/airflow/dags/big_finance_dag.py for tasks to queue
[2022-05-22 22:09:31,368] {logging_mixin.py:109} INFO - [2022-05-22 22:09:31,368] {dagbag.py:500} INFO - Filling up the DagBag from /home/udimini/airflow/dags/big_finance_dag.py
[2022-05-22 22:09:31,504] {processor.py:652} INFO - DAG(s) dict_keys(['big_finance_dag']) retrieved from /home/udimini/airflow/dags/big_finance_dag.py
[2022-05-22 22:09:31,518] {logging_mixin.py:109} INFO - [2022-05-22 22:09:31,518] {dag.py:2398} INFO - Sync 1 DAGs
[2022-05-22 22:09:31,536] {logging_mixin.py:109} INFO - [2022-05-22 22:09:31,535] {dag.py:2937} INFO - Setting next_dagrun for big_finance_dag to 2022-05-22T20:08:00+00:00
[2022-05-22 22:09:31,547] {processor.py:171} INFO - Processing /home/udimini/airflow/dags/big_finance_dag.py took 0.197 seconds
[2022-05-22 22:09:37,403] {processor.py:163} INFO - Started process (PID=19902) to work on /home/udimini/airflow/dags/big_finance_dag.py
[2022-05-22 22:09:37,404] {processor.py:642} INFO - Processing file /home/udimini/airflow/dags/big_finance_dag.py for tasks to queue
[2022-05-22 22:09:37,405] {logging_mixin.py:109} INFO - [2022-05-22 22:09:37,405] {dagbag.py:500} INFO - Filling up the DagBag from /home/udimini/airflow/dags/big_finance_dag.py
[2022-05-22 22:09:37,454] {processor.py:652} INFO - DAG(s) dict_keys(['big_finance_dag']) retrieved from /home/udimini/airflow/dags/big_finance_dag.py
[2022-05-22 22:09:37,463] {logging_mixin.py:109} INFO - [2022-05-22 22:09:37,462] {dag.py:2398} INFO - Sync 1 DAGs
[2022-05-22 22:09:37,474] {logging_mixin.py:109} INFO - [2022-05-22 22:09:37,474] {dag.py:2937} INFO - Setting next_dagrun for big_finance_dag to 2022-05-22T20:08:00+00:00
[2022-05-22 22:09:37,488] {processor.py:171} INFO - Processing /home/udimini/airflow/dags/big_finance_dag.py took 0.087 seconds
[2022-05-22 22:09:43,520] {processor.py:163} INFO - Started process (PID=19903) to work on /home/udimini/airflow/dags/big_finance_dag.py
[2022-05-22 22:09:43,521] {processor.py:642} INFO - Processing file /home/udimini/airflow/dags/big_finance_dag.py for tasks to queue
[2022-05-22 22:09:43,522] {logging_mixin.py:109} INFO - [2022-05-22 22:09:43,522] {dagbag.py:500} INFO - Filling up the DagBag from /home/udimini/airflow/dags/big_finance_dag.py
[2022-05-22 22:09:43,589] {processor.py:652} INFO - DAG(s) dict_keys(['big_finance_dag']) retrieved from /home/udimini/airflow/dags/big_finance_dag.py
[2022-05-22 22:09:43,597] {logging_mixin.py:109} INFO - [2022-05-22 22:09:43,597] {dag.py:2398} INFO - Sync 1 DAGs
[2022-05-22 22:09:43,608] {logging_mixin.py:109} INFO - [2022-05-22 22:09:43,608] {dag.py:2937} INFO - Setting next_dagrun for big_finance_dag to 2022-05-22T20:08:00+00:00
[2022-05-22 22:09:43,628] {processor.py:171} INFO - Processing /home/udimini/airflow/dags/big_finance_dag.py took 0.112 seconds
[2022-05-22 22:09:49,146] {processor.py:163} INFO - Started process (PID=19904) to work on /home/udimini/airflow/dags/big_finance_dag.py
[2022-05-22 22:09:49,147] {processor.py:642} INFO - Processing file /home/udimini/airflow/dags/big_finance_dag.py for tasks to queue
[2022-05-22 22:09:49,148] {logging_mixin.py:109} INFO - [2022-05-22 22:09:49,148] {dagbag.py:500} INFO - Filling up the DagBag from /home/udimini/airflow/dags/big_finance_dag.py
[2022-05-22 22:09:49,199] {processor.py:652} INFO - DAG(s) dict_keys(['big_finance_dag']) retrieved from /home/udimini/airflow/dags/big_finance_dag.py
[2022-05-22 22:09:49,207] {logging_mixin.py:109} INFO - [2022-05-22 22:09:49,207] {dag.py:2398} INFO - Sync 1 DAGs
[2022-05-22 22:09:49,218] {logging_mixin.py:109} INFO - [2022-05-22 22:09:49,218] {dag.py:2937} INFO - Setting next_dagrun for big_finance_dag to 2022-05-22T20:08:00+00:00
[2022-05-22 22:09:49,232] {processor.py:171} INFO - Processing /home/udimini/airflow/dags/big_finance_dag.py took 0.088 seconds
[2022-05-22 22:09:54,556] {processor.py:163} INFO - Started process (PID=19905) to work on /home/udimini/airflow/dags/big_finance_dag.py
[2022-05-22 22:09:54,557] {processor.py:642} INFO - Processing file /home/udimini/airflow/dags/big_finance_dag.py for tasks to queue
[2022-05-22 22:09:54,559] {logging_mixin.py:109} INFO - [2022-05-22 22:09:54,559] {dagbag.py:500} INFO - Filling up the DagBag from /home/udimini/airflow/dags/big_finance_dag.py
[2022-05-22 22:09:54,620] {processor.py:652} INFO - DAG(s) dict_keys(['big_finance_dag']) retrieved from /home/udimini/airflow/dags/big_finance_dag.py
[2022-05-22 22:09:54,629] {logging_mixin.py:109} INFO - [2022-05-22 22:09:54,629] {dag.py:2398} INFO - Sync 1 DAGs
[2022-05-22 22:09:54,641] {logging_mixin.py:109} INFO - [2022-05-22 22:09:54,641] {dag.py:2937} INFO - Setting next_dagrun for big_finance_dag to 2022-05-22T20:08:00+00:00
[2022-05-22 22:09:54,655] {processor.py:171} INFO - Processing /home/udimini/airflow/dags/big_finance_dag.py took 0.103 seconds
[2022-05-22 22:09:59,894] {processor.py:163} INFO - Started process (PID=19906) to work on /home/udimini/airflow/dags/big_finance_dag.py
[2022-05-22 22:09:59,897] {processor.py:642} INFO - Processing file /home/udimini/airflow/dags/big_finance_dag.py for tasks to queue
[2022-05-22 22:09:59,899] {logging_mixin.py:109} INFO - [2022-05-22 22:09:59,898] {dagbag.py:500} INFO - Filling up the DagBag from /home/udimini/airflow/dags/big_finance_dag.py
[2022-05-22 22:09:59,983] {processor.py:652} INFO - DAG(s) dict_keys(['big_finance_dag']) retrieved from /home/udimini/airflow/dags/big_finance_dag.py
[2022-05-22 22:09:59,991] {logging_mixin.py:109} INFO - [2022-05-22 22:09:59,991] {dag.py:2398} INFO - Sync 1 DAGs
[2022-05-22 22:10:00,002] {logging_mixin.py:109} INFO - [2022-05-22 22:10:00,002] {dag.py:2937} INFO - Setting next_dagrun for big_finance_dag to 2022-05-22T20:08:00+00:00
[2022-05-22 22:10:00,029] {processor.py:171} INFO - Processing /home/udimini/airflow/dags/big_finance_dag.py took 0.142 seconds
[2022-05-22 22:10:05,177] {processor.py:163} INFO - Started process (PID=19907) to work on /home/udimini/airflow/dags/big_finance_dag.py
[2022-05-22 22:10:05,181] {processor.py:642} INFO - Processing file /home/udimini/airflow/dags/big_finance_dag.py for tasks to queue
[2022-05-22 22:10:05,183] {logging_mixin.py:109} INFO - [2022-05-22 22:10:05,182] {dagbag.py:500} INFO - Filling up the DagBag from /home/udimini/airflow/dags/big_finance_dag.py
[2022-05-22 22:10:05,261] {processor.py:652} INFO - DAG(s) dict_keys(['big_finance_dag']) retrieved from /home/udimini/airflow/dags/big_finance_dag.py
[2022-05-22 22:10:05,270] {logging_mixin.py:109} INFO - [2022-05-22 22:10:05,270] {dag.py:2398} INFO - Sync 1 DAGs
[2022-05-22 22:10:05,281] {logging_mixin.py:109} INFO - [2022-05-22 22:10:05,281] {dag.py:2937} INFO - Setting next_dagrun for big_finance_dag to 2022-05-22T20:09:00+00:00
[2022-05-22 22:10:05,309] {processor.py:171} INFO - Processing /home/udimini/airflow/dags/big_finance_dag.py took 0.142 seconds
[2022-05-22 22:10:10,466] {processor.py:163} INFO - Started process (PID=19908) to work on /home/udimini/airflow/dags/big_finance_dag.py
[2022-05-22 22:10:10,467] {processor.py:642} INFO - Processing file /home/udimini/airflow/dags/big_finance_dag.py for tasks to queue
[2022-05-22 22:10:10,468] {logging_mixin.py:109} INFO - [2022-05-22 22:10:10,468] {dagbag.py:500} INFO - Filling up the DagBag from /home/udimini/airflow/dags/big_finance_dag.py
[2022-05-22 22:10:10,530] {processor.py:652} INFO - DAG(s) dict_keys(['big_finance_dag']) retrieved from /home/udimini/airflow/dags/big_finance_dag.py
[2022-05-22 22:10:10,538] {logging_mixin.py:109} INFO - [2022-05-22 22:10:10,538] {dag.py:2398} INFO - Sync 1 DAGs
[2022-05-22 22:10:10,552] {logging_mixin.py:109} INFO - [2022-05-22 22:10:10,552] {dag.py:2937} INFO - Setting next_dagrun for big_finance_dag to 2022-05-22T20:09:00+00:00
[2022-05-22 22:10:10,564] {processor.py:171} INFO - Processing /home/udimini/airflow/dags/big_finance_dag.py took 0.100 seconds
[2022-05-22 22:10:15,715] {processor.py:163} INFO - Started process (PID=19909) to work on /home/udimini/airflow/dags/big_finance_dag.py
[2022-05-22 22:10:15,715] {processor.py:642} INFO - Processing file /home/udimini/airflow/dags/big_finance_dag.py for tasks to queue
[2022-05-22 22:10:15,716] {logging_mixin.py:109} INFO - [2022-05-22 22:10:15,716] {dagbag.py:500} INFO - Filling up the DagBag from /home/udimini/airflow/dags/big_finance_dag.py
[2022-05-22 22:10:15,775] {processor.py:652} INFO - DAG(s) dict_keys(['big_finance_dag']) retrieved from /home/udimini/airflow/dags/big_finance_dag.py
[2022-05-22 22:10:15,784] {logging_mixin.py:109} INFO - [2022-05-22 22:10:15,784] {dag.py:2398} INFO - Sync 1 DAGs
[2022-05-22 22:10:15,797] {logging_mixin.py:109} INFO - [2022-05-22 22:10:15,797] {dag.py:2937} INFO - Setting next_dagrun for big_finance_dag to 2022-05-22T20:09:00+00:00
[2022-05-22 22:10:15,812] {processor.py:171} INFO - Processing /home/udimini/airflow/dags/big_finance_dag.py took 0.099 seconds
[2022-05-22 22:10:36,174] {processor.py:163} INFO - Started process (PID=19940) to work on /home/udimini/airflow/dags/big_finance_dag.py
[2022-05-22 22:10:36,179] {processor.py:642} INFO - Processing file /home/udimini/airflow/dags/big_finance_dag.py for tasks to queue
[2022-05-22 22:10:36,181] {logging_mixin.py:109} INFO - [2022-05-22 22:10:36,180] {dagbag.py:500} INFO - Filling up the DagBag from /home/udimini/airflow/dags/big_finance_dag.py
[2022-05-22 22:10:36,318] {processor.py:652} INFO - DAG(s) dict_keys(['big_finance_dag']) retrieved from /home/udimini/airflow/dags/big_finance_dag.py
[2022-05-22 22:10:36,330] {logging_mixin.py:109} INFO - [2022-05-22 22:10:36,330] {dag.py:2398} INFO - Sync 1 DAGs
[2022-05-22 22:10:36,359] {logging_mixin.py:109} INFO - [2022-05-22 22:10:36,358] {dag.py:2937} INFO - Setting next_dagrun for big_finance_dag to 2022-05-22T20:10:00+00:00
[2022-05-22 22:10:36,378] {processor.py:171} INFO - Processing /home/udimini/airflow/dags/big_finance_dag.py took 0.207 seconds
[2022-05-22 22:10:36,518] {processor.py:163} INFO - Started process (PID=19941) to work on /home/udimini/airflow/dags/big_finance_dag.py
[2022-05-22 22:10:36,519] {processor.py:642} INFO - Processing file /home/udimini/airflow/dags/big_finance_dag.py for tasks to queue
[2022-05-22 22:10:36,520] {logging_mixin.py:109} INFO - [2022-05-22 22:10:36,520] {dagbag.py:500} INFO - Filling up the DagBag from /home/udimini/airflow/dags/big_finance_dag.py
[2022-05-22 22:10:36,610] {processor.py:652} INFO - DAG(s) dict_keys(['big_finance_dag']) retrieved from /home/udimini/airflow/dags/big_finance_dag.py
[2022-05-22 22:10:36,626] {logging_mixin.py:109} INFO - [2022-05-22 22:10:36,626] {dag.py:2398} INFO - Sync 1 DAGs
[2022-05-22 22:10:36,644] {logging_mixin.py:109} INFO - [2022-05-22 22:10:36,644] {dag.py:2937} INFO - Setting next_dagrun for big_finance_dag to 2022-05-22T20:10:00+00:00
[2022-05-22 22:10:36,659] {processor.py:171} INFO - Processing /home/udimini/airflow/dags/big_finance_dag.py took 0.144 seconds
[2022-05-22 22:10:42,211] {processor.py:163} INFO - Started process (PID=19943) to work on /home/udimini/airflow/dags/big_finance_dag.py
[2022-05-22 22:10:42,211] {processor.py:642} INFO - Processing file /home/udimini/airflow/dags/big_finance_dag.py for tasks to queue
[2022-05-22 22:10:42,212] {logging_mixin.py:109} INFO - [2022-05-22 22:10:42,212] {dagbag.py:500} INFO - Filling up the DagBag from /home/udimini/airflow/dags/big_finance_dag.py
[2022-05-22 22:10:42,307] {processor.py:652} INFO - DAG(s) dict_keys(['big_finance_dag']) retrieved from /home/udimini/airflow/dags/big_finance_dag.py
[2022-05-22 22:10:42,318] {logging_mixin.py:109} INFO - [2022-05-22 22:10:42,318] {dag.py:2398} INFO - Sync 1 DAGs
[2022-05-22 22:10:42,337] {logging_mixin.py:109} INFO - [2022-05-22 22:10:42,337] {dag.py:2937} INFO - Setting next_dagrun for big_finance_dag to 2022-05-22T20:10:00+00:00
[2022-05-22 22:10:42,354] {processor.py:171} INFO - Processing /home/udimini/airflow/dags/big_finance_dag.py took 0.146 seconds
[2022-05-22 22:10:48,370] {processor.py:163} INFO - Started process (PID=19945) to work on /home/udimini/airflow/dags/big_finance_dag.py
[2022-05-22 22:10:48,371] {processor.py:642} INFO - Processing file /home/udimini/airflow/dags/big_finance_dag.py for tasks to queue
[2022-05-22 22:10:48,372] {logging_mixin.py:109} INFO - [2022-05-22 22:10:48,372] {dagbag.py:500} INFO - Filling up the DagBag from /home/udimini/airflow/dags/big_finance_dag.py
[2022-05-22 22:10:48,487] {processor.py:652} INFO - DAG(s) dict_keys(['big_finance_dag']) retrieved from /home/udimini/airflow/dags/big_finance_dag.py
[2022-05-22 22:10:48,499] {logging_mixin.py:109} INFO - [2022-05-22 22:10:48,499] {dag.py:2398} INFO - Sync 1 DAGs
[2022-05-22 22:10:48,524] {logging_mixin.py:109} INFO - [2022-05-22 22:10:48,524] {dag.py:2937} INFO - Setting next_dagrun for big_finance_dag to 2022-05-22T20:10:00+00:00
[2022-05-22 22:10:48,542] {processor.py:171} INFO - Processing /home/udimini/airflow/dags/big_finance_dag.py took 0.176 seconds
[2022-05-22 22:10:54,545] {processor.py:163} INFO - Started process (PID=19946) to work on /home/udimini/airflow/dags/big_finance_dag.py
[2022-05-22 22:10:54,546] {processor.py:642} INFO - Processing file /home/udimini/airflow/dags/big_finance_dag.py for tasks to queue
[2022-05-22 22:10:54,547] {logging_mixin.py:109} INFO - [2022-05-22 22:10:54,547] {dagbag.py:500} INFO - Filling up the DagBag from /home/udimini/airflow/dags/big_finance_dag.py
[2022-05-22 22:10:54,689] {processor.py:652} INFO - DAG(s) dict_keys(['big_finance_dag']) retrieved from /home/udimini/airflow/dags/big_finance_dag.py
[2022-05-22 22:10:54,708] {logging_mixin.py:109} INFO - [2022-05-22 22:10:54,708] {dag.py:2398} INFO - Sync 1 DAGs
[2022-05-22 22:10:54,741] {logging_mixin.py:109} INFO - [2022-05-22 22:10:54,741] {dag.py:2937} INFO - Setting next_dagrun for big_finance_dag to 2022-05-22T20:10:00+00:00
[2022-05-22 22:10:54,763] {processor.py:171} INFO - Processing /home/udimini/airflow/dags/big_finance_dag.py took 0.223 seconds
[2022-05-22 22:11:00,682] {processor.py:163} INFO - Started process (PID=20005) to work on /home/udimini/airflow/dags/big_finance_dag.py
[2022-05-22 22:11:00,684] {processor.py:642} INFO - Processing file /home/udimini/airflow/dags/big_finance_dag.py for tasks to queue
[2022-05-22 22:11:00,685] {logging_mixin.py:109} INFO - [2022-05-22 22:11:00,685] {dagbag.py:500} INFO - Filling up the DagBag from /home/udimini/airflow/dags/big_finance_dag.py
[2022-05-22 22:11:00,935] {processor.py:652} INFO - DAG(s) dict_keys(['big_finance_dag']) retrieved from /home/udimini/airflow/dags/big_finance_dag.py
[2022-05-22 22:11:00,973] {logging_mixin.py:109} INFO - [2022-05-22 22:11:00,973] {dag.py:2398} INFO - Sync 1 DAGs
[2022-05-22 22:11:01,026] {logging_mixin.py:109} INFO - [2022-05-22 22:11:01,026] {dag.py:2937} INFO - Setting next_dagrun for big_finance_dag to 2022-05-22T20:10:00+00:00
[2022-05-22 22:11:01,093] {processor.py:171} INFO - Processing /home/udimini/airflow/dags/big_finance_dag.py took 0.423 seconds
[2022-05-22 22:11:13,446] {processor.py:163} INFO - Started process (PID=20492) to work on /home/udimini/airflow/dags/big_finance_dag.py
[2022-05-22 22:11:13,448] {processor.py:642} INFO - Processing file /home/udimini/airflow/dags/big_finance_dag.py for tasks to queue
[2022-05-22 22:11:13,448] {logging_mixin.py:109} INFO - [2022-05-22 22:11:13,448] {dagbag.py:500} INFO - Filling up the DagBag from /home/udimini/airflow/dags/big_finance_dag.py
[2022-05-22 22:11:13,535] {processor.py:652} INFO - DAG(s) dict_keys(['big_finance_dag']) retrieved from /home/udimini/airflow/dags/big_finance_dag.py
[2022-05-22 22:11:13,548] {logging_mixin.py:109} INFO - [2022-05-22 22:11:13,547] {dag.py:2398} INFO - Sync 1 DAGs
[2022-05-22 22:11:13,571] {logging_mixin.py:109} INFO - [2022-05-22 22:11:13,571] {dag.py:2937} INFO - Setting next_dagrun for big_finance_dag to 2022-05-22T20:11:00+00:00
[2022-05-22 22:11:13,609] {processor.py:171} INFO - Processing /home/udimini/airflow/dags/big_finance_dag.py took 0.166 seconds
[2022-05-22 22:11:13,746] {processor.py:163} INFO - Started process (PID=20496) to work on /home/udimini/airflow/dags/big_finance_dag.py
[2022-05-22 22:11:13,748] {processor.py:642} INFO - Processing file /home/udimini/airflow/dags/big_finance_dag.py for tasks to queue
[2022-05-22 22:11:13,749] {logging_mixin.py:109} INFO - [2022-05-22 22:11:13,749] {dagbag.py:500} INFO - Filling up the DagBag from /home/udimini/airflow/dags/big_finance_dag.py
[2022-05-22 22:11:14,078] {processor.py:652} INFO - DAG(s) dict_keys(['big_finance_dag']) retrieved from /home/udimini/airflow/dags/big_finance_dag.py
[2022-05-22 22:11:14,105] {logging_mixin.py:109} INFO - [2022-05-22 22:11:14,105] {dag.py:2398} INFO - Sync 1 DAGs
[2022-05-22 22:11:14,147] {logging_mixin.py:109} INFO - [2022-05-22 22:11:14,146] {dag.py:2937} INFO - Setting next_dagrun for big_finance_dag to 2022-05-22T20:11:00+00:00
[2022-05-22 22:11:14,196] {processor.py:171} INFO - Processing /home/udimini/airflow/dags/big_finance_dag.py took 0.464 seconds
[2022-05-22 22:11:19,519] {processor.py:163} INFO - Started process (PID=20505) to work on /home/udimini/airflow/dags/big_finance_dag.py
[2022-05-22 22:11:19,523] {processor.py:642} INFO - Processing file /home/udimini/airflow/dags/big_finance_dag.py for tasks to queue
[2022-05-22 22:11:19,524] {logging_mixin.py:109} INFO - [2022-05-22 22:11:19,524] {dagbag.py:500} INFO - Filling up the DagBag from /home/udimini/airflow/dags/big_finance_dag.py
[2022-05-22 22:11:19,704] {processor.py:652} INFO - DAG(s) dict_keys(['big_finance_dag']) retrieved from /home/udimini/airflow/dags/big_finance_dag.py
[2022-05-22 22:11:19,725] {logging_mixin.py:109} INFO - [2022-05-22 22:11:19,725] {dag.py:2398} INFO - Sync 1 DAGs
[2022-05-22 22:11:19,762] {logging_mixin.py:109} INFO - [2022-05-22 22:11:19,761] {dag.py:2937} INFO - Setting next_dagrun for big_finance_dag to 2022-05-22T20:11:00+00:00
[2022-05-22 22:11:19,779] {processor.py:171} INFO - Processing /home/udimini/airflow/dags/big_finance_dag.py took 0.269 seconds
[2022-05-22 22:11:25,592] {processor.py:163} INFO - Started process (PID=20506) to work on /home/udimini/airflow/dags/big_finance_dag.py
[2022-05-22 22:11:25,593] {processor.py:642} INFO - Processing file /home/udimini/airflow/dags/big_finance_dag.py for tasks to queue
[2022-05-22 22:11:25,593] {logging_mixin.py:109} INFO - [2022-05-22 22:11:25,593] {dagbag.py:500} INFO - Filling up the DagBag from /home/udimini/airflow/dags/big_finance_dag.py
[2022-05-22 22:11:25,650] {processor.py:652} INFO - DAG(s) dict_keys(['big_finance_dag']) retrieved from /home/udimini/airflow/dags/big_finance_dag.py
[2022-05-22 22:11:25,660] {logging_mixin.py:109} INFO - [2022-05-22 22:11:25,660] {dag.py:2398} INFO - Sync 1 DAGs
[2022-05-22 22:11:25,673] {logging_mixin.py:109} INFO - [2022-05-22 22:11:25,673] {dag.py:2937} INFO - Setting next_dagrun for big_finance_dag to 2022-05-22T20:11:00+00:00
[2022-05-22 22:11:25,684] {processor.py:171} INFO - Processing /home/udimini/airflow/dags/big_finance_dag.py took 0.095 seconds
[2022-05-22 22:11:31,667] {processor.py:163} INFO - Started process (PID=20507) to work on /home/udimini/airflow/dags/big_finance_dag.py
[2022-05-22 22:11:31,668] {processor.py:642} INFO - Processing file /home/udimini/airflow/dags/big_finance_dag.py for tasks to queue
[2022-05-22 22:11:31,669] {logging_mixin.py:109} INFO - [2022-05-22 22:11:31,669] {dagbag.py:500} INFO - Filling up the DagBag from /home/udimini/airflow/dags/big_finance_dag.py
[2022-05-22 22:11:31,767] {processor.py:652} INFO - DAG(s) dict_keys(['big_finance_dag']) retrieved from /home/udimini/airflow/dags/big_finance_dag.py
[2022-05-22 22:11:31,779] {logging_mixin.py:109} INFO - [2022-05-22 22:11:31,779] {dag.py:2398} INFO - Sync 1 DAGs
[2022-05-22 22:11:31,798] {logging_mixin.py:109} INFO - [2022-05-22 22:11:31,798] {dag.py:2937} INFO - Setting next_dagrun for big_finance_dag to 2022-05-22T20:11:00+00:00
[2022-05-22 22:11:31,813] {processor.py:171} INFO - Processing /home/udimini/airflow/dags/big_finance_dag.py took 0.150 seconds
[2022-05-22 22:11:37,743] {processor.py:163} INFO - Started process (PID=20508) to work on /home/udimini/airflow/dags/big_finance_dag.py
[2022-05-22 22:11:37,744] {processor.py:642} INFO - Processing file /home/udimini/airflow/dags/big_finance_dag.py for tasks to queue
[2022-05-22 22:11:37,745] {logging_mixin.py:109} INFO - [2022-05-22 22:11:37,745] {dagbag.py:500} INFO - Filling up the DagBag from /home/udimini/airflow/dags/big_finance_dag.py
[2022-05-22 22:11:37,856] {processor.py:652} INFO - DAG(s) dict_keys(['big_finance_dag']) retrieved from /home/udimini/airflow/dags/big_finance_dag.py
[2022-05-22 22:11:37,871] {logging_mixin.py:109} INFO - [2022-05-22 22:11:37,871] {dag.py:2398} INFO - Sync 1 DAGs
[2022-05-22 22:11:37,893] {logging_mixin.py:109} INFO - [2022-05-22 22:11:37,892] {dag.py:2937} INFO - Setting next_dagrun for big_finance_dag to 2022-05-22T20:11:00+00:00
[2022-05-22 22:11:37,908] {processor.py:171} INFO - Processing /home/udimini/airflow/dags/big_finance_dag.py took 0.167 seconds
[2022-05-22 22:11:43,460] {processor.py:163} INFO - Started process (PID=20509) to work on /home/udimini/airflow/dags/big_finance_dag.py
[2022-05-22 22:11:43,461] {processor.py:642} INFO - Processing file /home/udimini/airflow/dags/big_finance_dag.py for tasks to queue
[2022-05-22 22:11:43,462] {logging_mixin.py:109} INFO - [2022-05-22 22:11:43,462] {dagbag.py:500} INFO - Filling up the DagBag from /home/udimini/airflow/dags/big_finance_dag.py
[2022-05-22 22:11:43,542] {processor.py:652} INFO - DAG(s) dict_keys(['big_finance_dag']) retrieved from /home/udimini/airflow/dags/big_finance_dag.py
[2022-05-22 22:11:43,555] {logging_mixin.py:109} INFO - [2022-05-22 22:11:43,555] {dag.py:2398} INFO - Sync 1 DAGs
[2022-05-22 22:11:43,570] {logging_mixin.py:109} INFO - [2022-05-22 22:11:43,569] {dag.py:2937} INFO - Setting next_dagrun for big_finance_dag to 2022-05-22T20:11:00+00:00
[2022-05-22 22:11:43,583] {processor.py:171} INFO - Processing /home/udimini/airflow/dags/big_finance_dag.py took 0.125 seconds
[2022-05-22 22:11:48,725] {processor.py:163} INFO - Started process (PID=20510) to work on /home/udimini/airflow/dags/big_finance_dag.py
[2022-05-22 22:11:48,726] {processor.py:642} INFO - Processing file /home/udimini/airflow/dags/big_finance_dag.py for tasks to queue
[2022-05-22 22:11:48,726] {logging_mixin.py:109} INFO - [2022-05-22 22:11:48,726] {dagbag.py:500} INFO - Filling up the DagBag from /home/udimini/airflow/dags/big_finance_dag.py
[2022-05-22 22:11:48,793] {processor.py:652} INFO - DAG(s) dict_keys(['big_finance_dag']) retrieved from /home/udimini/airflow/dags/big_finance_dag.py
[2022-05-22 22:11:48,803] {logging_mixin.py:109} INFO - [2022-05-22 22:11:48,802] {dag.py:2398} INFO - Sync 1 DAGs
[2022-05-22 22:11:48,816] {logging_mixin.py:109} INFO - [2022-05-22 22:11:48,816] {dag.py:2937} INFO - Setting next_dagrun for big_finance_dag to 2022-05-22T20:11:00+00:00
[2022-05-22 22:11:48,829] {processor.py:171} INFO - Processing /home/udimini/airflow/dags/big_finance_dag.py took 0.107 seconds
[2022-05-22 22:11:53,973] {processor.py:163} INFO - Started process (PID=20511) to work on /home/udimini/airflow/dags/big_finance_dag.py
[2022-05-22 22:11:53,974] {processor.py:642} INFO - Processing file /home/udimini/airflow/dags/big_finance_dag.py for tasks to queue
[2022-05-22 22:11:53,975] {logging_mixin.py:109} INFO - [2022-05-22 22:11:53,975] {dagbag.py:500} INFO - Filling up the DagBag from /home/udimini/airflow/dags/big_finance_dag.py
[2022-05-22 22:11:54,031] {processor.py:652} INFO - DAG(s) dict_keys(['big_finance_dag']) retrieved from /home/udimini/airflow/dags/big_finance_dag.py
[2022-05-22 22:11:54,040] {logging_mixin.py:109} INFO - [2022-05-22 22:11:54,040] {dag.py:2398} INFO - Sync 1 DAGs
[2022-05-22 22:11:54,053] {logging_mixin.py:109} INFO - [2022-05-22 22:11:54,052] {dag.py:2937} INFO - Setting next_dagrun for big_finance_dag to 2022-05-22T20:11:00+00:00
[2022-05-22 22:11:54,070] {processor.py:171} INFO - Processing /home/udimini/airflow/dags/big_finance_dag.py took 0.099 seconds
[2022-05-22 22:11:59,232] {processor.py:163} INFO - Started process (PID=20512) to work on /home/udimini/airflow/dags/big_finance_dag.py
[2022-05-22 22:11:59,235] {processor.py:642} INFO - Processing file /home/udimini/airflow/dags/big_finance_dag.py for tasks to queue
[2022-05-22 22:11:59,236] {logging_mixin.py:109} INFO - [2022-05-22 22:11:59,236] {dagbag.py:500} INFO - Filling up the DagBag from /home/udimini/airflow/dags/big_finance_dag.py
[2022-05-22 22:11:59,307] {processor.py:652} INFO - DAG(s) dict_keys(['big_finance_dag']) retrieved from /home/udimini/airflow/dags/big_finance_dag.py
[2022-05-22 22:11:59,315] {logging_mixin.py:109} INFO - [2022-05-22 22:11:59,315] {dag.py:2398} INFO - Sync 1 DAGs
[2022-05-22 22:11:59,326] {logging_mixin.py:109} INFO - [2022-05-22 22:11:59,326] {dag.py:2937} INFO - Setting next_dagrun for big_finance_dag to 2022-05-22T20:11:00+00:00
[2022-05-22 22:11:59,337] {processor.py:171} INFO - Processing /home/udimini/airflow/dags/big_finance_dag.py took 0.112 seconds
[2022-05-22 22:12:07,582] {processor.py:163} INFO - Started process (PID=20543) to work on /home/udimini/airflow/dags/big_finance_dag.py
[2022-05-22 22:12:07,583] {processor.py:642} INFO - Processing file /home/udimini/airflow/dags/big_finance_dag.py for tasks to queue
[2022-05-22 22:12:07,584] {logging_mixin.py:109} INFO - [2022-05-22 22:12:07,584] {dagbag.py:500} INFO - Filling up the DagBag from /home/udimini/airflow/dags/big_finance_dag.py
[2022-05-22 22:12:07,657] {processor.py:652} INFO - DAG(s) dict_keys(['big_finance_dag']) retrieved from /home/udimini/airflow/dags/big_finance_dag.py
[2022-05-22 22:12:07,668] {logging_mixin.py:109} INFO - [2022-05-22 22:12:07,667] {dag.py:2398} INFO - Sync 1 DAGs
[2022-05-22 22:12:07,684] {logging_mixin.py:109} INFO - [2022-05-22 22:12:07,683] {dag.py:2937} INFO - Setting next_dagrun for big_finance_dag to 2022-05-22T20:12:00+00:00
[2022-05-22 22:12:07,699] {processor.py:171} INFO - Processing /home/udimini/airflow/dags/big_finance_dag.py took 0.119 seconds
[2022-05-22 22:12:07,816] {processor.py:163} INFO - Started process (PID=20544) to work on /home/udimini/airflow/dags/big_finance_dag.py
[2022-05-22 22:12:07,818] {processor.py:642} INFO - Processing file /home/udimini/airflow/dags/big_finance_dag.py for tasks to queue
[2022-05-22 22:12:07,819] {logging_mixin.py:109} INFO - [2022-05-22 22:12:07,819] {dagbag.py:500} INFO - Filling up the DagBag from /home/udimini/airflow/dags/big_finance_dag.py
[2022-05-22 22:12:07,901] {processor.py:652} INFO - DAG(s) dict_keys(['big_finance_dag']) retrieved from /home/udimini/airflow/dags/big_finance_dag.py
[2022-05-22 22:12:07,916] {logging_mixin.py:109} INFO - [2022-05-22 22:12:07,916] {dag.py:2398} INFO - Sync 1 DAGs
[2022-05-22 22:12:07,929] {logging_mixin.py:109} INFO - [2022-05-22 22:12:07,929] {dag.py:2937} INFO - Setting next_dagrun for big_finance_dag to 2022-05-22T20:12:00+00:00
[2022-05-22 22:12:07,943] {processor.py:171} INFO - Processing /home/udimini/airflow/dags/big_finance_dag.py took 0.130 seconds
[2022-05-22 22:12:13,624] {processor.py:163} INFO - Started process (PID=20545) to work on /home/udimini/airflow/dags/big_finance_dag.py
[2022-05-22 22:12:13,625] {processor.py:642} INFO - Processing file /home/udimini/airflow/dags/big_finance_dag.py for tasks to queue
[2022-05-22 22:12:13,625] {logging_mixin.py:109} INFO - [2022-05-22 22:12:13,625] {dagbag.py:500} INFO - Filling up the DagBag from /home/udimini/airflow/dags/big_finance_dag.py
[2022-05-22 22:12:13,679] {processor.py:652} INFO - DAG(s) dict_keys(['big_finance_dag']) retrieved from /home/udimini/airflow/dags/big_finance_dag.py
[2022-05-22 22:12:13,688] {logging_mixin.py:109} INFO - [2022-05-22 22:12:13,688] {dag.py:2398} INFO - Sync 1 DAGs
[2022-05-22 22:12:13,700] {logging_mixin.py:109} INFO - [2022-05-22 22:12:13,700] {dag.py:2937} INFO - Setting next_dagrun for big_finance_dag to 2022-05-22T20:12:00+00:00
[2022-05-22 22:12:13,711] {processor.py:171} INFO - Processing /home/udimini/airflow/dags/big_finance_dag.py took 0.089 seconds
[2022-05-22 22:12:19,755] {processor.py:163} INFO - Started process (PID=20547) to work on /home/udimini/airflow/dags/big_finance_dag.py
[2022-05-22 22:12:19,758] {processor.py:642} INFO - Processing file /home/udimini/airflow/dags/big_finance_dag.py for tasks to queue
[2022-05-22 22:12:19,759] {logging_mixin.py:109} INFO - [2022-05-22 22:12:19,759] {dagbag.py:500} INFO - Filling up the DagBag from /home/udimini/airflow/dags/big_finance_dag.py
[2022-05-22 22:12:19,829] {processor.py:652} INFO - DAG(s) dict_keys(['big_finance_dag']) retrieved from /home/udimini/airflow/dags/big_finance_dag.py
[2022-05-22 22:12:19,838] {logging_mixin.py:109} INFO - [2022-05-22 22:12:19,838] {dag.py:2398} INFO - Sync 1 DAGs
[2022-05-22 22:12:19,850] {logging_mixin.py:109} INFO - [2022-05-22 22:12:19,850] {dag.py:2937} INFO - Setting next_dagrun for big_finance_dag to 2022-05-22T20:12:00+00:00
[2022-05-22 22:12:19,867] {processor.py:171} INFO - Processing /home/udimini/airflow/dags/big_finance_dag.py took 0.117 seconds
[2022-05-22 22:12:25,813] {processor.py:163} INFO - Started process (PID=20549) to work on /home/udimini/airflow/dags/big_finance_dag.py
[2022-05-22 22:12:25,816] {processor.py:642} INFO - Processing file /home/udimini/airflow/dags/big_finance_dag.py for tasks to queue
[2022-05-22 22:12:25,818] {logging_mixin.py:109} INFO - [2022-05-22 22:12:25,817] {dagbag.py:500} INFO - Filling up the DagBag from /home/udimini/airflow/dags/big_finance_dag.py
[2022-05-22 22:12:25,887] {processor.py:652} INFO - DAG(s) dict_keys(['big_finance_dag']) retrieved from /home/udimini/airflow/dags/big_finance_dag.py
[2022-05-22 22:12:25,895] {logging_mixin.py:109} INFO - [2022-05-22 22:12:25,895] {dag.py:2398} INFO - Sync 1 DAGs
[2022-05-22 22:12:25,907] {logging_mixin.py:109} INFO - [2022-05-22 22:12:25,907] {dag.py:2937} INFO - Setting next_dagrun for big_finance_dag to 2022-05-22T20:12:00+00:00
[2022-05-22 22:12:25,918] {processor.py:171} INFO - Processing /home/udimini/airflow/dags/big_finance_dag.py took 0.110 seconds
[2022-05-22 22:12:31,898] {processor.py:163} INFO - Started process (PID=20560) to work on /home/udimini/airflow/dags/big_finance_dag.py
[2022-05-22 22:12:31,900] {processor.py:642} INFO - Processing file /home/udimini/airflow/dags/big_finance_dag.py for tasks to queue
[2022-05-22 22:12:31,901] {logging_mixin.py:109} INFO - [2022-05-22 22:12:31,900] {dagbag.py:500} INFO - Filling up the DagBag from /home/udimini/airflow/dags/big_finance_dag.py
[2022-05-22 22:12:31,975] {processor.py:652} INFO - DAG(s) dict_keys(['big_finance_dag']) retrieved from /home/udimini/airflow/dags/big_finance_dag.py
[2022-05-22 22:12:31,984] {logging_mixin.py:109} INFO - [2022-05-22 22:12:31,984] {dag.py:2398} INFO - Sync 1 DAGs
[2022-05-22 22:12:31,999] {logging_mixin.py:109} INFO - [2022-05-22 22:12:31,999] {dag.py:2937} INFO - Setting next_dagrun for big_finance_dag to 2022-05-22T20:12:00+00:00
[2022-05-22 22:12:32,014] {processor.py:171} INFO - Processing /home/udimini/airflow/dags/big_finance_dag.py took 0.125 seconds
[2022-05-22 22:12:37,880] {processor.py:163} INFO - Started process (PID=20562) to work on /home/udimini/airflow/dags/big_finance_dag.py
[2022-05-22 22:12:37,881] {processor.py:642} INFO - Processing file /home/udimini/airflow/dags/big_finance_dag.py for tasks to queue
[2022-05-22 22:12:37,882] {logging_mixin.py:109} INFO - [2022-05-22 22:12:37,881] {dagbag.py:500} INFO - Filling up the DagBag from /home/udimini/airflow/dags/big_finance_dag.py
[2022-05-22 22:12:37,951] {processor.py:652} INFO - DAG(s) dict_keys(['big_finance_dag']) retrieved from /home/udimini/airflow/dags/big_finance_dag.py
[2022-05-22 22:12:37,961] {logging_mixin.py:109} INFO - [2022-05-22 22:12:37,961] {dag.py:2398} INFO - Sync 1 DAGs
[2022-05-22 22:12:37,976] {logging_mixin.py:109} INFO - [2022-05-22 22:12:37,976] {dag.py:2937} INFO - Setting next_dagrun for big_finance_dag to 2022-05-22T20:12:00+00:00
[2022-05-22 22:12:37,989] {processor.py:171} INFO - Processing /home/udimini/airflow/dags/big_finance_dag.py took 0.112 seconds
[2022-05-22 22:12:43,139] {processor.py:163} INFO - Started process (PID=20563) to work on /home/udimini/airflow/dags/big_finance_dag.py
[2022-05-22 22:12:43,141] {processor.py:642} INFO - Processing file /home/udimini/airflow/dags/big_finance_dag.py for tasks to queue
[2022-05-22 22:12:43,142] {logging_mixin.py:109} INFO - [2022-05-22 22:12:43,142] {dagbag.py:500} INFO - Filling up the DagBag from /home/udimini/airflow/dags/big_finance_dag.py
[2022-05-22 22:12:43,234] {processor.py:652} INFO - DAG(s) dict_keys(['big_finance_dag']) retrieved from /home/udimini/airflow/dags/big_finance_dag.py
[2022-05-22 22:12:43,244] {logging_mixin.py:109} INFO - [2022-05-22 22:12:43,244] {dag.py:2398} INFO - Sync 1 DAGs
[2022-05-22 22:12:43,258] {logging_mixin.py:109} INFO - [2022-05-22 22:12:43,258] {dag.py:2937} INFO - Setting next_dagrun for big_finance_dag to 2022-05-22T20:12:00+00:00
[2022-05-22 22:12:43,271] {processor.py:171} INFO - Processing /home/udimini/airflow/dags/big_finance_dag.py took 0.137 seconds
[2022-05-22 22:12:48,400] {processor.py:163} INFO - Started process (PID=20564) to work on /home/udimini/airflow/dags/big_finance_dag.py
[2022-05-22 22:12:48,401] {processor.py:642} INFO - Processing file /home/udimini/airflow/dags/big_finance_dag.py for tasks to queue
[2022-05-22 22:12:48,402] {logging_mixin.py:109} INFO - [2022-05-22 22:12:48,402] {dagbag.py:500} INFO - Filling up the DagBag from /home/udimini/airflow/dags/big_finance_dag.py
[2022-05-22 22:12:48,460] {processor.py:652} INFO - DAG(s) dict_keys(['big_finance_dag']) retrieved from /home/udimini/airflow/dags/big_finance_dag.py
[2022-05-22 22:12:48,471] {logging_mixin.py:109} INFO - [2022-05-22 22:12:48,471] {dag.py:2398} INFO - Sync 1 DAGs
[2022-05-22 22:12:48,484] {logging_mixin.py:109} INFO - [2022-05-22 22:12:48,484] {dag.py:2937} INFO - Setting next_dagrun for big_finance_dag to 2022-05-22T20:12:00+00:00
[2022-05-22 22:12:48,497] {processor.py:171} INFO - Processing /home/udimini/airflow/dags/big_finance_dag.py took 0.101 seconds
[2022-05-22 22:12:53,688] {processor.py:163} INFO - Started process (PID=20565) to work on /home/udimini/airflow/dags/big_finance_dag.py
[2022-05-22 22:12:53,690] {processor.py:642} INFO - Processing file /home/udimini/airflow/dags/big_finance_dag.py for tasks to queue
[2022-05-22 22:12:53,691] {logging_mixin.py:109} INFO - [2022-05-22 22:12:53,691] {dagbag.py:500} INFO - Filling up the DagBag from /home/udimini/airflow/dags/big_finance_dag.py
[2022-05-22 22:12:53,758] {processor.py:652} INFO - DAG(s) dict_keys(['big_finance_dag']) retrieved from /home/udimini/airflow/dags/big_finance_dag.py
[2022-05-22 22:12:53,767] {logging_mixin.py:109} INFO - [2022-05-22 22:12:53,766] {dag.py:2398} INFO - Sync 1 DAGs
[2022-05-22 22:12:53,778] {logging_mixin.py:109} INFO - [2022-05-22 22:12:53,778] {dag.py:2937} INFO - Setting next_dagrun for big_finance_dag to 2022-05-22T20:12:00+00:00
[2022-05-22 22:12:53,791] {processor.py:171} INFO - Processing /home/udimini/airflow/dags/big_finance_dag.py took 0.108 seconds
[2022-05-22 22:12:58,955] {processor.py:163} INFO - Started process (PID=20572) to work on /home/udimini/airflow/dags/big_finance_dag.py
[2022-05-22 22:12:58,958] {processor.py:642} INFO - Processing file /home/udimini/airflow/dags/big_finance_dag.py for tasks to queue
[2022-05-22 22:12:58,959] {logging_mixin.py:109} INFO - [2022-05-22 22:12:58,959] {dagbag.py:500} INFO - Filling up the DagBag from /home/udimini/airflow/dags/big_finance_dag.py
[2022-05-22 22:12:59,020] {processor.py:652} INFO - DAG(s) dict_keys(['big_finance_dag']) retrieved from /home/udimini/airflow/dags/big_finance_dag.py
[2022-05-22 22:12:59,028] {logging_mixin.py:109} INFO - [2022-05-22 22:12:59,028] {dag.py:2398} INFO - Sync 1 DAGs
[2022-05-22 22:12:59,039] {logging_mixin.py:109} INFO - [2022-05-22 22:12:59,039] {dag.py:2937} INFO - Setting next_dagrun for big_finance_dag to 2022-05-22T20:12:00+00:00
[2022-05-22 22:12:59,051] {processor.py:171} INFO - Processing /home/udimini/airflow/dags/big_finance_dag.py took 0.102 seconds
[2022-05-22 22:13:06,903] {processor.py:163} INFO - Started process (PID=20603) to work on /home/udimini/airflow/dags/big_finance_dag.py
[2022-05-22 22:13:06,904] {processor.py:642} INFO - Processing file /home/udimini/airflow/dags/big_finance_dag.py for tasks to queue
[2022-05-22 22:13:06,904] {logging_mixin.py:109} INFO - [2022-05-22 22:13:06,904] {dagbag.py:500} INFO - Filling up the DagBag from /home/udimini/airflow/dags/big_finance_dag.py
[2022-05-22 22:13:06,967] {processor.py:652} INFO - DAG(s) dict_keys(['big_finance_dag']) retrieved from /home/udimini/airflow/dags/big_finance_dag.py
[2022-05-22 22:13:06,976] {logging_mixin.py:109} INFO - [2022-05-22 22:13:06,976] {dag.py:2398} INFO - Sync 1 DAGs
[2022-05-22 22:13:06,990] {logging_mixin.py:109} INFO - [2022-05-22 22:13:06,990] {dag.py:2937} INFO - Setting next_dagrun for big_finance_dag to 2022-05-22T20:13:00+00:00
[2022-05-22 22:13:07,021] {processor.py:171} INFO - Processing /home/udimini/airflow/dags/big_finance_dag.py took 0.120 seconds
[2022-05-22 22:13:07,151] {processor.py:163} INFO - Started process (PID=20604) to work on /home/udimini/airflow/dags/big_finance_dag.py
[2022-05-22 22:13:07,152] {processor.py:642} INFO - Processing file /home/udimini/airflow/dags/big_finance_dag.py for tasks to queue
[2022-05-22 22:13:07,152] {logging_mixin.py:109} INFO - [2022-05-22 22:13:07,152] {dagbag.py:500} INFO - Filling up the DagBag from /home/udimini/airflow/dags/big_finance_dag.py
[2022-05-22 22:13:07,208] {processor.py:652} INFO - DAG(s) dict_keys(['big_finance_dag']) retrieved from /home/udimini/airflow/dags/big_finance_dag.py
[2022-05-22 22:13:07,219] {logging_mixin.py:109} INFO - [2022-05-22 22:13:07,219] {dag.py:2398} INFO - Sync 1 DAGs
[2022-05-22 22:13:07,229] {logging_mixin.py:109} INFO - [2022-05-22 22:13:07,229] {dag.py:2937} INFO - Setting next_dagrun for big_finance_dag to 2022-05-22T20:13:00+00:00
[2022-05-22 22:13:07,241] {processor.py:171} INFO - Processing /home/udimini/airflow/dags/big_finance_dag.py took 0.092 seconds
[2022-05-22 22:13:12,953] {processor.py:163} INFO - Started process (PID=20619) to work on /home/udimini/airflow/dags/big_finance_dag.py
[2022-05-22 22:13:12,954] {processor.py:642} INFO - Processing file /home/udimini/airflow/dags/big_finance_dag.py for tasks to queue
[2022-05-22 22:13:12,955] {logging_mixin.py:109} INFO - [2022-05-22 22:13:12,954] {dagbag.py:500} INFO - Filling up the DagBag from /home/udimini/airflow/dags/big_finance_dag.py
[2022-05-22 22:13:13,023] {processor.py:652} INFO - DAG(s) dict_keys(['big_finance_dag']) retrieved from /home/udimini/airflow/dags/big_finance_dag.py
[2022-05-22 22:13:13,034] {logging_mixin.py:109} INFO - [2022-05-22 22:13:13,034] {dag.py:2398} INFO - Sync 1 DAGs
[2022-05-22 22:13:13,049] {logging_mixin.py:109} INFO - [2022-05-22 22:13:13,049] {dag.py:2937} INFO - Setting next_dagrun for big_finance_dag to 2022-05-22T20:13:00+00:00
[2022-05-22 22:13:13,063] {processor.py:171} INFO - Processing /home/udimini/airflow/dags/big_finance_dag.py took 0.112 seconds
[2022-05-22 22:13:19,100] {processor.py:163} INFO - Started process (PID=20645) to work on /home/udimini/airflow/dags/big_finance_dag.py
[2022-05-22 22:13:19,114] {processor.py:642} INFO - Processing file /home/udimini/airflow/dags/big_finance_dag.py for tasks to queue
[2022-05-22 22:13:19,115] {logging_mixin.py:109} INFO - [2022-05-22 22:13:19,115] {dagbag.py:500} INFO - Filling up the DagBag from /home/udimini/airflow/dags/big_finance_dag.py
[2022-05-22 22:13:19,288] {processor.py:652} INFO - DAG(s) dict_keys(['big_finance_dag']) retrieved from /home/udimini/airflow/dags/big_finance_dag.py
[2022-05-22 22:13:19,299] {logging_mixin.py:109} INFO - [2022-05-22 22:13:19,299] {dag.py:2398} INFO - Sync 1 DAGs
[2022-05-22 22:13:19,345] {logging_mixin.py:109} INFO - [2022-05-22 22:13:19,345] {dag.py:2937} INFO - Setting next_dagrun for big_finance_dag to 2022-05-22T20:13:00+00:00
[2022-05-22 22:13:19,377] {processor.py:171} INFO - Processing /home/udimini/airflow/dags/big_finance_dag.py took 0.288 seconds
[2022-05-22 22:13:25,150] {processor.py:163} INFO - Started process (PID=20654) to work on /home/udimini/airflow/dags/big_finance_dag.py
[2022-05-22 22:13:25,152] {processor.py:642} INFO - Processing file /home/udimini/airflow/dags/big_finance_dag.py for tasks to queue
[2022-05-22 22:13:25,153] {logging_mixin.py:109} INFO - [2022-05-22 22:13:25,153] {dagbag.py:500} INFO - Filling up the DagBag from /home/udimini/airflow/dags/big_finance_dag.py
[2022-05-22 22:13:25,216] {processor.py:652} INFO - DAG(s) dict_keys(['big_finance_dag']) retrieved from /home/udimini/airflow/dags/big_finance_dag.py
[2022-05-22 22:13:25,225] {logging_mixin.py:109} INFO - [2022-05-22 22:13:25,225] {dag.py:2398} INFO - Sync 1 DAGs
[2022-05-22 22:13:25,240] {logging_mixin.py:109} INFO - [2022-05-22 22:13:25,240] {dag.py:2937} INFO - Setting next_dagrun for big_finance_dag to 2022-05-22T20:13:00+00:00
[2022-05-22 22:13:25,255] {processor.py:171} INFO - Processing /home/udimini/airflow/dags/big_finance_dag.py took 0.107 seconds
[2022-05-22 22:13:31,046] {processor.py:163} INFO - Started process (PID=20655) to work on /home/udimini/airflow/dags/big_finance_dag.py
[2022-05-22 22:13:31,047] {processor.py:642} INFO - Processing file /home/udimini/airflow/dags/big_finance_dag.py for tasks to queue
[2022-05-22 22:13:31,048] {logging_mixin.py:109} INFO - [2022-05-22 22:13:31,048] {dagbag.py:500} INFO - Filling up the DagBag from /home/udimini/airflow/dags/big_finance_dag.py
[2022-05-22 22:13:31,101] {processor.py:652} INFO - DAG(s) dict_keys(['big_finance_dag']) retrieved from /home/udimini/airflow/dags/big_finance_dag.py
[2022-05-22 22:13:31,109] {logging_mixin.py:109} INFO - [2022-05-22 22:13:31,109] {dag.py:2398} INFO - Sync 1 DAGs
[2022-05-22 22:13:31,120] {logging_mixin.py:109} INFO - [2022-05-22 22:13:31,120] {dag.py:2937} INFO - Setting next_dagrun for big_finance_dag to 2022-05-22T20:13:00+00:00
[2022-05-22 22:13:31,132] {processor.py:171} INFO - Processing /home/udimini/airflow/dags/big_finance_dag.py took 0.088 seconds
[2022-05-22 22:13:36,304] {processor.py:163} INFO - Started process (PID=20656) to work on /home/udimini/airflow/dags/big_finance_dag.py
[2022-05-22 22:13:36,307] {processor.py:642} INFO - Processing file /home/udimini/airflow/dags/big_finance_dag.py for tasks to queue
[2022-05-22 22:13:36,308] {logging_mixin.py:109} INFO - [2022-05-22 22:13:36,308] {dagbag.py:500} INFO - Filling up the DagBag from /home/udimini/airflow/dags/big_finance_dag.py
[2022-05-22 22:13:36,384] {processor.py:652} INFO - DAG(s) dict_keys(['big_finance_dag']) retrieved from /home/udimini/airflow/dags/big_finance_dag.py
[2022-05-22 22:13:36,392] {logging_mixin.py:109} INFO - [2022-05-22 22:13:36,392] {dag.py:2398} INFO - Sync 1 DAGs
[2022-05-22 22:13:36,406] {logging_mixin.py:109} INFO - [2022-05-22 22:13:36,406] {dag.py:2937} INFO - Setting next_dagrun for big_finance_dag to 2022-05-22T20:13:00+00:00
[2022-05-22 22:13:36,419] {processor.py:171} INFO - Processing /home/udimini/airflow/dags/big_finance_dag.py took 0.120 seconds
[2022-05-22 22:13:42,279] {processor.py:163} INFO - Started process (PID=20657) to work on /home/udimini/airflow/dags/big_finance_dag.py
[2022-05-22 22:13:42,281] {processor.py:642} INFO - Processing file /home/udimini/airflow/dags/big_finance_dag.py for tasks to queue
[2022-05-22 22:13:42,281] {logging_mixin.py:109} INFO - [2022-05-22 22:13:42,281] {dagbag.py:500} INFO - Filling up the DagBag from /home/udimini/airflow/dags/big_finance_dag.py
[2022-05-22 22:13:42,339] {processor.py:652} INFO - DAG(s) dict_keys(['big_finance_dag']) retrieved from /home/udimini/airflow/dags/big_finance_dag.py
[2022-05-22 22:13:42,349] {logging_mixin.py:109} INFO - [2022-05-22 22:13:42,348] {dag.py:2398} INFO - Sync 1 DAGs
[2022-05-22 22:13:42,361] {logging_mixin.py:109} INFO - [2022-05-22 22:13:42,361] {dag.py:2937} INFO - Setting next_dagrun for big_finance_dag to 2022-05-22T20:13:00+00:00
[2022-05-22 22:13:42,373] {processor.py:171} INFO - Processing /home/udimini/airflow/dags/big_finance_dag.py took 0.097 seconds
[2022-05-22 22:13:47,531] {processor.py:163} INFO - Started process (PID=20658) to work on /home/udimini/airflow/dags/big_finance_dag.py
[2022-05-22 22:13:47,533] {processor.py:642} INFO - Processing file /home/udimini/airflow/dags/big_finance_dag.py for tasks to queue
[2022-05-22 22:13:47,534] {logging_mixin.py:109} INFO - [2022-05-22 22:13:47,534] {dagbag.py:500} INFO - Filling up the DagBag from /home/udimini/airflow/dags/big_finance_dag.py
[2022-05-22 22:13:47,595] {processor.py:652} INFO - DAG(s) dict_keys(['big_finance_dag']) retrieved from /home/udimini/airflow/dags/big_finance_dag.py
[2022-05-22 22:13:47,603] {logging_mixin.py:109} INFO - [2022-05-22 22:13:47,603] {dag.py:2398} INFO - Sync 1 DAGs
[2022-05-22 22:13:47,615] {logging_mixin.py:109} INFO - [2022-05-22 22:13:47,615] {dag.py:2937} INFO - Setting next_dagrun for big_finance_dag to 2022-05-22T20:13:00+00:00
[2022-05-22 22:13:47,628] {processor.py:171} INFO - Processing /home/udimini/airflow/dags/big_finance_dag.py took 0.102 seconds
[2022-05-22 22:13:52,789] {processor.py:163} INFO - Started process (PID=20659) to work on /home/udimini/airflow/dags/big_finance_dag.py
[2022-05-22 22:13:52,792] {processor.py:642} INFO - Processing file /home/udimini/airflow/dags/big_finance_dag.py for tasks to queue
[2022-05-22 22:13:52,793] {logging_mixin.py:109} INFO - [2022-05-22 22:13:52,793] {dagbag.py:500} INFO - Filling up the DagBag from /home/udimini/airflow/dags/big_finance_dag.py
[2022-05-22 22:13:52,863] {processor.py:652} INFO - DAG(s) dict_keys(['big_finance_dag']) retrieved from /home/udimini/airflow/dags/big_finance_dag.py
[2022-05-22 22:13:52,872] {logging_mixin.py:109} INFO - [2022-05-22 22:13:52,872] {dag.py:2398} INFO - Sync 1 DAGs
[2022-05-22 22:13:52,885] {logging_mixin.py:109} INFO - [2022-05-22 22:13:52,884] {dag.py:2937} INFO - Setting next_dagrun for big_finance_dag to 2022-05-22T20:13:00+00:00
[2022-05-22 22:13:52,897] {processor.py:171} INFO - Processing /home/udimini/airflow/dags/big_finance_dag.py took 0.114 seconds
[2022-05-22 22:13:58,067] {processor.py:163} INFO - Started process (PID=20674) to work on /home/udimini/airflow/dags/big_finance_dag.py
[2022-05-22 22:13:58,070] {processor.py:642} INFO - Processing file /home/udimini/airflow/dags/big_finance_dag.py for tasks to queue
[2022-05-22 22:13:58,070] {logging_mixin.py:109} INFO - [2022-05-22 22:13:58,070] {dagbag.py:500} INFO - Filling up the DagBag from /home/udimini/airflow/dags/big_finance_dag.py
[2022-05-22 22:13:58,136] {processor.py:652} INFO - DAG(s) dict_keys(['big_finance_dag']) retrieved from /home/udimini/airflow/dags/big_finance_dag.py
[2022-05-22 22:13:58,145] {logging_mixin.py:109} INFO - [2022-05-22 22:13:58,145] {dag.py:2398} INFO - Sync 1 DAGs
[2022-05-22 22:13:58,157] {logging_mixin.py:109} INFO - [2022-05-22 22:13:58,157] {dag.py:2937} INFO - Setting next_dagrun for big_finance_dag to 2022-05-22T20:13:00+00:00
[2022-05-22 22:13:58,168] {processor.py:171} INFO - Processing /home/udimini/airflow/dags/big_finance_dag.py took 0.107 seconds
[2022-05-22 22:14:06,808] {processor.py:163} INFO - Started process (PID=20705) to work on /home/udimini/airflow/dags/big_finance_dag.py
[2022-05-22 22:14:06,809] {processor.py:642} INFO - Processing file /home/udimini/airflow/dags/big_finance_dag.py for tasks to queue
[2022-05-22 22:14:06,810] {logging_mixin.py:109} INFO - [2022-05-22 22:14:06,810] {dagbag.py:500} INFO - Filling up the DagBag from /home/udimini/airflow/dags/big_finance_dag.py
[2022-05-22 22:14:06,868] {processor.py:652} INFO - DAG(s) dict_keys(['big_finance_dag']) retrieved from /home/udimini/airflow/dags/big_finance_dag.py
[2022-05-22 22:14:06,877] {logging_mixin.py:109} INFO - [2022-05-22 22:14:06,877] {dag.py:2398} INFO - Sync 1 DAGs
[2022-05-22 22:14:06,889] {logging_mixin.py:109} INFO - [2022-05-22 22:14:06,889] {dag.py:2937} INFO - Setting next_dagrun for big_finance_dag to 2022-05-22T20:14:00+00:00
[2022-05-22 22:14:06,901] {processor.py:171} INFO - Processing /home/udimini/airflow/dags/big_finance_dag.py took 0.096 seconds
[2022-05-22 22:14:07,054] {processor.py:163} INFO - Started process (PID=20706) to work on /home/udimini/airflow/dags/big_finance_dag.py
[2022-05-22 22:14:07,055] {processor.py:642} INFO - Processing file /home/udimini/airflow/dags/big_finance_dag.py for tasks to queue
[2022-05-22 22:14:07,055] {logging_mixin.py:109} INFO - [2022-05-22 22:14:07,055] {dagbag.py:500} INFO - Filling up the DagBag from /home/udimini/airflow/dags/big_finance_dag.py
[2022-05-22 22:14:07,114] {processor.py:652} INFO - DAG(s) dict_keys(['big_finance_dag']) retrieved from /home/udimini/airflow/dags/big_finance_dag.py
[2022-05-22 22:14:07,126] {logging_mixin.py:109} INFO - [2022-05-22 22:14:07,126] {dag.py:2398} INFO - Sync 1 DAGs
[2022-05-22 22:14:07,136] {logging_mixin.py:109} INFO - [2022-05-22 22:14:07,136] {dag.py:2937} INFO - Setting next_dagrun for big_finance_dag to 2022-05-22T20:14:00+00:00
[2022-05-22 22:14:07,149] {processor.py:171} INFO - Processing /home/udimini/airflow/dags/big_finance_dag.py took 0.097 seconds
[2022-05-22 22:14:12,857] {processor.py:163} INFO - Started process (PID=20707) to work on /home/udimini/airflow/dags/big_finance_dag.py
[2022-05-22 22:14:12,859] {processor.py:642} INFO - Processing file /home/udimini/airflow/dags/big_finance_dag.py for tasks to queue
[2022-05-22 22:14:12,860] {logging_mixin.py:109} INFO - [2022-05-22 22:14:12,860] {dagbag.py:500} INFO - Filling up the DagBag from /home/udimini/airflow/dags/big_finance_dag.py
[2022-05-22 22:14:12,935] {processor.py:652} INFO - DAG(s) dict_keys(['big_finance_dag']) retrieved from /home/udimini/airflow/dags/big_finance_dag.py
[2022-05-22 22:14:12,945] {logging_mixin.py:109} INFO - [2022-05-22 22:14:12,945] {dag.py:2398} INFO - Sync 1 DAGs
[2022-05-22 22:14:12,957] {logging_mixin.py:109} INFO - [2022-05-22 22:14:12,957] {dag.py:2937} INFO - Setting next_dagrun for big_finance_dag to 2022-05-22T20:14:00+00:00
[2022-05-22 22:14:12,969] {processor.py:171} INFO - Processing /home/udimini/airflow/dags/big_finance_dag.py took 0.118 seconds
[2022-05-22 22:14:18,945] {processor.py:163} INFO - Started process (PID=20708) to work on /home/udimini/airflow/dags/big_finance_dag.py
[2022-05-22 22:14:18,947] {processor.py:642} INFO - Processing file /home/udimini/airflow/dags/big_finance_dag.py for tasks to queue
[2022-05-22 22:14:18,948] {logging_mixin.py:109} INFO - [2022-05-22 22:14:18,948] {dagbag.py:500} INFO - Filling up the DagBag from /home/udimini/airflow/dags/big_finance_dag.py
[2022-05-22 22:14:19,012] {processor.py:652} INFO - DAG(s) dict_keys(['big_finance_dag']) retrieved from /home/udimini/airflow/dags/big_finance_dag.py
[2022-05-22 22:14:19,021] {logging_mixin.py:109} INFO - [2022-05-22 22:14:19,021] {dag.py:2398} INFO - Sync 1 DAGs
[2022-05-22 22:14:19,032] {logging_mixin.py:109} INFO - [2022-05-22 22:14:19,032] {dag.py:2937} INFO - Setting next_dagrun for big_finance_dag to 2022-05-22T20:14:00+00:00
[2022-05-22 22:14:19,044] {processor.py:171} INFO - Processing /home/udimini/airflow/dags/big_finance_dag.py took 0.104 seconds
[2022-05-22 22:14:25,069] {processor.py:163} INFO - Started process (PID=20709) to work on /home/udimini/airflow/dags/big_finance_dag.py
[2022-05-22 22:14:25,071] {processor.py:642} INFO - Processing file /home/udimini/airflow/dags/big_finance_dag.py for tasks to queue
[2022-05-22 22:14:25,073] {logging_mixin.py:109} INFO - [2022-05-22 22:14:25,073] {dagbag.py:500} INFO - Filling up the DagBag from /home/udimini/airflow/dags/big_finance_dag.py
[2022-05-22 22:14:25,140] {processor.py:652} INFO - DAG(s) dict_keys(['big_finance_dag']) retrieved from /home/udimini/airflow/dags/big_finance_dag.py
[2022-05-22 22:14:25,148] {logging_mixin.py:109} INFO - [2022-05-22 22:14:25,148] {dag.py:2398} INFO - Sync 1 DAGs
[2022-05-22 22:14:25,160] {logging_mixin.py:109} INFO - [2022-05-22 22:14:25,160] {dag.py:2937} INFO - Setting next_dagrun for big_finance_dag to 2022-05-22T20:14:00+00:00
[2022-05-22 22:14:25,173] {processor.py:171} INFO - Processing /home/udimini/airflow/dags/big_finance_dag.py took 0.110 seconds
[2022-05-22 22:14:31,188] {processor.py:163} INFO - Started process (PID=20710) to work on /home/udimini/airflow/dags/big_finance_dag.py
[2022-05-22 22:14:31,189] {processor.py:642} INFO - Processing file /home/udimini/airflow/dags/big_finance_dag.py for tasks to queue
[2022-05-22 22:14:31,190] {logging_mixin.py:109} INFO - [2022-05-22 22:14:31,190] {dagbag.py:500} INFO - Filling up the DagBag from /home/udimini/airflow/dags/big_finance_dag.py
[2022-05-22 22:14:31,244] {processor.py:652} INFO - DAG(s) dict_keys(['big_finance_dag']) retrieved from /home/udimini/airflow/dags/big_finance_dag.py
[2022-05-22 22:14:31,252] {logging_mixin.py:109} INFO - [2022-05-22 22:14:31,252] {dag.py:2398} INFO - Sync 1 DAGs
[2022-05-22 22:14:31,264] {logging_mixin.py:109} INFO - [2022-05-22 22:14:31,264] {dag.py:2937} INFO - Setting next_dagrun for big_finance_dag to 2022-05-22T20:14:00+00:00
[2022-05-22 22:14:31,277] {processor.py:171} INFO - Processing /home/udimini/airflow/dags/big_finance_dag.py took 0.091 seconds
[2022-05-22 22:14:37,133] {processor.py:163} INFO - Started process (PID=20711) to work on /home/udimini/airflow/dags/big_finance_dag.py
[2022-05-22 22:14:37,135] {processor.py:642} INFO - Processing file /home/udimini/airflow/dags/big_finance_dag.py for tasks to queue
[2022-05-22 22:14:37,136] {logging_mixin.py:109} INFO - [2022-05-22 22:14:37,136] {dagbag.py:500} INFO - Filling up the DagBag from /home/udimini/airflow/dags/big_finance_dag.py
[2022-05-22 22:14:37,216] {processor.py:652} INFO - DAG(s) dict_keys(['big_finance_dag']) retrieved from /home/udimini/airflow/dags/big_finance_dag.py
[2022-05-22 22:14:37,225] {logging_mixin.py:109} INFO - [2022-05-22 22:14:37,224] {dag.py:2398} INFO - Sync 1 DAGs
[2022-05-22 22:14:37,236] {logging_mixin.py:109} INFO - [2022-05-22 22:14:37,236] {dag.py:2937} INFO - Setting next_dagrun for big_finance_dag to 2022-05-22T20:14:00+00:00
[2022-05-22 22:14:37,248] {processor.py:171} INFO - Processing /home/udimini/airflow/dags/big_finance_dag.py took 0.120 seconds
[2022-05-22 22:14:42,432] {processor.py:163} INFO - Started process (PID=20712) to work on /home/udimini/airflow/dags/big_finance_dag.py
[2022-05-22 22:14:42,434] {processor.py:642} INFO - Processing file /home/udimini/airflow/dags/big_finance_dag.py for tasks to queue
[2022-05-22 22:14:42,435] {logging_mixin.py:109} INFO - [2022-05-22 22:14:42,434] {dagbag.py:500} INFO - Filling up the DagBag from /home/udimini/airflow/dags/big_finance_dag.py
[2022-05-22 22:14:42,498] {processor.py:652} INFO - DAG(s) dict_keys(['big_finance_dag']) retrieved from /home/udimini/airflow/dags/big_finance_dag.py
[2022-05-22 22:14:42,506] {logging_mixin.py:109} INFO - [2022-05-22 22:14:42,506] {dag.py:2398} INFO - Sync 1 DAGs
[2022-05-22 22:14:42,517] {logging_mixin.py:109} INFO - [2022-05-22 22:14:42,517] {dag.py:2937} INFO - Setting next_dagrun for big_finance_dag to 2022-05-22T20:14:00+00:00
[2022-05-22 22:14:42,530] {processor.py:171} INFO - Processing /home/udimini/airflow/dags/big_finance_dag.py took 0.101 seconds
[2022-05-22 22:14:47,681] {processor.py:163} INFO - Started process (PID=20713) to work on /home/udimini/airflow/dags/big_finance_dag.py
[2022-05-22 22:14:47,683] {processor.py:642} INFO - Processing file /home/udimini/airflow/dags/big_finance_dag.py for tasks to queue
[2022-05-22 22:14:47,684] {logging_mixin.py:109} INFO - [2022-05-22 22:14:47,684] {dagbag.py:500} INFO - Filling up the DagBag from /home/udimini/airflow/dags/big_finance_dag.py
[2022-05-22 22:14:47,751] {processor.py:652} INFO - DAG(s) dict_keys(['big_finance_dag']) retrieved from /home/udimini/airflow/dags/big_finance_dag.py
[2022-05-22 22:14:47,761] {logging_mixin.py:109} INFO - [2022-05-22 22:14:47,761] {dag.py:2398} INFO - Sync 1 DAGs
[2022-05-22 22:14:47,774] {logging_mixin.py:109} INFO - [2022-05-22 22:14:47,774] {dag.py:2937} INFO - Setting next_dagrun for big_finance_dag to 2022-05-22T20:14:00+00:00
[2022-05-22 22:14:47,787] {processor.py:171} INFO - Processing /home/udimini/airflow/dags/big_finance_dag.py took 0.109 seconds
[2022-05-22 22:14:52,933] {processor.py:163} INFO - Started process (PID=20714) to work on /home/udimini/airflow/dags/big_finance_dag.py
[2022-05-22 22:14:52,934] {processor.py:642} INFO - Processing file /home/udimini/airflow/dags/big_finance_dag.py for tasks to queue
[2022-05-22 22:14:52,935] {logging_mixin.py:109} INFO - [2022-05-22 22:14:52,934] {dagbag.py:500} INFO - Filling up the DagBag from /home/udimini/airflow/dags/big_finance_dag.py
[2022-05-22 22:14:53,012] {processor.py:652} INFO - DAG(s) dict_keys(['big_finance_dag']) retrieved from /home/udimini/airflow/dags/big_finance_dag.py
[2022-05-22 22:14:53,022] {logging_mixin.py:109} INFO - [2022-05-22 22:14:53,022] {dag.py:2398} INFO - Sync 1 DAGs
[2022-05-22 22:14:53,035] {logging_mixin.py:109} INFO - [2022-05-22 22:14:53,035] {dag.py:2937} INFO - Setting next_dagrun for big_finance_dag to 2022-05-22T20:14:00+00:00
[2022-05-22 22:14:53,046] {processor.py:171} INFO - Processing /home/udimini/airflow/dags/big_finance_dag.py took 0.116 seconds
[2022-05-22 22:14:58,229] {processor.py:163} INFO - Started process (PID=20715) to work on /home/udimini/airflow/dags/big_finance_dag.py
[2022-05-22 22:14:58,230] {processor.py:642} INFO - Processing file /home/udimini/airflow/dags/big_finance_dag.py for tasks to queue
[2022-05-22 22:14:58,230] {logging_mixin.py:109} INFO - [2022-05-22 22:14:58,230] {dagbag.py:500} INFO - Filling up the DagBag from /home/udimini/airflow/dags/big_finance_dag.py
[2022-05-22 22:14:58,287] {processor.py:652} INFO - DAG(s) dict_keys(['big_finance_dag']) retrieved from /home/udimini/airflow/dags/big_finance_dag.py
[2022-05-22 22:14:58,296] {logging_mixin.py:109} INFO - [2022-05-22 22:14:58,296] {dag.py:2398} INFO - Sync 1 DAGs
[2022-05-22 22:14:58,308] {logging_mixin.py:109} INFO - [2022-05-22 22:14:58,308] {dag.py:2937} INFO - Setting next_dagrun for big_finance_dag to 2022-05-22T20:14:00+00:00
[2022-05-22 22:14:58,320] {processor.py:171} INFO - Processing /home/udimini/airflow/dags/big_finance_dag.py took 0.094 seconds
[2022-05-22 22:15:06,529] {processor.py:163} INFO - Started process (PID=20746) to work on /home/udimini/airflow/dags/big_finance_dag.py
[2022-05-22 22:15:06,530] {processor.py:642} INFO - Processing file /home/udimini/airflow/dags/big_finance_dag.py for tasks to queue
[2022-05-22 22:15:06,530] {logging_mixin.py:109} INFO - [2022-05-22 22:15:06,530] {dagbag.py:500} INFO - Filling up the DagBag from /home/udimini/airflow/dags/big_finance_dag.py
[2022-05-22 22:15:06,592] {processor.py:652} INFO - DAG(s) dict_keys(['big_finance_dag']) retrieved from /home/udimini/airflow/dags/big_finance_dag.py
[2022-05-22 22:15:06,600] {logging_mixin.py:109} INFO - [2022-05-22 22:15:06,600] {dag.py:2398} INFO - Sync 1 DAGs
[2022-05-22 22:15:06,613] {logging_mixin.py:109} INFO - [2022-05-22 22:15:06,613] {dag.py:2937} INFO - Setting next_dagrun for big_finance_dag to 2022-05-22T20:15:00+00:00
[2022-05-22 22:15:06,625] {processor.py:171} INFO - Processing /home/udimini/airflow/dags/big_finance_dag.py took 0.098 seconds
[2022-05-22 22:15:06,778] {processor.py:163} INFO - Started process (PID=20747) to work on /home/udimini/airflow/dags/big_finance_dag.py
[2022-05-22 22:15:06,779] {processor.py:642} INFO - Processing file /home/udimini/airflow/dags/big_finance_dag.py for tasks to queue
[2022-05-22 22:15:06,780] {logging_mixin.py:109} INFO - [2022-05-22 22:15:06,780] {dagbag.py:500} INFO - Filling up the DagBag from /home/udimini/airflow/dags/big_finance_dag.py
[2022-05-22 22:15:06,849] {processor.py:652} INFO - DAG(s) dict_keys(['big_finance_dag']) retrieved from /home/udimini/airflow/dags/big_finance_dag.py
[2022-05-22 22:15:06,864] {logging_mixin.py:109} INFO - [2022-05-22 22:15:06,864] {dag.py:2398} INFO - Sync 1 DAGs
[2022-05-22 22:15:06,876] {logging_mixin.py:109} INFO - [2022-05-22 22:15:06,876] {dag.py:2937} INFO - Setting next_dagrun for big_finance_dag to 2022-05-22T20:15:00+00:00
[2022-05-22 22:15:06,888] {processor.py:171} INFO - Processing /home/udimini/airflow/dags/big_finance_dag.py took 0.113 seconds
[2022-05-22 22:15:12,604] {processor.py:163} INFO - Started process (PID=20748) to work on /home/udimini/airflow/dags/big_finance_dag.py
[2022-05-22 22:15:12,607] {processor.py:642} INFO - Processing file /home/udimini/airflow/dags/big_finance_dag.py for tasks to queue
[2022-05-22 22:15:12,608] {logging_mixin.py:109} INFO - [2022-05-22 22:15:12,608] {dagbag.py:500} INFO - Filling up the DagBag from /home/udimini/airflow/dags/big_finance_dag.py
[2022-05-22 22:15:12,677] {processor.py:652} INFO - DAG(s) dict_keys(['big_finance_dag']) retrieved from /home/udimini/airflow/dags/big_finance_dag.py
[2022-05-22 22:15:12,687] {logging_mixin.py:109} INFO - [2022-05-22 22:15:12,687] {dag.py:2398} INFO - Sync 1 DAGs
[2022-05-22 22:15:12,703] {logging_mixin.py:109} INFO - [2022-05-22 22:15:12,703] {dag.py:2937} INFO - Setting next_dagrun for big_finance_dag to 2022-05-22T20:15:00+00:00
[2022-05-22 22:15:12,716] {processor.py:171} INFO - Processing /home/udimini/airflow/dags/big_finance_dag.py took 0.118 seconds
[2022-05-22 22:15:21,578] {processor.py:163} INFO - Started process (PID=20779) to work on /home/udimini/airflow/dags/big_finance_dag.py
[2022-05-22 22:15:21,579] {processor.py:642} INFO - Processing file /home/udimini/airflow/dags/big_finance_dag.py for tasks to queue
[2022-05-22 22:15:21,579] {logging_mixin.py:109} INFO - [2022-05-22 22:15:21,579] {dagbag.py:500} INFO - Filling up the DagBag from /home/udimini/airflow/dags/big_finance_dag.py
[2022-05-22 22:15:21,638] {processor.py:652} INFO - DAG(s) dict_keys(['big_finance_dag']) retrieved from /home/udimini/airflow/dags/big_finance_dag.py
[2022-05-22 22:15:21,647] {logging_mixin.py:109} INFO - [2022-05-22 22:15:21,647] {dag.py:2398} INFO - Sync 1 DAGs
[2022-05-22 22:15:21,659] {logging_mixin.py:109} INFO - [2022-05-22 22:15:21,659] {dag.py:2937} INFO - Setting next_dagrun for big_finance_dag to 2022-05-22T20:15:00+00:00
[2022-05-22 22:15:21,672] {processor.py:171} INFO - Processing /home/udimini/airflow/dags/big_finance_dag.py took 0.096 seconds
[2022-05-22 22:15:21,823] {processor.py:163} INFO - Started process (PID=20780) to work on /home/udimini/airflow/dags/big_finance_dag.py
[2022-05-22 22:15:21,824] {processor.py:642} INFO - Processing file /home/udimini/airflow/dags/big_finance_dag.py for tasks to queue
[2022-05-22 22:15:21,825] {logging_mixin.py:109} INFO - [2022-05-22 22:15:21,825] {dagbag.py:500} INFO - Filling up the DagBag from /home/udimini/airflow/dags/big_finance_dag.py
[2022-05-22 22:15:21,883] {processor.py:652} INFO - DAG(s) dict_keys(['big_finance_dag']) retrieved from /home/udimini/airflow/dags/big_finance_dag.py
[2022-05-22 22:15:21,897] {logging_mixin.py:109} INFO - [2022-05-22 22:15:21,897] {dag.py:2398} INFO - Sync 1 DAGs
[2022-05-22 22:15:21,909] {logging_mixin.py:109} INFO - [2022-05-22 22:15:21,909] {dag.py:2937} INFO - Setting next_dagrun for big_finance_dag to 2022-05-22T20:15:00+00:00
[2022-05-22 22:15:21,922] {processor.py:171} INFO - Processing /home/udimini/airflow/dags/big_finance_dag.py took 0.101 seconds
[2022-05-22 22:15:27,632] {processor.py:163} INFO - Started process (PID=20781) to work on /home/udimini/airflow/dags/big_finance_dag.py
[2022-05-22 22:15:27,633] {processor.py:642} INFO - Processing file /home/udimini/airflow/dags/big_finance_dag.py for tasks to queue
[2022-05-22 22:15:27,634] {logging_mixin.py:109} INFO - [2022-05-22 22:15:27,634] {dagbag.py:500} INFO - Filling up the DagBag from /home/udimini/airflow/dags/big_finance_dag.py
[2022-05-22 22:15:27,698] {processor.py:652} INFO - DAG(s) dict_keys(['big_finance_dag']) retrieved from /home/udimini/airflow/dags/big_finance_dag.py
[2022-05-22 22:15:27,706] {logging_mixin.py:109} INFO - [2022-05-22 22:15:27,706] {dag.py:2398} INFO - Sync 1 DAGs
[2022-05-22 22:15:27,718] {logging_mixin.py:109} INFO - [2022-05-22 22:15:27,718] {dag.py:2937} INFO - Setting next_dagrun for big_finance_dag to 2022-05-22T20:15:00+00:00
[2022-05-22 22:15:27,731] {processor.py:171} INFO - Processing /home/udimini/airflow/dags/big_finance_dag.py took 0.104 seconds
[2022-05-22 22:15:33,756] {processor.py:163} INFO - Started process (PID=20782) to work on /home/udimini/airflow/dags/big_finance_dag.py
[2022-05-22 22:15:33,757] {processor.py:642} INFO - Processing file /home/udimini/airflow/dags/big_finance_dag.py for tasks to queue
[2022-05-22 22:15:33,757] {logging_mixin.py:109} INFO - [2022-05-22 22:15:33,757] {dagbag.py:500} INFO - Filling up the DagBag from /home/udimini/airflow/dags/big_finance_dag.py
[2022-05-22 22:15:33,820] {processor.py:652} INFO - DAG(s) dict_keys(['big_finance_dag']) retrieved from /home/udimini/airflow/dags/big_finance_dag.py
[2022-05-22 22:15:33,829] {logging_mixin.py:109} INFO - [2022-05-22 22:15:33,829] {dag.py:2398} INFO - Sync 1 DAGs
[2022-05-22 22:15:33,842] {logging_mixin.py:109} INFO - [2022-05-22 22:15:33,842] {dag.py:2937} INFO - Setting next_dagrun for big_finance_dag to 2022-05-22T20:15:00+00:00
[2022-05-22 22:15:33,855] {processor.py:171} INFO - Processing /home/udimini/airflow/dags/big_finance_dag.py took 0.102 seconds
[2022-05-22 22:15:39,837] {processor.py:163} INFO - Started process (PID=20783) to work on /home/udimini/airflow/dags/big_finance_dag.py
[2022-05-22 22:15:39,838] {processor.py:642} INFO - Processing file /home/udimini/airflow/dags/big_finance_dag.py for tasks to queue
[2022-05-22 22:15:39,838] {logging_mixin.py:109} INFO - [2022-05-22 22:15:39,838] {dagbag.py:500} INFO - Filling up the DagBag from /home/udimini/airflow/dags/big_finance_dag.py
[2022-05-22 22:15:39,891] {processor.py:652} INFO - DAG(s) dict_keys(['big_finance_dag']) retrieved from /home/udimini/airflow/dags/big_finance_dag.py
[2022-05-22 22:15:39,899] {logging_mixin.py:109} INFO - [2022-05-22 22:15:39,899] {dag.py:2398} INFO - Sync 1 DAGs
[2022-05-22 22:15:39,910] {logging_mixin.py:109} INFO - [2022-05-22 22:15:39,910] {dag.py:2937} INFO - Setting next_dagrun for big_finance_dag to 2022-05-22T20:15:00+00:00
[2022-05-22 22:15:39,925] {processor.py:171} INFO - Processing /home/udimini/airflow/dags/big_finance_dag.py took 0.090 seconds
[2022-05-22 22:15:45,372] {processor.py:163} INFO - Started process (PID=20784) to work on /home/udimini/airflow/dags/big_finance_dag.py
[2022-05-22 22:15:45,375] {processor.py:642} INFO - Processing file /home/udimini/airflow/dags/big_finance_dag.py for tasks to queue
[2022-05-22 22:15:45,377] {logging_mixin.py:109} INFO - [2022-05-22 22:15:45,377] {dagbag.py:500} INFO - Filling up the DagBag from /home/udimini/airflow/dags/big_finance_dag.py
[2022-05-22 22:15:45,456] {processor.py:652} INFO - DAG(s) dict_keys(['big_finance_dag']) retrieved from /home/udimini/airflow/dags/big_finance_dag.py
[2022-05-22 22:15:45,464] {logging_mixin.py:109} INFO - [2022-05-22 22:15:45,464] {dag.py:2398} INFO - Sync 1 DAGs
[2022-05-22 22:15:45,478] {logging_mixin.py:109} INFO - [2022-05-22 22:15:45,478] {dag.py:2937} INFO - Setting next_dagrun for big_finance_dag to 2022-05-22T20:15:00+00:00
[2022-05-22 22:15:45,491] {processor.py:171} INFO - Processing /home/udimini/airflow/dags/big_finance_dag.py took 0.125 seconds
[2022-05-22 22:15:51,013] {processor.py:163} INFO - Started process (PID=20785) to work on /home/udimini/airflow/dags/big_finance_dag.py
[2022-05-22 22:15:51,014] {processor.py:642} INFO - Processing file /home/udimini/airflow/dags/big_finance_dag.py for tasks to queue
[2022-05-22 22:15:51,015] {logging_mixin.py:109} INFO - [2022-05-22 22:15:51,014] {dagbag.py:500} INFO - Filling up the DagBag from /home/udimini/airflow/dags/big_finance_dag.py
[2022-05-22 22:15:51,071] {processor.py:652} INFO - DAG(s) dict_keys(['big_finance_dag']) retrieved from /home/udimini/airflow/dags/big_finance_dag.py
[2022-05-22 22:15:51,080] {logging_mixin.py:109} INFO - [2022-05-22 22:15:51,080] {dag.py:2398} INFO - Sync 1 DAGs
[2022-05-22 22:15:51,092] {logging_mixin.py:109} INFO - [2022-05-22 22:15:51,092] {dag.py:2937} INFO - Setting next_dagrun for big_finance_dag to 2022-05-22T20:15:00+00:00
[2022-05-22 22:15:51,106] {processor.py:171} INFO - Processing /home/udimini/airflow/dags/big_finance_dag.py took 0.095 seconds
[2022-05-22 22:15:56,993] {processor.py:163} INFO - Started process (PID=20786) to work on /home/udimini/airflow/dags/big_finance_dag.py
[2022-05-22 22:15:56,995] {processor.py:642} INFO - Processing file /home/udimini/airflow/dags/big_finance_dag.py for tasks to queue
[2022-05-22 22:15:56,996] {logging_mixin.py:109} INFO - [2022-05-22 22:15:56,996] {dagbag.py:500} INFO - Filling up the DagBag from /home/udimini/airflow/dags/big_finance_dag.py
[2022-05-22 22:15:57,069] {processor.py:652} INFO - DAG(s) dict_keys(['big_finance_dag']) retrieved from /home/udimini/airflow/dags/big_finance_dag.py
[2022-05-22 22:15:57,077] {logging_mixin.py:109} INFO - [2022-05-22 22:15:57,077] {dag.py:2398} INFO - Sync 1 DAGs
[2022-05-22 22:15:57,089] {logging_mixin.py:109} INFO - [2022-05-22 22:15:57,089] {dag.py:2937} INFO - Setting next_dagrun for big_finance_dag to 2022-05-22T20:15:00+00:00
[2022-05-22 22:15:57,100] {processor.py:171} INFO - Processing /home/udimini/airflow/dags/big_finance_dag.py took 0.113 seconds
[2022-05-22 22:16:06,883] {processor.py:163} INFO - Started process (PID=20817) to work on /home/udimini/airflow/dags/big_finance_dag.py
[2022-05-22 22:16:06,884] {processor.py:642} INFO - Processing file /home/udimini/airflow/dags/big_finance_dag.py for tasks to queue
[2022-05-22 22:16:06,884] {logging_mixin.py:109} INFO - [2022-05-22 22:16:06,884] {dagbag.py:500} INFO - Filling up the DagBag from /home/udimini/airflow/dags/big_finance_dag.py
[2022-05-22 22:16:06,947] {processor.py:652} INFO - DAG(s) dict_keys(['big_finance_dag']) retrieved from /home/udimini/airflow/dags/big_finance_dag.py
[2022-05-22 22:16:06,955] {logging_mixin.py:109} INFO - [2022-05-22 22:16:06,955] {dag.py:2398} INFO - Sync 1 DAGs
[2022-05-22 22:16:06,968] {logging_mixin.py:109} INFO - [2022-05-22 22:16:06,968] {dag.py:2937} INFO - Setting next_dagrun for big_finance_dag to 2022-05-22T20:16:00+00:00
[2022-05-22 22:16:06,980] {processor.py:171} INFO - Processing /home/udimini/airflow/dags/big_finance_dag.py took 0.099 seconds
[2022-05-22 22:16:07,121] {processor.py:163} INFO - Started process (PID=20818) to work on /home/udimini/airflow/dags/big_finance_dag.py
[2022-05-22 22:16:07,122] {processor.py:642} INFO - Processing file /home/udimini/airflow/dags/big_finance_dag.py for tasks to queue
[2022-05-22 22:16:07,123] {logging_mixin.py:109} INFO - [2022-05-22 22:16:07,122] {dagbag.py:500} INFO - Filling up the DagBag from /home/udimini/airflow/dags/big_finance_dag.py
[2022-05-22 22:16:07,181] {processor.py:652} INFO - DAG(s) dict_keys(['big_finance_dag']) retrieved from /home/udimini/airflow/dags/big_finance_dag.py
[2022-05-22 22:16:07,192] {logging_mixin.py:109} INFO - [2022-05-22 22:16:07,192] {dag.py:2398} INFO - Sync 1 DAGs
[2022-05-22 22:16:07,202] {logging_mixin.py:109} INFO - [2022-05-22 22:16:07,202] {dag.py:2937} INFO - Setting next_dagrun for big_finance_dag to 2022-05-22T20:16:00+00:00
[2022-05-22 22:16:07,214] {processor.py:171} INFO - Processing /home/udimini/airflow/dags/big_finance_dag.py took 0.095 seconds
[2022-05-22 22:16:12,935] {processor.py:163} INFO - Started process (PID=20819) to work on /home/udimini/airflow/dags/big_finance_dag.py
[2022-05-22 22:16:12,938] {processor.py:642} INFO - Processing file /home/udimini/airflow/dags/big_finance_dag.py for tasks to queue
[2022-05-22 22:16:12,939] {logging_mixin.py:109} INFO - [2022-05-22 22:16:12,939] {dagbag.py:500} INFO - Filling up the DagBag from /home/udimini/airflow/dags/big_finance_dag.py
[2022-05-22 22:16:13,010] {processor.py:652} INFO - DAG(s) dict_keys(['big_finance_dag']) retrieved from /home/udimini/airflow/dags/big_finance_dag.py
[2022-05-22 22:16:13,020] {logging_mixin.py:109} INFO - [2022-05-22 22:16:13,020] {dag.py:2398} INFO - Sync 1 DAGs
[2022-05-22 22:16:13,032] {logging_mixin.py:109} INFO - [2022-05-22 22:16:13,032] {dag.py:2937} INFO - Setting next_dagrun for big_finance_dag to 2022-05-22T20:16:00+00:00
[2022-05-22 22:16:13,044] {processor.py:171} INFO - Processing /home/udimini/airflow/dags/big_finance_dag.py took 0.114 seconds
[2022-05-22 22:16:19,007] {processor.py:163} INFO - Started process (PID=20820) to work on /home/udimini/airflow/dags/big_finance_dag.py
[2022-05-22 22:16:19,008] {processor.py:642} INFO - Processing file /home/udimini/airflow/dags/big_finance_dag.py for tasks to queue
[2022-05-22 22:16:19,008] {logging_mixin.py:109} INFO - [2022-05-22 22:16:19,008] {dagbag.py:500} INFO - Filling up the DagBag from /home/udimini/airflow/dags/big_finance_dag.py
[2022-05-22 22:16:19,072] {processor.py:652} INFO - DAG(s) dict_keys(['big_finance_dag']) retrieved from /home/udimini/airflow/dags/big_finance_dag.py
[2022-05-22 22:16:19,082] {logging_mixin.py:109} INFO - [2022-05-22 22:16:19,082] {dag.py:2398} INFO - Sync 1 DAGs
[2022-05-22 22:16:19,098] {logging_mixin.py:109} INFO - [2022-05-22 22:16:19,097] {dag.py:2937} INFO - Setting next_dagrun for big_finance_dag to 2022-05-22T20:16:00+00:00
[2022-05-22 22:16:19,111] {processor.py:171} INFO - Processing /home/udimini/airflow/dags/big_finance_dag.py took 0.106 seconds
[2022-05-22 22:16:25,143] {processor.py:163} INFO - Started process (PID=20827) to work on /home/udimini/airflow/dags/big_finance_dag.py
[2022-05-22 22:16:25,145] {processor.py:642} INFO - Processing file /home/udimini/airflow/dags/big_finance_dag.py for tasks to queue
[2022-05-22 22:16:25,146] {logging_mixin.py:109} INFO - [2022-05-22 22:16:25,146] {dagbag.py:500} INFO - Filling up the DagBag from /home/udimini/airflow/dags/big_finance_dag.py
[2022-05-22 22:16:25,217] {processor.py:652} INFO - DAG(s) dict_keys(['big_finance_dag']) retrieved from /home/udimini/airflow/dags/big_finance_dag.py
[2022-05-22 22:16:25,225] {logging_mixin.py:109} INFO - [2022-05-22 22:16:25,225] {dag.py:2398} INFO - Sync 1 DAGs
[2022-05-22 22:16:25,237] {logging_mixin.py:109} INFO - [2022-05-22 22:16:25,237] {dag.py:2937} INFO - Setting next_dagrun for big_finance_dag to 2022-05-22T20:16:00+00:00
[2022-05-22 22:16:25,249] {processor.py:171} INFO - Processing /home/udimini/airflow/dags/big_finance_dag.py took 0.111 seconds
[2022-05-22 22:16:30,517] {processor.py:163} INFO - Started process (PID=20828) to work on /home/udimini/airflow/dags/big_finance_dag.py
[2022-05-22 22:16:30,519] {processor.py:642} INFO - Processing file /home/udimini/airflow/dags/big_finance_dag.py for tasks to queue
[2022-05-22 22:16:30,520] {logging_mixin.py:109} INFO - [2022-05-22 22:16:30,519] {dagbag.py:500} INFO - Filling up the DagBag from /home/udimini/airflow/dags/big_finance_dag.py
[2022-05-22 22:16:30,587] {processor.py:652} INFO - DAG(s) dict_keys(['big_finance_dag']) retrieved from /home/udimini/airflow/dags/big_finance_dag.py
[2022-05-22 22:16:30,598] {logging_mixin.py:109} INFO - [2022-05-22 22:16:30,597] {dag.py:2398} INFO - Sync 1 DAGs
[2022-05-22 22:16:30,626] {logging_mixin.py:109} INFO - [2022-05-22 22:16:30,626] {dag.py:2937} INFO - Setting next_dagrun for big_finance_dag to 2022-05-22T20:16:00+00:00
[2022-05-22 22:16:30,654] {processor.py:171} INFO - Processing /home/udimini/airflow/dags/big_finance_dag.py took 0.141 seconds
[2022-05-22 22:16:36,364] {processor.py:163} INFO - Started process (PID=20883) to work on /home/udimini/airflow/dags/big_finance_dag.py
[2022-05-22 22:16:36,366] {processor.py:642} INFO - Processing file /home/udimini/airflow/dags/big_finance_dag.py for tasks to queue
[2022-05-22 22:16:36,366] {logging_mixin.py:109} INFO - [2022-05-22 22:16:36,366] {dagbag.py:500} INFO - Filling up the DagBag from /home/udimini/airflow/dags/big_finance_dag.py
[2022-05-22 22:16:36,432] {processor.py:652} INFO - DAG(s) dict_keys(['big_finance_dag']) retrieved from /home/udimini/airflow/dags/big_finance_dag.py
[2022-05-22 22:16:36,441] {logging_mixin.py:109} INFO - [2022-05-22 22:16:36,441] {dag.py:2398} INFO - Sync 1 DAGs
[2022-05-22 22:16:36,457] {logging_mixin.py:109} INFO - [2022-05-22 22:16:36,457] {dag.py:2937} INFO - Setting next_dagrun for big_finance_dag to 2022-05-22T20:16:00+00:00
[2022-05-22 22:16:36,469] {processor.py:171} INFO - Processing /home/udimini/airflow/dags/big_finance_dag.py took 0.108 seconds
[2022-05-22 22:16:42,283] {processor.py:163} INFO - Started process (PID=20884) to work on /home/udimini/airflow/dags/big_finance_dag.py
[2022-05-22 22:16:42,285] {processor.py:642} INFO - Processing file /home/udimini/airflow/dags/big_finance_dag.py for tasks to queue
[2022-05-22 22:16:42,286] {logging_mixin.py:109} INFO - [2022-05-22 22:16:42,286] {dagbag.py:500} INFO - Filling up the DagBag from /home/udimini/airflow/dags/big_finance_dag.py
[2022-05-22 22:16:42,354] {processor.py:652} INFO - DAG(s) dict_keys(['big_finance_dag']) retrieved from /home/udimini/airflow/dags/big_finance_dag.py
[2022-05-22 22:16:42,362] {logging_mixin.py:109} INFO - [2022-05-22 22:16:42,362] {dag.py:2398} INFO - Sync 1 DAGs
[2022-05-22 22:16:42,375] {logging_mixin.py:109} INFO - [2022-05-22 22:16:42,375] {dag.py:2937} INFO - Setting next_dagrun for big_finance_dag to 2022-05-22T20:16:00+00:00
[2022-05-22 22:16:42,388] {processor.py:171} INFO - Processing /home/udimini/airflow/dags/big_finance_dag.py took 0.110 seconds
