[2022-05-27 11:31:56,100] {taskinstance.py:1043} INFO - Dependencies all met for <TaskInstance: profile_dag.fetch_profile_from_TSLA scheduled__2022-05-26T09:31:42.284055+00:00 [queued]>
[2022-05-27 11:31:56,105] {taskinstance.py:1043} INFO - Dependencies all met for <TaskInstance: profile_dag.fetch_profile_from_TSLA scheduled__2022-05-26T09:31:42.284055+00:00 [queued]>
[2022-05-27 11:31:56,105] {taskinstance.py:1249} INFO - 
--------------------------------------------------------------------------------
[2022-05-27 11:31:56,105] {taskinstance.py:1250} INFO - Starting attempt 1 of 2
[2022-05-27 11:31:56,105] {taskinstance.py:1251} INFO - 
--------------------------------------------------------------------------------
[2022-05-27 11:31:56,118] {taskinstance.py:1270} INFO - Executing <Task(PythonOperator): fetch_profile_from_TSLA> on 2022-05-26 09:31:42.284055+00:00
[2022-05-27 11:31:56,121] {standard_task_runner.py:52} INFO - Started process 10039 to run task
[2022-05-27 11:31:56,127] {standard_task_runner.py:79} INFO - Running: ['airflow', 'tasks', 'run', 'profile_dag', 'fetch_profile_from_TSLA', 'scheduled__2022-05-26T09:31:42.284055+00:00', '--job-id', '122', '--raw', '--subdir', 'DAGS_FOLDER/profile_dag.py', '--cfg-path', '/tmp/tmp47_s07n2', '--error-file', '/tmp/tmpwow9z35e']
[2022-05-27 11:31:56,128] {standard_task_runner.py:80} INFO - Job 122: Subtask fetch_profile_from_TSLA
[2022-05-27 11:31:56,203] {logging_mixin.py:109} INFO - Running <TaskInstance: profile_dag.fetch_profile_from_TSLA scheduled__2022-05-26T09:31:42.284055+00:00 [running]> on host DESKTOP-O4M0F04.localdomain
[2022-05-27 11:31:56,250] {taskinstance.py:1446} INFO - Exporting the following env vars:
AIRFLOW_CTX_DAG_EMAIL=airflow@example.com
AIRFLOW_CTX_DAG_OWNER=airflow
AIRFLOW_CTX_DAG_ID=profile_dag
AIRFLOW_CTX_TASK_ID=fetch_profile_from_TSLA
AIRFLOW_CTX_EXECUTION_DATE=2022-05-26T09:31:42.284055+00:00
AIRFLOW_CTX_DAG_RUN_ID=scheduled__2022-05-26T09:31:42.284055+00:00
[2022-05-27 11:31:56,265] {logging_mixin.py:109} INFO - Successful connection to mongo db
[2022-05-27 11:31:56,878] {python.py:175} INFO - Done. Returned value was: None
[2022-05-27 11:31:56,883] {taskinstance.py:1278} INFO - Marking task as SUCCESS. dag_id=profile_dag, task_id=fetch_profile_from_TSLA, execution_date=20220526T093142, start_date=20220527T093156, end_date=20220527T093156
[2022-05-27 11:31:56,904] {local_task_job.py:154} INFO - Task exited with return code 0
[2022-05-27 11:31:56,915] {local_task_job.py:264} INFO - 0 downstream tasks scheduled from follow-on schedule check
