[2022-05-05 13:18:52,421] {taskinstance.py:1043} INFO - Dependencies all met for <TaskInstance: big_finance_dag.fetch_data_from_big_finance manual__2022-05-05T11:18:49.475014+00:00 [queued]>
[2022-05-05 13:18:52,426] {taskinstance.py:1043} INFO - Dependencies all met for <TaskInstance: big_finance_dag.fetch_data_from_big_finance manual__2022-05-05T11:18:49.475014+00:00 [queued]>
[2022-05-05 13:18:52,426] {taskinstance.py:1249} INFO - 
--------------------------------------------------------------------------------
[2022-05-05 13:18:52,426] {taskinstance.py:1250} INFO - Starting attempt 1 of 2
[2022-05-05 13:18:52,426] {taskinstance.py:1251} INFO - 
--------------------------------------------------------------------------------
[2022-05-05 13:18:52,439] {taskinstance.py:1270} INFO - Executing <Task(PythonOperator): fetch_data_from_big_finance> on 2022-05-05 11:18:49.475014+00:00
[2022-05-05 13:18:52,441] {standard_task_runner.py:52} INFO - Started process 24787 to run task
[2022-05-05 13:18:52,444] {standard_task_runner.py:79} INFO - Running: ['airflow', 'tasks', 'run', 'big_finance_dag', 'fetch_data_from_big_finance', 'manual__2022-05-05T11:18:49.475014+00:00', '--job-id', '9', '--raw', '--subdir', 'DAGS_FOLDER/big_finance_dag.py', '--cfg-path', '/tmp/tmpjhaqxv97', '--error-file', '/tmp/tmphaw2_ccs']
[2022-05-05 13:18:52,445] {standard_task_runner.py:80} INFO - Job 9: Subtask fetch_data_from_big_finance
[2022-05-05 13:18:52,480] {logging_mixin.py:109} INFO - Running <TaskInstance: big_finance_dag.fetch_data_from_big_finance manual__2022-05-05T11:18:49.475014+00:00 [running]> on host DESKTOP-O4M0F04.localdomain
[2022-05-05 13:18:52,524] {taskinstance.py:1446} INFO - Exporting the following env vars:
AIRFLOW_CTX_DAG_EMAIL=airflow@example.com
AIRFLOW_CTX_DAG_OWNER=airflow
AIRFLOW_CTX_DAG_ID=big_finance_dag
AIRFLOW_CTX_TASK_ID=fetch_data_from_big_finance
AIRFLOW_CTX_EXECUTION_DATE=2022-05-05T11:18:49.475014+00:00
AIRFLOW_CTX_DAG_RUN_ID=manual__2022-05-05T11:18:49.475014+00:00
[2022-05-05 13:18:52,524] {logging_mixin.py:109} INFO - We are getting data from big finance api issou
[2022-05-05 13:18:52,525] {python.py:175} INFO - Done. Returned value was: None
[2022-05-05 13:18:52,528] {taskinstance.py:1278} INFO - Marking task as SUCCESS. dag_id=big_finance_dag, task_id=fetch_data_from_big_finance, execution_date=20220505T111849, start_date=20220505T111852, end_date=20220505T111852
[2022-05-05 13:18:52,578] {local_task_job.py:154} INFO - Task exited with return code 0
[2022-05-05 13:18:52,590] {local_task_job.py:264} INFO - 0 downstream tasks scheduled from follow-on schedule check
