[2022-05-22 22:12:04,785] {taskinstance.py:1043} INFO - Dependencies all met for <TaskInstance: big_finance_dag.fetch_quotation_from_GOOGL scheduled__2022-05-22T20:11:00+00:00 [queued]>
[2022-05-22 22:12:04,790] {taskinstance.py:1043} INFO - Dependencies all met for <TaskInstance: big_finance_dag.fetch_quotation_from_GOOGL scheduled__2022-05-22T20:11:00+00:00 [queued]>
[2022-05-22 22:12:04,791] {taskinstance.py:1249} INFO - 
--------------------------------------------------------------------------------
[2022-05-22 22:12:04,791] {taskinstance.py:1250} INFO - Starting attempt 1 of 2
[2022-05-22 22:12:04,791] {taskinstance.py:1251} INFO - 
--------------------------------------------------------------------------------
[2022-05-22 22:12:04,804] {taskinstance.py:1270} INFO - Executing <Task(PythonOperator): fetch_quotation_from_GOOGL> on 2022-05-22 20:11:00+00:00
[2022-05-22 22:12:04,805] {standard_task_runner.py:52} INFO - Started process 20525 to run task
[2022-05-22 22:12:04,809] {standard_task_runner.py:79} INFO - Running: ['airflow', 'tasks', 'run', 'big_finance_dag', 'fetch_quotation_from_GOOGL', 'scheduled__2022-05-22T20:11:00+00:00', '--job-id', '53', '--raw', '--subdir', 'DAGS_FOLDER/big_finance_dag.py', '--cfg-path', '/tmp/tmpw8yy98wk', '--error-file', '/tmp/tmp2hikrwin']
[2022-05-22 22:12:04,809] {standard_task_runner.py:80} INFO - Job 53: Subtask fetch_quotation_from_GOOGL
[2022-05-22 22:12:04,849] {logging_mixin.py:109} INFO - Running <TaskInstance: big_finance_dag.fetch_quotation_from_GOOGL scheduled__2022-05-22T20:11:00+00:00 [running]> on host DESKTOP-O4M0F04.localdomain
[2022-05-22 22:12:04,899] {taskinstance.py:1446} INFO - Exporting the following env vars:
AIRFLOW_CTX_DAG_EMAIL=airflow@example.com
AIRFLOW_CTX_DAG_OWNER=airflow
AIRFLOW_CTX_DAG_ID=big_finance_dag
AIRFLOW_CTX_TASK_ID=fetch_quotation_from_GOOGL
AIRFLOW_CTX_EXECUTION_DATE=2022-05-22T20:11:00+00:00
AIRFLOW_CTX_DAG_RUN_ID=scheduled__2022-05-22T20:11:00+00:00
[2022-05-22 22:12:04,916] {logging_mixin.py:109} INFO - Successful connection to mongo db
[2022-05-22 22:12:05,343] {python.py:175} INFO - Done. Returned value was: None
[2022-05-22 22:12:05,347] {taskinstance.py:1278} INFO - Marking task as SUCCESS. dag_id=big_finance_dag, task_id=fetch_quotation_from_GOOGL, execution_date=20220522T201100, start_date=20220522T201204, end_date=20220522T201205
[2022-05-22 22:12:05,382] {local_task_job.py:154} INFO - Task exited with return code 0
[2022-05-22 22:12:05,395] {local_task_job.py:264} INFO - 0 downstream tasks scheduled from follow-on schedule check
