[2022-05-11 11:28:05,099] {taskinstance.py:1043} INFO - Dependencies all met for <TaskInstance: big_finance_dag.fetch_data_from_big_finance_TSLA scheduled__2022-05-11T09:27:00+00:00 [queued]>
[2022-05-11 11:28:05,103] {taskinstance.py:1043} INFO - Dependencies all met for <TaskInstance: big_finance_dag.fetch_data_from_big_finance_TSLA scheduled__2022-05-11T09:27:00+00:00 [queued]>
[2022-05-11 11:28:05,103] {taskinstance.py:1249} INFO - 
--------------------------------------------------------------------------------
[2022-05-11 11:28:05,103] {taskinstance.py:1250} INFO - Starting attempt 1 of 2
[2022-05-11 11:28:05,103] {taskinstance.py:1251} INFO - 
--------------------------------------------------------------------------------
[2022-05-11 11:28:05,115] {taskinstance.py:1270} INFO - Executing <Task(PythonOperator): fetch_data_from_big_finance_TSLA> on 2022-05-11 09:27:00+00:00
[2022-05-11 11:28:05,116] {standard_task_runner.py:52} INFO - Started process 6098 to run task
[2022-05-11 11:28:05,118] {standard_task_runner.py:79} INFO - Running: ['airflow', 'tasks', 'run', 'big_finance_dag', 'fetch_data_from_big_finance_TSLA', 'scheduled__2022-05-11T09:27:00+00:00', '--job-id', '25', '--raw', '--subdir', 'DAGS_FOLDER/big_finance_dag.py', '--cfg-path', '/tmp/tmpawxxjzbw', '--error-file', '/tmp/tmpkyb8b3hl']
[2022-05-11 11:28:05,118] {standard_task_runner.py:80} INFO - Job 25: Subtask fetch_data_from_big_finance_TSLA
[2022-05-11 11:28:05,144] {logging_mixin.py:109} INFO - Running <TaskInstance: big_finance_dag.fetch_data_from_big_finance_TSLA scheduled__2022-05-11T09:27:00+00:00 [running]> on host DESKTOP-O4M0F04.localdomain
[2022-05-11 11:28:05,188] {taskinstance.py:1446} INFO - Exporting the following env vars:
AIRFLOW_CTX_DAG_EMAIL=airflow@example.com
AIRFLOW_CTX_DAG_OWNER=airflow
AIRFLOW_CTX_DAG_ID=big_finance_dag
AIRFLOW_CTX_TASK_ID=fetch_data_from_big_finance_TSLA
AIRFLOW_CTX_EXECUTION_DATE=2022-05-11T09:27:00+00:00
AIRFLOW_CTX_DAG_RUN_ID=scheduled__2022-05-11T09:27:00+00:00
[2022-05-11 11:28:05,584] {logging_mixin.py:109} INFO - {'c': 800.04, 'd': 12.93, 'dp': 1.6427, 'h': 825.36, 'l': 774.25, 'o': 819.31, 'pc': 787.11, 't': 1652212804}
[2022-05-11 11:28:05,584] {python.py:175} INFO - Done. Returned value was: {'c': 800.04, 'd': 12.93, 'dp': 1.6427, 'h': 825.36, 'l': 774.25, 'o': 819.31, 'pc': 787.11, 't': 1652212804}
[2022-05-11 11:28:05,600] {taskinstance.py:1278} INFO - Marking task as SUCCESS. dag_id=big_finance_dag, task_id=fetch_data_from_big_finance_TSLA, execution_date=20220511T092700, start_date=20220511T092805, end_date=20220511T092805
[2022-05-11 11:28:05,653] {local_task_job.py:154} INFO - Task exited with return code 0
[2022-05-11 11:28:05,661] {local_task_job.py:264} INFO - 0 downstream tasks scheduled from follow-on schedule check
