[2022-05-27 11:31:57,955] {taskinstance.py:1043} INFO - Dependencies all met for <TaskInstance: profile_dag.fetch_profile_from_AAPL manual__2022-05-27T09:31:42.131784+00:00 [queued]>
[2022-05-27 11:31:57,960] {taskinstance.py:1043} INFO - Dependencies all met for <TaskInstance: profile_dag.fetch_profile_from_AAPL manual__2022-05-27T09:31:42.131784+00:00 [queued]>
[2022-05-27 11:31:57,960] {taskinstance.py:1249} INFO - 
--------------------------------------------------------------------------------
[2022-05-27 11:31:57,960] {taskinstance.py:1250} INFO - Starting attempt 1 of 2
[2022-05-27 11:31:57,960] {taskinstance.py:1251} INFO - 
--------------------------------------------------------------------------------
[2022-05-27 11:31:57,975] {taskinstance.py:1270} INFO - Executing <Task(PythonOperator): fetch_profile_from_AAPL> on 2022-05-27 09:31:42.131784+00:00
[2022-05-27 11:31:57,976] {standard_task_runner.py:52} INFO - Started process 10049 to run task
[2022-05-27 11:31:57,979] {standard_task_runner.py:79} INFO - Running: ['airflow', 'tasks', 'run', 'profile_dag', 'fetch_profile_from_AAPL', 'manual__2022-05-27T09:31:42.131784+00:00', '--job-id', '123', '--raw', '--subdir', 'DAGS_FOLDER/profile_dag.py', '--cfg-path', '/tmp/tmpqsjmw7q1', '--error-file', '/tmp/tmpf_3thv0h']
[2022-05-27 11:31:57,980] {standard_task_runner.py:80} INFO - Job 123: Subtask fetch_profile_from_AAPL
[2022-05-27 11:31:58,016] {logging_mixin.py:109} INFO - Running <TaskInstance: profile_dag.fetch_profile_from_AAPL manual__2022-05-27T09:31:42.131784+00:00 [running]> on host DESKTOP-O4M0F04.localdomain
[2022-05-27 11:31:58,064] {taskinstance.py:1446} INFO - Exporting the following env vars:
AIRFLOW_CTX_DAG_EMAIL=airflow@example.com
AIRFLOW_CTX_DAG_OWNER=airflow
AIRFLOW_CTX_DAG_ID=profile_dag
AIRFLOW_CTX_TASK_ID=fetch_profile_from_AAPL
AIRFLOW_CTX_EXECUTION_DATE=2022-05-27T09:31:42.131784+00:00
AIRFLOW_CTX_DAG_RUN_ID=manual__2022-05-27T09:31:42.131784+00:00
[2022-05-27 11:31:58,090] {logging_mixin.py:109} INFO - Successful connection to mongo db
[2022-05-27 11:31:58,615] {python.py:175} INFO - Done. Returned value was: None
[2022-05-27 11:31:58,632] {taskinstance.py:1278} INFO - Marking task as SUCCESS. dag_id=profile_dag, task_id=fetch_profile_from_AAPL, execution_date=20220527T093142, start_date=20220527T093157, end_date=20220527T093158
[2022-05-27 11:31:58,675] {local_task_job.py:154} INFO - Task exited with return code 0
[2022-05-27 11:31:58,698] {local_task_job.py:264} INFO - 0 downstream tasks scheduled from follow-on schedule check
