[2022-06-01 17:54:20,996] {taskinstance.py:1160} INFO - Dependencies all met for <TaskInstance: monthly_recommendation_dag.push_recommendation_from_AAPL manual__2022-06-01T15:54:01.870543+00:00 [queued]>
[2022-06-01 17:54:21,005] {taskinstance.py:1160} INFO - Dependencies all met for <TaskInstance: monthly_recommendation_dag.push_recommendation_from_AAPL manual__2022-06-01T15:54:01.870543+00:00 [queued]>
[2022-06-01 17:54:21,005] {taskinstance.py:1357} INFO - 
--------------------------------------------------------------------------------
[2022-06-01 17:54:21,005] {taskinstance.py:1358} INFO - Starting attempt 1 of 2
[2022-06-01 17:54:21,005] {taskinstance.py:1359} INFO - 
--------------------------------------------------------------------------------
[2022-06-01 17:54:21,026] {taskinstance.py:1378} INFO - Executing <Task(PythonOperator): push_recommendation_from_AAPL> on 2022-06-01 15:54:01.870543+00:00
[2022-06-01 17:54:21,027] {standard_task_runner.py:52} INFO - Started process 26691 to run task
[2022-06-01 17:54:21,031] {standard_task_runner.py:79} INFO - Running: ['airflow', 'tasks', 'run', 'monthly_recommendation_dag', 'push_recommendation_from_AAPL', 'manual__2022-06-01T15:54:01.870543+00:00', '--job-id', '44', '--raw', '--subdir', 'DAGS_FOLDER/recommendation/load_monthly_recommendation_dag.py', '--cfg-path', '/tmp/tmppfz9l44l', '--error-file', '/tmp/tmpd1y94949']
[2022-06-01 17:54:21,031] {standard_task_runner.py:80} INFO - Job 44: Subtask push_recommendation_from_AAPL
[2022-06-01 17:54:21,050] {logging_mixin.py:115} WARNING - /home/udimini/airflow_venv/lib/python3.8/site-packages/airflow/configuration.py:529 DeprecationWarning: The sql_engine_encoding option in [core] has been moved to the sql_engine_encoding option in [database] - the old setting has been used, but please update your config.
[2022-06-01 17:54:21,068] {task_command.py:370} INFO - Running <TaskInstance: monthly_recommendation_dag.push_recommendation_from_AAPL manual__2022-06-01T15:54:01.870543+00:00 [running]> on host DESKTOP-O4M0F04.localdomain
[2022-06-01 17:54:21,118] {taskinstance.py:1570} INFO - Exporting the following env vars:
AIRFLOW_CTX_DAG_EMAIL=airflow@example.com
AIRFLOW_CTX_DAG_OWNER=airflow
AIRFLOW_CTX_DAG_ID=monthly_recommendation_dag
AIRFLOW_CTX_TASK_ID=push_recommendation_from_AAPL
AIRFLOW_CTX_EXECUTION_DATE=2022-06-01T15:54:01.870543+00:00
AIRFLOW_CTX_TRY_NUMBER=1
AIRFLOW_CTX_DAG_RUN_ID=manual__2022-06-01T15:54:01.870543+00:00
[2022-06-01 17:54:21,130] {logging_mixin.py:115} INFO - Successful connection to mongo db
[2022-06-01 17:54:21,716] {logging_mixin.py:115} INFO - push_recommendation_on_datalake exception : document must be an instance of dict, bson.son.SON, bson.raw_bson.RawBSONDocument, or a type that inherits from collections.MutableMapping
[2022-06-01 17:54:21,717] {logging_mixin.py:115} INFO - push_recommendation_on_datalake exception : document must be an instance of dict, bson.son.SON, bson.raw_bson.RawBSONDocument, or a type that inherits from collections.MutableMapping
[2022-06-01 17:54:21,717] {logging_mixin.py:115} INFO - push_recommendation_on_datalake exception : document must be an instance of dict, bson.son.SON, bson.raw_bson.RawBSONDocument, or a type that inherits from collections.MutableMapping
[2022-06-01 17:54:21,717] {logging_mixin.py:115} INFO - push_recommendation_on_datalake exception : document must be an instance of dict, bson.son.SON, bson.raw_bson.RawBSONDocument, or a type that inherits from collections.MutableMapping
[2022-06-01 17:54:21,717] {logging_mixin.py:115} INFO - push_recommendation_on_datalake exception : document must be an instance of dict, bson.son.SON, bson.raw_bson.RawBSONDocument, or a type that inherits from collections.MutableMapping
[2022-06-01 17:54:21,717] {logging_mixin.py:115} INFO - push_recommendation_on_datalake exception : document must be an instance of dict, bson.son.SON, bson.raw_bson.RawBSONDocument, or a type that inherits from collections.MutableMapping
[2022-06-01 17:54:21,717] {logging_mixin.py:115} INFO - push_recommendation_on_datalake exception : document must be an instance of dict, bson.son.SON, bson.raw_bson.RawBSONDocument, or a type that inherits from collections.MutableMapping
[2022-06-01 17:54:21,717] {logging_mixin.py:115} INFO - push_recommendation_on_datalake exception : document must be an instance of dict, bson.son.SON, bson.raw_bson.RawBSONDocument, or a type that inherits from collections.MutableMapping
[2022-06-01 17:54:21,717] {logging_mixin.py:115} INFO - push_recommendation_on_datalake exception : document must be an instance of dict, bson.son.SON, bson.raw_bson.RawBSONDocument, or a type that inherits from collections.MutableMapping
[2022-06-01 17:54:21,717] {logging_mixin.py:115} INFO - push_recommendation_on_datalake exception : document must be an instance of dict, bson.son.SON, bson.raw_bson.RawBSONDocument, or a type that inherits from collections.MutableMapping
[2022-06-01 17:54:21,717] {logging_mixin.py:115} INFO - push_recommendation_on_datalake exception : document must be an instance of dict, bson.son.SON, bson.raw_bson.RawBSONDocument, or a type that inherits from collections.MutableMapping
[2022-06-01 17:54:21,717] {logging_mixin.py:115} INFO - push_recommendation_on_datalake exception : document must be an instance of dict, bson.son.SON, bson.raw_bson.RawBSONDocument, or a type that inherits from collections.MutableMapping
[2022-06-01 17:54:21,717] {python.py:173} INFO - Done. Returned value was: None
[2022-06-01 17:54:21,726] {taskinstance.py:1396} INFO - Marking task as SUCCESS. dag_id=monthly_recommendation_dag, task_id=push_recommendation_from_AAPL, execution_date=20220601T155401, start_date=20220601T155420, end_date=20220601T155421
[2022-06-01 17:54:21,765] {local_task_job.py:156} INFO - Task exited with return code 0
[2022-06-01 17:54:21,783] {local_task_job.py:273} INFO - 0 downstream tasks scheduled from follow-on schedule check
