[2022-05-17 20:11:58,625] {taskinstance.py:1043} INFO - Dependencies all met for <TaskInstance: big_finance_dag.fetch_quotation_from_AAPL scheduled__2022-05-17T18:10:00+00:00 [queued]>
[2022-05-17 20:11:58,631] {taskinstance.py:1043} INFO - Dependencies all met for <TaskInstance: big_finance_dag.fetch_quotation_from_AAPL scheduled__2022-05-17T18:10:00+00:00 [queued]>
[2022-05-17 20:11:58,631] {taskinstance.py:1249} INFO - 
--------------------------------------------------------------------------------
[2022-05-17 20:11:58,631] {taskinstance.py:1250} INFO - Starting attempt 1 of 2
[2022-05-17 20:11:58,631] {taskinstance.py:1251} INFO - 
--------------------------------------------------------------------------------
[2022-05-17 20:11:58,646] {taskinstance.py:1270} INFO - Executing <Task(PythonOperator): fetch_quotation_from_AAPL> on 2022-05-17 18:10:00+00:00
[2022-05-17 20:11:58,648] {standard_task_runner.py:52} INFO - Started process 7861 to run task
[2022-05-17 20:11:58,650] {standard_task_runner.py:79} INFO - Running: ['airflow', 'tasks', 'run', 'big_finance_dag', 'fetch_quotation_from_AAPL', 'scheduled__2022-05-17T18:10:00+00:00', '--job-id', '38', '--raw', '--subdir', 'DAGS_FOLDER/big_finance_dag.py', '--cfg-path', '/tmp/tmp61q_09_h', '--error-file', '/tmp/tmpb_ck4s8q']
[2022-05-17 20:11:58,651] {standard_task_runner.py:80} INFO - Job 38: Subtask fetch_quotation_from_AAPL
[2022-05-17 20:11:58,685] {logging_mixin.py:109} INFO - Running <TaskInstance: big_finance_dag.fetch_quotation_from_AAPL scheduled__2022-05-17T18:10:00+00:00 [running]> on host DESKTOP-O4M0F04.localdomain
[2022-05-17 20:11:58,725] {taskinstance.py:1446} INFO - Exporting the following env vars:
AIRFLOW_CTX_DAG_EMAIL=airflow@example.com
AIRFLOW_CTX_DAG_OWNER=airflow
AIRFLOW_CTX_DAG_ID=big_finance_dag
AIRFLOW_CTX_TASK_ID=fetch_quotation_from_AAPL
AIRFLOW_CTX_EXECUTION_DATE=2022-05-17T18:10:00+00:00
AIRFLOW_CTX_DAG_RUN_ID=scheduled__2022-05-17T18:10:00+00:00
[2022-05-17 20:11:58,774] {logging_mixin.py:109} INFO - Successful connection to mongo db
[2022-05-17 20:11:59,360] {python.py:175} INFO - Done. Returned value was: None
[2022-05-17 20:11:59,365] {taskinstance.py:1278} INFO - Marking task as SUCCESS. dag_id=big_finance_dag, task_id=fetch_quotation_from_AAPL, execution_date=20220517T181000, start_date=20220517T181158, end_date=20220517T181159
[2022-05-17 20:11:59,385] {local_task_job.py:154} INFO - Task exited with return code 0
[2022-05-17 20:11:59,397] {local_task_job.py:264} INFO - 0 downstream tasks scheduled from follow-on schedule check
