[2022-06-01 18:03:48,870] {taskinstance.py:1160} INFO - Dependencies all met for <TaskInstance: monthly_recommendation_dag.push_recommendation_from_TSLA manual__2022-06-01T16:02:57.561531+00:00 [queued]>
[2022-06-01 18:03:48,880] {taskinstance.py:1160} INFO - Dependencies all met for <TaskInstance: monthly_recommendation_dag.push_recommendation_from_TSLA manual__2022-06-01T16:02:57.561531+00:00 [queued]>
[2022-06-01 18:03:48,880] {taskinstance.py:1357} INFO - 
--------------------------------------------------------------------------------
[2022-06-01 18:03:48,880] {taskinstance.py:1358} INFO - Starting attempt 1 of 2
[2022-06-01 18:03:48,880] {taskinstance.py:1359} INFO - 
--------------------------------------------------------------------------------
[2022-06-01 18:03:48,898] {taskinstance.py:1378} INFO - Executing <Task(PythonOperator): push_recommendation_from_TSLA> on 2022-06-01 16:02:57.561531+00:00
[2022-06-01 18:03:48,900] {standard_task_runner.py:52} INFO - Started process 870 to run task
[2022-06-01 18:03:48,905] {standard_task_runner.py:79} INFO - Running: ['airflow', 'tasks', 'run', 'monthly_recommendation_dag', 'push_recommendation_from_TSLA', 'manual__2022-06-01T16:02:57.561531+00:00', '--job-id', '49', '--raw', '--subdir', 'DAGS_FOLDER/recommendation/load_monthly_recommendation_dag.py', '--cfg-path', '/tmp/tmp2tv2v1c0', '--error-file', '/tmp/tmpztbokn08']
[2022-06-01 18:03:48,906] {standard_task_runner.py:80} INFO - Job 49: Subtask push_recommendation_from_TSLA
[2022-06-01 18:03:48,925] {logging_mixin.py:115} WARNING - /home/udimini/airflow_venv/lib/python3.8/site-packages/airflow/configuration.py:529 DeprecationWarning: The sql_engine_encoding option in [core] has been moved to the sql_engine_encoding option in [database] - the old setting has been used, but please update your config.
[2022-06-01 18:03:48,951] {task_command.py:370} INFO - Running <TaskInstance: monthly_recommendation_dag.push_recommendation_from_TSLA manual__2022-06-01T16:02:57.561531+00:00 [running]> on host DESKTOP-O4M0F04.localdomain
[2022-06-01 18:03:49,022] {taskinstance.py:1570} INFO - Exporting the following env vars:
AIRFLOW_CTX_DAG_EMAIL=airflow@example.com
AIRFLOW_CTX_DAG_OWNER=airflow
AIRFLOW_CTX_DAG_ID=monthly_recommendation_dag
AIRFLOW_CTX_TASK_ID=push_recommendation_from_TSLA
AIRFLOW_CTX_EXECUTION_DATE=2022-06-01T16:02:57.561531+00:00
AIRFLOW_CTX_TRY_NUMBER=1
AIRFLOW_CTX_DAG_RUN_ID=manual__2022-06-01T16:02:57.561531+00:00
[2022-06-01 18:03:49,038] {logging_mixin.py:115} INFO - Successful connection to mongo db
[2022-06-01 18:03:49,916] {python.py:173} INFO - Done. Returned value was: None
[2022-06-01 18:03:49,923] {taskinstance.py:1396} INFO - Marking task as SUCCESS. dag_id=monthly_recommendation_dag, task_id=push_recommendation_from_TSLA, execution_date=20220601T160257, start_date=20220601T160348, end_date=20220601T160349
[2022-06-01 18:03:49,961] {local_task_job.py:156} INFO - Task exited with return code 0
[2022-06-01 18:03:49,983] {local_task_job.py:273} INFO - 0 downstream tasks scheduled from follow-on schedule check
