[2022-05-22 22:13:03,958] {taskinstance.py:1043} INFO - Dependencies all met for <TaskInstance: big_finance_dag.fetch_quotation_from_GOOGL scheduled__2022-05-22T20:12:00+00:00 [queued]>
[2022-05-22 22:13:03,963] {taskinstance.py:1043} INFO - Dependencies all met for <TaskInstance: big_finance_dag.fetch_quotation_from_GOOGL scheduled__2022-05-22T20:12:00+00:00 [queued]>
[2022-05-22 22:13:03,963] {taskinstance.py:1249} INFO - 
--------------------------------------------------------------------------------
[2022-05-22 22:13:03,963] {taskinstance.py:1250} INFO - Starting attempt 1 of 2
[2022-05-22 22:13:03,963] {taskinstance.py:1251} INFO - 
--------------------------------------------------------------------------------
[2022-05-22 22:13:03,981] {taskinstance.py:1270} INFO - Executing <Task(PythonOperator): fetch_quotation_from_GOOGL> on 2022-05-22 20:12:00+00:00
[2022-05-22 22:13:03,982] {standard_task_runner.py:52} INFO - Started process 20585 to run task
[2022-05-22 22:13:03,985] {standard_task_runner.py:79} INFO - Running: ['airflow', 'tasks', 'run', 'big_finance_dag', 'fetch_quotation_from_GOOGL', 'scheduled__2022-05-22T20:12:00+00:00', '--job-id', '56', '--raw', '--subdir', 'DAGS_FOLDER/big_finance_dag.py', '--cfg-path', '/tmp/tmp9qb7jbao', '--error-file', '/tmp/tmphyrl50oo']
[2022-05-22 22:13:03,985] {standard_task_runner.py:80} INFO - Job 56: Subtask fetch_quotation_from_GOOGL
[2022-05-22 22:13:04,017] {logging_mixin.py:109} INFO - Running <TaskInstance: big_finance_dag.fetch_quotation_from_GOOGL scheduled__2022-05-22T20:12:00+00:00 [running]> on host DESKTOP-O4M0F04.localdomain
[2022-05-22 22:13:04,053] {taskinstance.py:1446} INFO - Exporting the following env vars:
AIRFLOW_CTX_DAG_EMAIL=airflow@example.com
AIRFLOW_CTX_DAG_OWNER=airflow
AIRFLOW_CTX_DAG_ID=big_finance_dag
AIRFLOW_CTX_TASK_ID=fetch_quotation_from_GOOGL
AIRFLOW_CTX_EXECUTION_DATE=2022-05-22T20:12:00+00:00
AIRFLOW_CTX_DAG_RUN_ID=scheduled__2022-05-22T20:12:00+00:00
[2022-05-22 22:13:04,162] {logging_mixin.py:109} INFO - Successful connection to mongo db
[2022-05-22 22:13:04,858] {python.py:175} INFO - Done. Returned value was: None
[2022-05-22 22:13:04,868] {taskinstance.py:1278} INFO - Marking task as SUCCESS. dag_id=big_finance_dag, task_id=fetch_quotation_from_GOOGL, execution_date=20220522T201200, start_date=20220522T201303, end_date=20220522T201304
[2022-05-22 22:13:04,921] {local_task_job.py:154} INFO - Task exited with return code 0
[2022-05-22 22:13:04,948] {local_task_job.py:264} INFO - 0 downstream tasks scheduled from follow-on schedule check
