[2022-05-24 10:57:03,173] {taskinstance.py:1043} INFO - Dependencies all met for <TaskInstance: big_finance_dag.fetch_quotation_from_AAPL scheduled__2022-05-24T08:56:00+00:00 [queued]>
[2022-05-24 10:57:03,184] {taskinstance.py:1043} INFO - Dependencies all met for <TaskInstance: big_finance_dag.fetch_quotation_from_AAPL scheduled__2022-05-24T08:56:00+00:00 [queued]>
[2022-05-24 10:57:03,185] {taskinstance.py:1249} INFO - 
--------------------------------------------------------------------------------
[2022-05-24 10:57:03,185] {taskinstance.py:1250} INFO - Starting attempt 1 of 2
[2022-05-24 10:57:03,185] {taskinstance.py:1251} INFO - 
--------------------------------------------------------------------------------
[2022-05-24 10:57:03,204] {taskinstance.py:1270} INFO - Executing <Task(PythonOperator): fetch_quotation_from_AAPL> on 2022-05-24 08:56:00+00:00
[2022-05-24 10:57:03,206] {standard_task_runner.py:52} INFO - Started process 24987 to run task
[2022-05-24 10:57:03,211] {standard_task_runner.py:79} INFO - Running: ['airflow', 'tasks', 'run', 'big_finance_dag', 'fetch_quotation_from_AAPL', 'scheduled__2022-05-24T08:56:00+00:00', '--job-id', '72', '--raw', '--subdir', 'DAGS_FOLDER/big_finance_dag.py', '--cfg-path', '/tmp/tmpzmtecanl', '--error-file', '/tmp/tmpc8rjps91']
[2022-05-24 10:57:03,212] {standard_task_runner.py:80} INFO - Job 72: Subtask fetch_quotation_from_AAPL
[2022-05-24 10:57:03,266] {logging_mixin.py:109} INFO - Running <TaskInstance: big_finance_dag.fetch_quotation_from_AAPL scheduled__2022-05-24T08:56:00+00:00 [running]> on host DESKTOP-O4M0F04.localdomain
[2022-05-24 10:57:03,327] {taskinstance.py:1446} INFO - Exporting the following env vars:
AIRFLOW_CTX_DAG_EMAIL=airflow@example.com
AIRFLOW_CTX_DAG_OWNER=airflow
AIRFLOW_CTX_DAG_ID=big_finance_dag
AIRFLOW_CTX_TASK_ID=fetch_quotation_from_AAPL
AIRFLOW_CTX_EXECUTION_DATE=2022-05-24T08:56:00+00:00
AIRFLOW_CTX_DAG_RUN_ID=scheduled__2022-05-24T08:56:00+00:00
[2022-05-24 10:57:03,433] {logging_mixin.py:109} INFO - Successful connection to mongo db
[2022-05-24 10:57:04,049] {python.py:175} INFO - Done. Returned value was: None
[2022-05-24 10:57:04,055] {taskinstance.py:1278} INFO - Marking task as SUCCESS. dag_id=big_finance_dag, task_id=fetch_quotation_from_AAPL, execution_date=20220524T085600, start_date=20220524T085703, end_date=20220524T085704
[2022-05-24 10:57:04,104] {local_task_job.py:154} INFO - Task exited with return code 0
[2022-05-24 10:57:04,122] {local_task_job.py:264} INFO - 0 downstream tasks scheduled from follow-on schedule check
