[2022-05-22 22:15:20,668] {taskinstance.py:1043} INFO - Dependencies all met for <TaskInstance: big_finance_dag.fetch_quotation_from_TSLA manual__2022-05-22T20:15:15.322365+00:00 [queued]>
[2022-05-22 22:15:20,673] {taskinstance.py:1043} INFO - Dependencies all met for <TaskInstance: big_finance_dag.fetch_quotation_from_TSLA manual__2022-05-22T20:15:15.322365+00:00 [queued]>
[2022-05-22 22:15:20,674] {taskinstance.py:1249} INFO - 
--------------------------------------------------------------------------------
[2022-05-22 22:15:20,674] {taskinstance.py:1250} INFO - Starting attempt 1 of 2
[2022-05-22 22:15:20,674] {taskinstance.py:1251} INFO - 
--------------------------------------------------------------------------------
[2022-05-22 22:15:20,687] {taskinstance.py:1270} INFO - Executing <Task(PythonOperator): fetch_quotation_from_TSLA> on 2022-05-22 20:15:15.322365+00:00
[2022-05-22 22:15:20,688] {standard_task_runner.py:52} INFO - Started process 20771 to run task
[2022-05-22 22:15:20,692] {standard_task_runner.py:79} INFO - Running: ['airflow', 'tasks', 'run', 'big_finance_dag', 'fetch_quotation_from_TSLA', 'manual__2022-05-22T20:15:15.322365+00:00', '--job-id', '66', '--raw', '--subdir', 'DAGS_FOLDER/big_finance_dag.py', '--cfg-path', '/tmp/tmp91m90qvq', '--error-file', '/tmp/tmp9j864ht4']
[2022-05-22 22:15:20,692] {standard_task_runner.py:80} INFO - Job 66: Subtask fetch_quotation_from_TSLA
[2022-05-22 22:15:20,730] {logging_mixin.py:109} INFO - Running <TaskInstance: big_finance_dag.fetch_quotation_from_TSLA manual__2022-05-22T20:15:15.322365+00:00 [running]> on host DESKTOP-O4M0F04.localdomain
[2022-05-22 22:15:20,770] {taskinstance.py:1446} INFO - Exporting the following env vars:
AIRFLOW_CTX_DAG_EMAIL=airflow@example.com
AIRFLOW_CTX_DAG_OWNER=airflow
AIRFLOW_CTX_DAG_ID=big_finance_dag
AIRFLOW_CTX_TASK_ID=fetch_quotation_from_TSLA
AIRFLOW_CTX_EXECUTION_DATE=2022-05-22T20:15:15.322365+00:00
AIRFLOW_CTX_DAG_RUN_ID=manual__2022-05-22T20:15:15.322365+00:00
[2022-05-22 22:15:20,784] {logging_mixin.py:109} INFO - Successful connection to mongo db
[2022-05-22 22:15:21,249] {python.py:175} INFO - Done. Returned value was: None
[2022-05-22 22:15:21,259] {taskinstance.py:1278} INFO - Marking task as SUCCESS. dag_id=big_finance_dag, task_id=fetch_quotation_from_TSLA, execution_date=20220522T201515, start_date=20220522T201520, end_date=20220522T201521
[2022-05-22 22:15:21,306] {local_task_job.py:154} INFO - Task exited with return code 0
[2022-05-22 22:15:21,339] {local_task_job.py:264} INFO - 0 downstream tasks scheduled from follow-on schedule check
