[2022-05-28 19:34:36,023] {taskinstance.py:1043} INFO - Dependencies all met for <TaskInstance: quotation_dag.fetch_quotation_from_TSLA manual__2022-05-28T17:33:13+00:00 [queued]>
[2022-05-28 19:34:36,029] {taskinstance.py:1043} INFO - Dependencies all met for <TaskInstance: quotation_dag.fetch_quotation_from_TSLA manual__2022-05-28T17:33:13+00:00 [queued]>
[2022-05-28 19:34:36,029] {taskinstance.py:1249} INFO - 
--------------------------------------------------------------------------------
[2022-05-28 19:34:36,029] {taskinstance.py:1250} INFO - Starting attempt 1 of 2
[2022-05-28 19:34:36,029] {taskinstance.py:1251} INFO - 
--------------------------------------------------------------------------------
[2022-05-28 19:34:36,049] {taskinstance.py:1270} INFO - Executing <Task(PythonOperator): fetch_quotation_from_TSLA> on 2022-05-28 17:33:13+00:00
[2022-05-28 19:34:36,050] {standard_task_runner.py:52} INFO - Started process 30085 to run task
[2022-05-28 19:34:36,053] {standard_task_runner.py:79} INFO - Running: ['airflow', 'tasks', 'run', 'quotation_dag', 'fetch_quotation_from_TSLA', 'manual__2022-05-28T17:33:13+00:00', '--job-id', '240', '--raw', '--subdir', 'DAGS_FOLDER/load_quotation_dag.py', '--cfg-path', '/tmp/tmp40vx58i8', '--error-file', '/tmp/tmps26uvjv0']
[2022-05-28 19:34:36,053] {standard_task_runner.py:80} INFO - Job 240: Subtask fetch_quotation_from_TSLA
[2022-05-28 19:34:36,084] {logging_mixin.py:109} INFO - Running <TaskInstance: quotation_dag.fetch_quotation_from_TSLA manual__2022-05-28T17:33:13+00:00 [running]> on host DESKTOP-O4M0F04.localdomain
[2022-05-28 19:34:36,119] {taskinstance.py:1446} INFO - Exporting the following env vars:
AIRFLOW_CTX_DAG_EMAIL=airflow@example.com
AIRFLOW_CTX_DAG_OWNER=airflow
AIRFLOW_CTX_DAG_ID=quotation_dag
AIRFLOW_CTX_TASK_ID=fetch_quotation_from_TSLA
AIRFLOW_CTX_EXECUTION_DATE=2022-05-28T17:33:13+00:00
AIRFLOW_CTX_DAG_RUN_ID=manual__2022-05-28T17:33:13+00:00
[2022-05-28 19:34:36,131] {logging_mixin.py:109} INFO - Successful connection to mongo db
[2022-05-28 19:34:36,741] {python.py:175} INFO - Done. Returned value was: None
[2022-05-28 19:34:36,746] {taskinstance.py:1278} INFO - Marking task as SUCCESS. dag_id=quotation_dag, task_id=fetch_quotation_from_TSLA, execution_date=20220528T173313, start_date=20220528T173436, end_date=20220528T173436
[2022-05-28 19:34:36,790] {local_task_job.py:154} INFO - Task exited with return code 0
[2022-05-28 19:34:36,801] {local_task_job.py:264} INFO - 0 downstream tasks scheduled from follow-on schedule check
