[2022-05-05 13:31:08,365] {taskinstance.py:1043} INFO - Dependencies all met for <TaskInstance: big_finance_dag.fetch_data_from_big_finance manual__2022-05-05T11:31:01+00:00 [queued]>
[2022-05-05 13:31:08,370] {taskinstance.py:1043} INFO - Dependencies all met for <TaskInstance: big_finance_dag.fetch_data_from_big_finance manual__2022-05-05T11:31:01+00:00 [queued]>
[2022-05-05 13:31:08,370] {taskinstance.py:1249} INFO - 
--------------------------------------------------------------------------------
[2022-05-05 13:31:08,370] {taskinstance.py:1250} INFO - Starting attempt 1 of 2
[2022-05-05 13:31:08,370] {taskinstance.py:1251} INFO - 
--------------------------------------------------------------------------------
[2022-05-05 13:31:08,383] {taskinstance.py:1270} INFO - Executing <Task(PythonOperator): fetch_data_from_big_finance> on 2022-05-05 11:31:01+00:00
[2022-05-05 13:31:08,384] {standard_task_runner.py:52} INFO - Started process 25865 to run task
[2022-05-05 13:31:08,387] {standard_task_runner.py:79} INFO - Running: ['airflow', 'tasks', 'run', 'big_finance_dag', 'fetch_data_from_big_finance', 'manual__2022-05-05T11:31:01+00:00', '--job-id', '10', '--raw', '--subdir', 'DAGS_FOLDER/big_finance_dag.py', '--cfg-path', '/tmp/tmp0vw5v1am', '--error-file', '/tmp/tmpp918aqq6']
[2022-05-05 13:31:08,388] {standard_task_runner.py:80} INFO - Job 10: Subtask fetch_data_from_big_finance
[2022-05-05 13:31:08,420] {logging_mixin.py:109} INFO - Running <TaskInstance: big_finance_dag.fetch_data_from_big_finance manual__2022-05-05T11:31:01+00:00 [running]> on host DESKTOP-O4M0F04.localdomain
[2022-05-05 13:31:08,457] {taskinstance.py:1446} INFO - Exporting the following env vars:
AIRFLOW_CTX_DAG_EMAIL=airflow@example.com
AIRFLOW_CTX_DAG_OWNER=airflow
AIRFLOW_CTX_DAG_ID=big_finance_dag
AIRFLOW_CTX_TASK_ID=fetch_data_from_big_finance
AIRFLOW_CTX_EXECUTION_DATE=2022-05-05T11:31:01+00:00
AIRFLOW_CTX_DAG_RUN_ID=manual__2022-05-05T11:31:01+00:00
[2022-05-05 13:31:08,458] {logging_mixin.py:109} INFO - We are getting data from big finance api issou
[2022-05-05 13:31:08,458] {python.py:175} INFO - Done. Returned value was: None
[2022-05-05 13:31:08,461] {taskinstance.py:1278} INFO - Marking task as SUCCESS. dag_id=big_finance_dag, task_id=fetch_data_from_big_finance, execution_date=20220505T113101, start_date=20220505T113108, end_date=20220505T113108
[2022-05-05 13:31:08,479] {local_task_job.py:154} INFO - Task exited with return code 0
[2022-05-05 13:31:08,489] {local_task_job.py:264} INFO - 0 downstream tasks scheduled from follow-on schedule check
