[2022-05-05 13:39:24,727] {taskinstance.py:1043} INFO - Dependencies all met for <TaskInstance: big_finance_dag.fetch_data_from_big_finance manual__2022-05-05T11:39:22.637644+00:00 [queued]>
[2022-05-05 13:39:24,732] {taskinstance.py:1043} INFO - Dependencies all met for <TaskInstance: big_finance_dag.fetch_data_from_big_finance manual__2022-05-05T11:39:22.637644+00:00 [queued]>
[2022-05-05 13:39:24,732] {taskinstance.py:1249} INFO - 
--------------------------------------------------------------------------------
[2022-05-05 13:39:24,732] {taskinstance.py:1250} INFO - Starting attempt 1 of 2
[2022-05-05 13:39:24,732] {taskinstance.py:1251} INFO - 
--------------------------------------------------------------------------------
[2022-05-05 13:39:24,744] {taskinstance.py:1270} INFO - Executing <Task(PythonOperator): fetch_data_from_big_finance> on 2022-05-05 11:39:22.637644+00:00
[2022-05-05 13:39:24,745] {standard_task_runner.py:52} INFO - Started process 27015 to run task
[2022-05-05 13:39:24,748] {standard_task_runner.py:79} INFO - Running: ['airflow', 'tasks', 'run', 'big_finance_dag', 'fetch_data_from_big_finance', 'manual__2022-05-05T11:39:22.637644+00:00', '--job-id', '18', '--raw', '--subdir', 'DAGS_FOLDER/big_finance_dag.py', '--cfg-path', '/tmp/tmpn86ze4ud', '--error-file', '/tmp/tmpvwqg_m4d']
[2022-05-05 13:39:24,749] {standard_task_runner.py:80} INFO - Job 18: Subtask fetch_data_from_big_finance
[2022-05-05 13:39:24,782] {logging_mixin.py:109} INFO - Running <TaskInstance: big_finance_dag.fetch_data_from_big_finance manual__2022-05-05T11:39:22.637644+00:00 [running]> on host DESKTOP-O4M0F04.localdomain
[2022-05-05 13:39:24,822] {taskinstance.py:1446} INFO - Exporting the following env vars:
AIRFLOW_CTX_DAG_EMAIL=airflow@example.com
AIRFLOW_CTX_DAG_OWNER=airflow
AIRFLOW_CTX_DAG_ID=big_finance_dag
AIRFLOW_CTX_TASK_ID=fetch_data_from_big_finance
AIRFLOW_CTX_EXECUTION_DATE=2022-05-05T11:39:22.637644+00:00
AIRFLOW_CTX_DAG_RUN_ID=manual__2022-05-05T11:39:22.637644+00:00
[2022-05-05 13:39:24,966] {logging_mixin.py:109} INFO - <Response [401]>
[2022-05-05 13:39:24,966] {logging_mixin.py:109} INFO - We are getting data from big finance api issou
[2022-05-05 13:39:24,966] {python.py:175} INFO - Done. Returned value was: None
[2022-05-05 13:39:24,969] {taskinstance.py:1278} INFO - Marking task as SUCCESS. dag_id=big_finance_dag, task_id=fetch_data_from_big_finance, execution_date=20220505T113922, start_date=20220505T113924, end_date=20220505T113924
[2022-05-05 13:39:25,001] {local_task_job.py:154} INFO - Task exited with return code 0
[2022-05-05 13:39:25,011] {local_task_job.py:264} INFO - 0 downstream tasks scheduled from follow-on schedule check
