[2022-05-28 18:47:51,577] {taskinstance.py:1043} INFO - Dependencies all met for <TaskInstance: recommendation_dag.fetch_recommendation_from_GOOGL manual__2022-05-28T16:46:53+00:00 [queued]>
[2022-05-28 18:47:51,592] {taskinstance.py:1043} INFO - Dependencies all met for <TaskInstance: recommendation_dag.fetch_recommendation_from_GOOGL manual__2022-05-28T16:46:53+00:00 [queued]>
[2022-05-28 18:47:51,593] {taskinstance.py:1249} INFO - 
--------------------------------------------------------------------------------
[2022-05-28 18:47:51,593] {taskinstance.py:1250} INFO - Starting attempt 1 of 2
[2022-05-28 18:47:51,593] {taskinstance.py:1251} INFO - 
--------------------------------------------------------------------------------
[2022-05-28 18:47:51,604] {taskinstance.py:1270} INFO - Executing <Task(PythonOperator): fetch_recommendation_from_GOOGL> on 2022-05-28 16:46:53+00:00
[2022-05-28 18:47:51,606] {standard_task_runner.py:52} INFO - Started process 26147 to run task
[2022-05-28 18:47:51,608] {standard_task_runner.py:79} INFO - Running: ['airflow', 'tasks', 'run', 'recommendation_dag', 'fetch_recommendation_from_GOOGL', 'manual__2022-05-28T16:46:53+00:00', '--job-id', '225', '--raw', '--subdir', 'DAGS_FOLDER/load_recommendation_dag.py', '--cfg-path', '/tmp/tmp5prqnhdz', '--error-file', '/tmp/tmpi1x4psmx']
[2022-05-28 18:47:51,609] {standard_task_runner.py:80} INFO - Job 225: Subtask fetch_recommendation_from_GOOGL
[2022-05-28 18:47:51,655] {logging_mixin.py:109} INFO - Running <TaskInstance: recommendation_dag.fetch_recommendation_from_GOOGL manual__2022-05-28T16:46:53+00:00 [running]> on host DESKTOP-O4M0F04.localdomain
[2022-05-28 18:47:51,690] {taskinstance.py:1446} INFO - Exporting the following env vars:
AIRFLOW_CTX_DAG_EMAIL=airflow@example.com
AIRFLOW_CTX_DAG_OWNER=airflow
AIRFLOW_CTX_DAG_ID=recommendation_dag
AIRFLOW_CTX_TASK_ID=fetch_recommendation_from_GOOGL
AIRFLOW_CTX_EXECUTION_DATE=2022-05-28T16:46:53+00:00
AIRFLOW_CTX_DAG_RUN_ID=manual__2022-05-28T16:46:53+00:00
[2022-05-28 18:47:51,701] {logging_mixin.py:109} INFO - Successful connection to mongo db
[2022-05-28 18:47:52,272] {python.py:175} INFO - Done. Returned value was: None
[2022-05-28 18:47:52,279] {taskinstance.py:1278} INFO - Marking task as SUCCESS. dag_id=recommendation_dag, task_id=fetch_recommendation_from_GOOGL, execution_date=20220528T164653, start_date=20220528T164751, end_date=20220528T164752
[2022-05-28 18:47:52,306] {local_task_job.py:154} INFO - Task exited with return code 0
[2022-05-28 18:47:52,320] {local_task_job.py:264} INFO - 0 downstream tasks scheduled from follow-on schedule check
