[2022-05-27 11:31:54,178] {taskinstance.py:1043} INFO - Dependencies all met for <TaskInstance: profile_dag.fetch_profile_from_GOOGL scheduled__2022-05-26T09:31:42.284055+00:00 [queued]>
[2022-05-27 11:31:54,182] {taskinstance.py:1043} INFO - Dependencies all met for <TaskInstance: profile_dag.fetch_profile_from_GOOGL scheduled__2022-05-26T09:31:42.284055+00:00 [queued]>
[2022-05-27 11:31:54,182] {taskinstance.py:1249} INFO - 
--------------------------------------------------------------------------------
[2022-05-27 11:31:54,182] {taskinstance.py:1250} INFO - Starting attempt 1 of 2
[2022-05-27 11:31:54,182] {taskinstance.py:1251} INFO - 
--------------------------------------------------------------------------------
[2022-05-27 11:31:54,195] {taskinstance.py:1270} INFO - Executing <Task(PythonOperator): fetch_profile_from_GOOGL> on 2022-05-26 09:31:42.284055+00:00
[2022-05-27 11:31:54,197] {standard_task_runner.py:52} INFO - Started process 10029 to run task
[2022-05-27 11:31:54,199] {standard_task_runner.py:79} INFO - Running: ['airflow', 'tasks', 'run', 'profile_dag', 'fetch_profile_from_GOOGL', 'scheduled__2022-05-26T09:31:42.284055+00:00', '--job-id', '121', '--raw', '--subdir', 'DAGS_FOLDER/profile_dag.py', '--cfg-path', '/tmp/tmpaf24t0wi', '--error-file', '/tmp/tmpegig_6z3']
[2022-05-27 11:31:54,200] {standard_task_runner.py:80} INFO - Job 121: Subtask fetch_profile_from_GOOGL
[2022-05-27 11:31:54,234] {logging_mixin.py:109} INFO - Running <TaskInstance: profile_dag.fetch_profile_from_GOOGL scheduled__2022-05-26T09:31:42.284055+00:00 [running]> on host DESKTOP-O4M0F04.localdomain
[2022-05-27 11:31:54,269] {taskinstance.py:1446} INFO - Exporting the following env vars:
AIRFLOW_CTX_DAG_EMAIL=airflow@example.com
AIRFLOW_CTX_DAG_OWNER=airflow
AIRFLOW_CTX_DAG_ID=profile_dag
AIRFLOW_CTX_TASK_ID=fetch_profile_from_GOOGL
AIRFLOW_CTX_EXECUTION_DATE=2022-05-26T09:31:42.284055+00:00
AIRFLOW_CTX_DAG_RUN_ID=scheduled__2022-05-26T09:31:42.284055+00:00
[2022-05-27 11:31:54,281] {logging_mixin.py:109} INFO - Successful connection to mongo db
[2022-05-27 11:31:55,028] {python.py:175} INFO - Done. Returned value was: None
[2022-05-27 11:31:55,043] {taskinstance.py:1278} INFO - Marking task as SUCCESS. dag_id=profile_dag, task_id=fetch_profile_from_GOOGL, execution_date=20220526T093142, start_date=20220527T093154, end_date=20220527T093155
[2022-05-27 11:31:55,098] {local_task_job.py:154} INFO - Task exited with return code 0
[2022-05-27 11:31:55,123] {local_task_job.py:264} INFO - 0 downstream tasks scheduled from follow-on schedule check
