[2022-05-05 13:34:47,650] {taskinstance.py:1043} INFO - Dependencies all met for <TaskInstance: example_bash_operator.runme_2 scheduled__2022-05-04T00:00:00+00:00 [queued]>
[2022-05-05 13:34:47,655] {taskinstance.py:1043} INFO - Dependencies all met for <TaskInstance: example_bash_operator.runme_2 scheduled__2022-05-04T00:00:00+00:00 [queued]>
[2022-05-05 13:34:47,656] {taskinstance.py:1249} INFO - 
--------------------------------------------------------------------------------
[2022-05-05 13:34:47,656] {taskinstance.py:1250} INFO - Starting attempt 1 of 1
[2022-05-05 13:34:47,656] {taskinstance.py:1251} INFO - 
--------------------------------------------------------------------------------
[2022-05-05 13:34:47,670] {taskinstance.py:1270} INFO - Executing <Task(BashOperator): runme_2> on 2022-05-04 00:00:00+00:00
[2022-05-05 13:34:47,671] {standard_task_runner.py:52} INFO - Started process 26088 to run task
[2022-05-05 13:34:47,673] {standard_task_runner.py:79} INFO - Running: ['airflow', 'tasks', 'run', 'example_bash_operator', 'runme_2', 'scheduled__2022-05-04T00:00:00+00:00', '--job-id', '15', '--raw', '--subdir', '/home/udimini/airflow_venv/airflow_venv/lib/python3.8/site-packages/airflow/example_dags/example_bash_operator.py', '--cfg-path', '/tmp/tmppvldc8yn', '--error-file', '/tmp/tmpw36spq_s']
[2022-05-05 13:34:47,674] {standard_task_runner.py:80} INFO - Job 15: Subtask runme_2
[2022-05-05 13:34:47,702] {logging_mixin.py:109} INFO - Running <TaskInstance: example_bash_operator.runme_2 scheduled__2022-05-04T00:00:00+00:00 [running]> on host DESKTOP-O4M0F04.localdomain
[2022-05-05 13:34:47,735] {taskinstance.py:1446} INFO - Exporting the following env vars:
AIRFLOW_CTX_DAG_OWNER=airflow
AIRFLOW_CTX_DAG_ID=example_bash_operator
AIRFLOW_CTX_TASK_ID=runme_2
AIRFLOW_CTX_EXECUTION_DATE=2022-05-04T00:00:00+00:00
AIRFLOW_CTX_DAG_RUN_ID=scheduled__2022-05-04T00:00:00+00:00
[2022-05-05 13:34:47,735] {subprocess.py:62} INFO - Tmp dir root location: 
 /tmp
[2022-05-05 13:34:47,736] {subprocess.py:74} INFO - Running command: ['bash', '-c', 'echo "example_bash_operator__runme_2__20220504" && sleep 1']
[2022-05-05 13:34:47,739] {subprocess.py:85} INFO - Output:
[2022-05-05 13:34:47,740] {subprocess.py:89} INFO - example_bash_operator__runme_2__20220504
[2022-05-05 13:34:48,741] {subprocess.py:93} INFO - Command exited with return code 0
[2022-05-05 13:34:48,764] {taskinstance.py:1278} INFO - Marking task as SUCCESS. dag_id=example_bash_operator, task_id=runme_2, execution_date=20220504T000000, start_date=20220505T113447, end_date=20220505T113448
[2022-05-05 13:34:48,810] {local_task_job.py:154} INFO - Task exited with return code 0
[2022-05-05 13:34:48,832] {local_task_job.py:264} INFO - 1 downstream tasks scheduled from follow-on schedule check
