[2022-06-01 18:38:50,145] {taskinstance.py:1160} INFO - Dependencies all met for <TaskInstance: monthly_social_sentiment_dag.push_monthly_social_sentiment scheduled__2022-05-31T16:38:02.982969+00:00 [queued]>
[2022-06-01 18:38:50,155] {taskinstance.py:1160} INFO - Dependencies all met for <TaskInstance: monthly_social_sentiment_dag.push_monthly_social_sentiment scheduled__2022-05-31T16:38:02.982969+00:00 [queued]>
[2022-06-01 18:38:50,155] {taskinstance.py:1357} INFO - 
--------------------------------------------------------------------------------
[2022-06-01 18:38:50,155] {taskinstance.py:1358} INFO - Starting attempt 1 of 2
[2022-06-01 18:38:50,155] {taskinstance.py:1359} INFO - 
--------------------------------------------------------------------------------
[2022-06-01 18:38:50,180] {taskinstance.py:1378} INFO - Executing <Task(PythonOperator): push_monthly_social_sentiment> on 2022-05-31 16:38:02.982969+00:00
[2022-06-01 18:38:50,181] {standard_task_runner.py:52} INFO - Started process 531 to run task
[2022-06-01 18:38:50,187] {standard_task_runner.py:79} INFO - Running: ['airflow', 'tasks', 'run', 'monthly_social_sentiment_dag', 'push_monthly_social_sentiment', 'scheduled__2022-05-31T16:38:02.982969+00:00', '--job-id', '58', '--raw', '--subdir', 'DAGS_FOLDER/social_sentiment/monthly_social_sentiment_dag.py', '--cfg-path', '/tmp/tmp8fxam60h', '--error-file', '/tmp/tmpi1wzbysx']
[2022-06-01 18:38:50,188] {standard_task_runner.py:80} INFO - Job 58: Subtask push_monthly_social_sentiment
[2022-06-01 18:38:50,207] {logging_mixin.py:115} WARNING - /home/udimini/airflow_venv/lib/python3.8/site-packages/airflow/configuration.py:529 DeprecationWarning: The sql_alchemy_conn option in [core] has been moved to the sql_alchemy_conn option in [database] - the old setting has been used, but please update your config.
[2022-06-01 18:38:50,208] {logging_mixin.py:115} WARNING - /home/udimini/airflow_venv/lib/python3.8/site-packages/airflow/configuration.py:529 DeprecationWarning: The sql_engine_encoding option in [core] has been moved to the sql_engine_encoding option in [database] - the old setting has been used, but please update your config.
[2022-06-01 18:38:50,237] {task_command.py:370} INFO - Running <TaskInstance: monthly_social_sentiment_dag.push_monthly_social_sentiment scheduled__2022-05-31T16:38:02.982969+00:00 [running]> on host DESKTOP-O4M0F04.localdomain
[2022-06-01 18:38:50,294] {taskinstance.py:1570} INFO - Exporting the following env vars:
AIRFLOW_CTX_DAG_EMAIL=airflow@example.com
AIRFLOW_CTX_DAG_OWNER=airflow
AIRFLOW_CTX_DAG_ID=monthly_social_sentiment_dag
AIRFLOW_CTX_TASK_ID=push_monthly_social_sentiment
AIRFLOW_CTX_EXECUTION_DATE=2022-05-31T16:38:02.982969+00:00
AIRFLOW_CTX_TRY_NUMBER=1
AIRFLOW_CTX_DAG_RUN_ID=scheduled__2022-05-31T16:38:02.982969+00:00
[2022-06-01 18:38:50,310] {logging_mixin.py:115} INFO - Successful connection to mongo db
[2022-06-01 18:38:50,808] {logging_mixin.py:115} WARNING - /home/udimini/airflow_venv/lib/python3.8/site-packages/pyspark/sql/dataframe.py:138 FutureWarning: Deprecated in 2.0, use createOrReplaceTempView instead.
[2022-06-01 18:38:51,862] {python.py:173} INFO - Done. Returned value was: None
[2022-06-01 18:38:51,871] {taskinstance.py:1396} INFO - Marking task as SUCCESS. dag_id=monthly_social_sentiment_dag, task_id=push_monthly_social_sentiment, execution_date=20220531T163802, start_date=20220601T163850, end_date=20220601T163851
[2022-06-01 18:38:51,925] {local_task_job.py:156} INFO - Task exited with return code 0
[2022-06-01 18:38:51,941] {local_task_job.py:273} INFO - 0 downstream tasks scheduled from follow-on schedule check
