[2022-05-24 11:15:03,049] {taskinstance.py:1043} INFO - Dependencies all met for <TaskInstance: big_finance_dag.fetch_quotation_from_AAPL scheduled__2022-05-24T09:14:00+00:00 [queued]>
[2022-05-24 11:15:03,057] {taskinstance.py:1043} INFO - Dependencies all met for <TaskInstance: big_finance_dag.fetch_quotation_from_AAPL scheduled__2022-05-24T09:14:00+00:00 [queued]>
[2022-05-24 11:15:03,057] {taskinstance.py:1249} INFO - 
--------------------------------------------------------------------------------
[2022-05-24 11:15:03,057] {taskinstance.py:1250} INFO - Starting attempt 1 of 2
[2022-05-24 11:15:03,058] {taskinstance.py:1251} INFO - 
--------------------------------------------------------------------------------
[2022-05-24 11:15:03,075] {taskinstance.py:1270} INFO - Executing <Task(PythonOperator): fetch_quotation_from_AAPL> on 2022-05-24 09:14:00+00:00
[2022-05-24 11:15:03,077] {standard_task_runner.py:52} INFO - Started process 1057 to run task
[2022-05-24 11:15:03,082] {standard_task_runner.py:79} INFO - Running: ['airflow', 'tasks', 'run', 'big_finance_dag', 'fetch_quotation_from_AAPL', 'scheduled__2022-05-24T09:14:00+00:00', '--job-id', '105', '--raw', '--subdir', 'DAGS_FOLDER/big_finance_dag.py', '--cfg-path', '/tmp/tmpclr3dlh7', '--error-file', '/tmp/tmp0721k7br']
[2022-05-24 11:15:03,083] {standard_task_runner.py:80} INFO - Job 105: Subtask fetch_quotation_from_AAPL
[2022-05-24 11:15:03,147] {logging_mixin.py:109} INFO - Running <TaskInstance: big_finance_dag.fetch_quotation_from_AAPL scheduled__2022-05-24T09:14:00+00:00 [running]> on host DESKTOP-O4M0F04.localdomain
[2022-05-24 11:15:03,206] {taskinstance.py:1446} INFO - Exporting the following env vars:
AIRFLOW_CTX_DAG_EMAIL=airflow@example.com
AIRFLOW_CTX_DAG_OWNER=airflow
AIRFLOW_CTX_DAG_ID=big_finance_dag
AIRFLOW_CTX_TASK_ID=fetch_quotation_from_AAPL
AIRFLOW_CTX_EXECUTION_DATE=2022-05-24T09:14:00+00:00
AIRFLOW_CTX_DAG_RUN_ID=scheduled__2022-05-24T09:14:00+00:00
[2022-05-24 11:15:03,267] {logging_mixin.py:109} INFO - Successful connection to mongo db
[2022-05-24 11:15:03,746] {python.py:175} INFO - Done. Returned value was: None
[2022-05-24 11:15:03,751] {taskinstance.py:1278} INFO - Marking task as SUCCESS. dag_id=big_finance_dag, task_id=fetch_quotation_from_AAPL, execution_date=20220524T091400, start_date=20220524T091503, end_date=20220524T091503
[2022-05-24 11:15:03,774] {local_task_job.py:154} INFO - Task exited with return code 0
[2022-05-24 11:15:03,786] {local_task_job.py:264} INFO - 0 downstream tasks scheduled from follow-on schedule check
