[2022-05-24 11:14:14,631] {taskinstance.py:1043} INFO - Dependencies all met for <TaskInstance: big_finance_dag.fetch_quotation_from_TSLA scheduled__2022-05-24T09:13:00+00:00 [queued]>
[2022-05-24 11:14:14,638] {taskinstance.py:1043} INFO - Dependencies all met for <TaskInstance: big_finance_dag.fetch_quotation_from_TSLA scheduled__2022-05-24T09:13:00+00:00 [queued]>
[2022-05-24 11:14:14,638] {taskinstance.py:1249} INFO - 
--------------------------------------------------------------------------------
[2022-05-24 11:14:14,639] {taskinstance.py:1250} INFO - Starting attempt 1 of 2
[2022-05-24 11:14:14,639] {taskinstance.py:1251} INFO - 
--------------------------------------------------------------------------------
[2022-05-24 11:14:14,652] {taskinstance.py:1270} INFO - Executing <Task(PythonOperator): fetch_quotation_from_TSLA> on 2022-05-24 09:13:00+00:00
[2022-05-24 11:14:14,653] {standard_task_runner.py:52} INFO - Started process 980 to run task
[2022-05-24 11:14:14,656] {standard_task_runner.py:79} INFO - Running: ['airflow', 'tasks', 'run', 'big_finance_dag', 'fetch_quotation_from_TSLA', 'scheduled__2022-05-24T09:13:00+00:00', '--job-id', '104', '--raw', '--subdir', 'DAGS_FOLDER/big_finance_dag.py', '--cfg-path', '/tmp/tmphgurs48w', '--error-file', '/tmp/tmp9k3ryor6']
[2022-05-24 11:14:14,657] {standard_task_runner.py:80} INFO - Job 104: Subtask fetch_quotation_from_TSLA
[2022-05-24 11:14:14,705] {logging_mixin.py:109} INFO - Running <TaskInstance: big_finance_dag.fetch_quotation_from_TSLA scheduled__2022-05-24T09:13:00+00:00 [running]> on host DESKTOP-O4M0F04.localdomain
[2022-05-24 11:14:14,751] {taskinstance.py:1446} INFO - Exporting the following env vars:
AIRFLOW_CTX_DAG_EMAIL=airflow@example.com
AIRFLOW_CTX_DAG_OWNER=airflow
AIRFLOW_CTX_DAG_ID=big_finance_dag
AIRFLOW_CTX_TASK_ID=fetch_quotation_from_TSLA
AIRFLOW_CTX_EXECUTION_DATE=2022-05-24T09:13:00+00:00
AIRFLOW_CTX_DAG_RUN_ID=scheduled__2022-05-24T09:13:00+00:00
[2022-05-24 11:14:14,766] {logging_mixin.py:109} INFO - Successful connection to mongo db
[2022-05-24 11:14:15,138] {python.py:175} INFO - Done. Returned value was: None
[2022-05-24 11:14:15,143] {taskinstance.py:1278} INFO - Marking task as SUCCESS. dag_id=big_finance_dag, task_id=fetch_quotation_from_TSLA, execution_date=20220524T091300, start_date=20220524T091414, end_date=20220524T091415
[2022-05-24 11:14:15,189] {local_task_job.py:154} INFO - Task exited with return code 0
[2022-05-24 11:14:15,200] {local_task_job.py:264} INFO - 0 downstream tasks scheduled from follow-on schedule check
