[2022-05-28 18:08:44,165] {taskinstance.py:1043} INFO - Dependencies all met for <TaskInstance: quotation_dag.fetch_quotation_from_TSLA manual__2022-05-28T16:07:35+00:00 [queued]>
[2022-05-28 18:08:44,169] {taskinstance.py:1043} INFO - Dependencies all met for <TaskInstance: quotation_dag.fetch_quotation_from_TSLA manual__2022-05-28T16:07:35+00:00 [queued]>
[2022-05-28 18:08:44,169] {taskinstance.py:1249} INFO - 
--------------------------------------------------------------------------------
[2022-05-28 18:08:44,169] {taskinstance.py:1250} INFO - Starting attempt 1 of 2
[2022-05-28 18:08:44,169] {taskinstance.py:1251} INFO - 
--------------------------------------------------------------------------------
[2022-05-28 18:08:44,182] {taskinstance.py:1270} INFO - Executing <Task(PythonOperator): fetch_quotation_from_TSLA> on 2022-05-28 16:07:35+00:00
[2022-05-28 18:08:44,184] {standard_task_runner.py:52} INFO - Started process 21982 to run task
[2022-05-28 18:08:44,186] {standard_task_runner.py:79} INFO - Running: ['airflow', 'tasks', 'run', 'quotation_dag', 'fetch_quotation_from_TSLA', 'manual__2022-05-28T16:07:35+00:00', '--job-id', '200', '--raw', '--subdir', 'DAGS_FOLDER/load_quotation_dag.py', '--cfg-path', '/tmp/tmpptvjqpwk', '--error-file', '/tmp/tmpbk5g_dqt']
[2022-05-28 18:08:44,186] {standard_task_runner.py:80} INFO - Job 200: Subtask fetch_quotation_from_TSLA
[2022-05-28 18:08:44,217] {logging_mixin.py:109} INFO - Running <TaskInstance: quotation_dag.fetch_quotation_from_TSLA manual__2022-05-28T16:07:35+00:00 [running]> on host DESKTOP-O4M0F04.localdomain
[2022-05-28 18:08:44,256] {taskinstance.py:1446} INFO - Exporting the following env vars:
AIRFLOW_CTX_DAG_EMAIL=airflow@example.com
AIRFLOW_CTX_DAG_OWNER=airflow
AIRFLOW_CTX_DAG_ID=quotation_dag
AIRFLOW_CTX_TASK_ID=fetch_quotation_from_TSLA
AIRFLOW_CTX_EXECUTION_DATE=2022-05-28T16:07:35+00:00
AIRFLOW_CTX_DAG_RUN_ID=manual__2022-05-28T16:07:35+00:00
[2022-05-28 18:08:44,266] {logging_mixin.py:109} INFO - Successful connection to mongo db
[2022-05-28 18:08:45,409] {logging_mixin.py:109} INFO - push_quotation_on_datalake exception : document must be an instance of dict, bson.son.SON, bson.raw_bson.RawBSONDocument, or a type that inherits from collections.MutableMapping
[2022-05-28 18:08:45,409] {python.py:175} INFO - Done. Returned value was: None
[2022-05-28 18:08:45,417] {taskinstance.py:1278} INFO - Marking task as SUCCESS. dag_id=quotation_dag, task_id=fetch_quotation_from_TSLA, execution_date=20220528T160735, start_date=20220528T160844, end_date=20220528T160845
[2022-05-28 18:08:45,445] {local_task_job.py:154} INFO - Task exited with return code 0
[2022-05-28 18:08:45,455] {local_task_job.py:264} INFO - 0 downstream tasks scheduled from follow-on schedule check
