[2022-05-27 11:00:50,209] {processor.py:163} INFO - Started process (PID=4523) to work on /home/udimini/airflow/dags/big_finance_dag.py
[2022-05-27 11:00:50,210] {processor.py:642} INFO - Processing file /home/udimini/airflow/dags/big_finance_dag.py for tasks to queue
[2022-05-27 11:00:50,212] {logging_mixin.py:109} INFO - [2022-05-27 11:00:50,211] {dagbag.py:500} INFO - Filling up the DagBag from /home/udimini/airflow/dags/big_finance_dag.py
[2022-05-27 11:00:50,290] {processor.py:652} INFO - DAG(s) dict_keys(['big_finance_dag']) retrieved from /home/udimini/airflow/dags/big_finance_dag.py
[2022-05-27 11:00:50,301] {logging_mixin.py:109} INFO - [2022-05-27 11:00:50,301] {dag.py:2398} INFO - Sync 1 DAGs
[2022-05-27 11:00:50,318] {logging_mixin.py:109} INFO - [2022-05-27 11:00:50,318] {dag.py:2937} INFO - Setting next_dagrun for big_finance_dag to 2022-05-27T08:59:00+00:00
[2022-05-27 11:00:50,333] {processor.py:171} INFO - Processing /home/udimini/airflow/dags/big_finance_dag.py took 0.129 seconds
[2022-05-27 11:00:56,228] {processor.py:163} INFO - Started process (PID=4551) to work on /home/udimini/airflow/dags/big_finance_dag.py
[2022-05-27 11:00:56,230] {processor.py:642} INFO - Processing file /home/udimini/airflow/dags/big_finance_dag.py for tasks to queue
[2022-05-27 11:00:56,231] {logging_mixin.py:109} INFO - [2022-05-27 11:00:56,231] {dagbag.py:500} INFO - Filling up the DagBag from /home/udimini/airflow/dags/big_finance_dag.py
[2022-05-27 11:00:56,455] {processor.py:652} INFO - DAG(s) dict_keys(['big_finance_dag']) retrieved from /home/udimini/airflow/dags/big_finance_dag.py
[2022-05-27 11:00:56,493] {logging_mixin.py:109} INFO - [2022-05-27 11:00:56,493] {dag.py:2398} INFO - Sync 1 DAGs
[2022-05-27 11:00:56,556] {logging_mixin.py:109} INFO - [2022-05-27 11:00:56,556] {dag.py:2937} INFO - Setting next_dagrun for big_finance_dag to 2022-05-27T08:59:00+00:00
[2022-05-27 11:00:56,632] {processor.py:171} INFO - Processing /home/udimini/airflow/dags/big_finance_dag.py took 0.416 seconds
[2022-05-27 11:01:02,363] {processor.py:163} INFO - Started process (PID=4552) to work on /home/udimini/airflow/dags/big_finance_dag.py
[2022-05-27 11:01:02,364] {processor.py:642} INFO - Processing file /home/udimini/airflow/dags/big_finance_dag.py for tasks to queue
[2022-05-27 11:01:02,365] {logging_mixin.py:109} INFO - [2022-05-27 11:01:02,364] {dagbag.py:500} INFO - Filling up the DagBag from /home/udimini/airflow/dags/big_finance_dag.py
[2022-05-27 11:01:02,437] {processor.py:652} INFO - DAG(s) dict_keys(['big_finance_dag']) retrieved from /home/udimini/airflow/dags/big_finance_dag.py
[2022-05-27 11:01:02,449] {logging_mixin.py:109} INFO - [2022-05-27 11:01:02,449] {dag.py:2398} INFO - Sync 1 DAGs
[2022-05-27 11:01:02,474] {logging_mixin.py:109} INFO - [2022-05-27 11:01:02,474] {dag.py:2937} INFO - Setting next_dagrun for big_finance_dag to 2022-05-27T09:00:00+00:00
[2022-05-27 11:01:02,490] {processor.py:171} INFO - Processing /home/udimini/airflow/dags/big_finance_dag.py took 0.130 seconds
[2022-05-27 11:01:08,443] {processor.py:163} INFO - Started process (PID=4559) to work on /home/udimini/airflow/dags/big_finance_dag.py
[2022-05-27 11:01:08,444] {processor.py:642} INFO - Processing file /home/udimini/airflow/dags/big_finance_dag.py for tasks to queue
[2022-05-27 11:01:08,445] {logging_mixin.py:109} INFO - [2022-05-27 11:01:08,445] {dagbag.py:500} INFO - Filling up the DagBag from /home/udimini/airflow/dags/big_finance_dag.py
[2022-05-27 11:01:08,537] {processor.py:652} INFO - DAG(s) dict_keys(['big_finance_dag']) retrieved from /home/udimini/airflow/dags/big_finance_dag.py
[2022-05-27 11:01:08,548] {logging_mixin.py:109} INFO - [2022-05-27 11:01:08,548] {dag.py:2398} INFO - Sync 1 DAGs
[2022-05-27 11:01:08,564] {logging_mixin.py:109} INFO - [2022-05-27 11:01:08,563] {dag.py:2937} INFO - Setting next_dagrun for big_finance_dag to 2022-05-27T09:00:00+00:00
[2022-05-27 11:01:08,577] {processor.py:171} INFO - Processing /home/udimini/airflow/dags/big_finance_dag.py took 0.136 seconds
[2022-05-27 11:01:14,516] {processor.py:163} INFO - Started process (PID=4568) to work on /home/udimini/airflow/dags/big_finance_dag.py
[2022-05-27 11:01:14,517] {processor.py:642} INFO - Processing file /home/udimini/airflow/dags/big_finance_dag.py for tasks to queue
[2022-05-27 11:01:14,518] {logging_mixin.py:109} INFO - [2022-05-27 11:01:14,518] {dagbag.py:500} INFO - Filling up the DagBag from /home/udimini/airflow/dags/big_finance_dag.py
[2022-05-27 11:01:14,595] {processor.py:652} INFO - DAG(s) dict_keys(['big_finance_dag']) retrieved from /home/udimini/airflow/dags/big_finance_dag.py
[2022-05-27 11:01:14,603] {logging_mixin.py:109} INFO - [2022-05-27 11:01:14,603] {dag.py:2398} INFO - Sync 1 DAGs
[2022-05-27 11:01:14,621] {logging_mixin.py:109} INFO - [2022-05-27 11:01:14,621] {dag.py:2937} INFO - Setting next_dagrun for big_finance_dag to 2022-05-27T09:00:00+00:00
[2022-05-27 11:01:14,638] {processor.py:171} INFO - Processing /home/udimini/airflow/dags/big_finance_dag.py took 0.124 seconds
[2022-05-27 11:01:20,222] {processor.py:163} INFO - Started process (PID=4584) to work on /home/udimini/airflow/dags/big_finance_dag.py
[2022-05-27 11:01:20,224] {processor.py:642} INFO - Processing file /home/udimini/airflow/dags/big_finance_dag.py for tasks to queue
[2022-05-27 11:01:20,225] {logging_mixin.py:109} INFO - [2022-05-27 11:01:20,225] {dagbag.py:500} INFO - Filling up the DagBag from /home/udimini/airflow/dags/big_finance_dag.py
[2022-05-27 11:01:20,289] {processor.py:652} INFO - DAG(s) dict_keys(['big_finance_dag']) retrieved from /home/udimini/airflow/dags/big_finance_dag.py
[2022-05-27 11:01:20,297] {logging_mixin.py:109} INFO - [2022-05-27 11:01:20,297] {dag.py:2398} INFO - Sync 1 DAGs
[2022-05-27 11:01:20,310] {logging_mixin.py:109} INFO - [2022-05-27 11:01:20,310] {dag.py:2937} INFO - Setting next_dagrun for big_finance_dag to 2022-05-27T09:00:00+00:00
[2022-05-27 11:01:20,326] {processor.py:171} INFO - Processing /home/udimini/airflow/dags/big_finance_dag.py took 0.108 seconds
[2022-05-27 11:01:25,499] {processor.py:163} INFO - Started process (PID=4591) to work on /home/udimini/airflow/dags/big_finance_dag.py
[2022-05-27 11:01:25,501] {processor.py:642} INFO - Processing file /home/udimini/airflow/dags/big_finance_dag.py for tasks to queue
[2022-05-27 11:01:25,501] {logging_mixin.py:109} INFO - [2022-05-27 11:01:25,501] {dagbag.py:500} INFO - Filling up the DagBag from /home/udimini/airflow/dags/big_finance_dag.py
[2022-05-27 11:01:25,560] {processor.py:652} INFO - DAG(s) dict_keys(['big_finance_dag']) retrieved from /home/udimini/airflow/dags/big_finance_dag.py
[2022-05-27 11:01:25,568] {logging_mixin.py:109} INFO - [2022-05-27 11:01:25,568] {dag.py:2398} INFO - Sync 1 DAGs
[2022-05-27 11:01:25,582] {logging_mixin.py:109} INFO - [2022-05-27 11:01:25,582] {dag.py:2937} INFO - Setting next_dagrun for big_finance_dag to 2022-05-27T09:00:00+00:00
[2022-05-27 11:01:25,595] {processor.py:171} INFO - Processing /home/udimini/airflow/dags/big_finance_dag.py took 0.099 seconds
[2022-05-27 11:01:30,772] {processor.py:163} INFO - Started process (PID=4592) to work on /home/udimini/airflow/dags/big_finance_dag.py
[2022-05-27 11:01:30,774] {processor.py:642} INFO - Processing file /home/udimini/airflow/dags/big_finance_dag.py for tasks to queue
[2022-05-27 11:01:30,774] {logging_mixin.py:109} INFO - [2022-05-27 11:01:30,774] {dagbag.py:500} INFO - Filling up the DagBag from /home/udimini/airflow/dags/big_finance_dag.py
[2022-05-27 11:01:30,848] {processor.py:652} INFO - DAG(s) dict_keys(['big_finance_dag']) retrieved from /home/udimini/airflow/dags/big_finance_dag.py
[2022-05-27 11:01:30,856] {logging_mixin.py:109} INFO - [2022-05-27 11:01:30,856] {dag.py:2398} INFO - Sync 1 DAGs
[2022-05-27 11:01:30,869] {logging_mixin.py:109} INFO - [2022-05-27 11:01:30,869] {dag.py:2937} INFO - Setting next_dagrun for big_finance_dag to 2022-05-27T09:00:00+00:00
[2022-05-27 11:01:30,885] {processor.py:171} INFO - Processing /home/udimini/airflow/dags/big_finance_dag.py took 0.117 seconds
[2022-05-27 11:01:36,042] {processor.py:163} INFO - Started process (PID=4607) to work on /home/udimini/airflow/dags/big_finance_dag.py
[2022-05-27 11:01:36,043] {processor.py:642} INFO - Processing file /home/udimini/airflow/dags/big_finance_dag.py for tasks to queue
[2022-05-27 11:01:36,044] {logging_mixin.py:109} INFO - [2022-05-27 11:01:36,044] {dagbag.py:500} INFO - Filling up the DagBag from /home/udimini/airflow/dags/big_finance_dag.py
[2022-05-27 11:01:36,100] {processor.py:652} INFO - DAG(s) dict_keys(['big_finance_dag']) retrieved from /home/udimini/airflow/dags/big_finance_dag.py
[2022-05-27 11:01:36,109] {logging_mixin.py:109} INFO - [2022-05-27 11:01:36,109] {dag.py:2398} INFO - Sync 1 DAGs
[2022-05-27 11:01:36,121] {logging_mixin.py:109} INFO - [2022-05-27 11:01:36,121] {dag.py:2937} INFO - Setting next_dagrun for big_finance_dag to 2022-05-27T09:00:00+00:00
[2022-05-27 11:01:36,134] {processor.py:171} INFO - Processing /home/udimini/airflow/dags/big_finance_dag.py took 0.095 seconds
[2022-05-27 11:02:25,598] {processor.py:163} INFO - Started process (PID=4941) to work on /home/udimini/airflow/dags/big_finance_dag.py
[2022-05-27 11:02:25,599] {processor.py:642} INFO - Processing file /home/udimini/airflow/dags/big_finance_dag.py for tasks to queue
[2022-05-27 11:02:25,600] {logging_mixin.py:109} INFO - [2022-05-27 11:02:25,599] {dagbag.py:500} INFO - Filling up the DagBag from /home/udimini/airflow/dags/big_finance_dag.py
[2022-05-27 11:02:25,660] {processor.py:652} INFO - DAG(s) dict_keys(['big_finance_dag']) retrieved from /home/udimini/airflow/dags/big_finance_dag.py
[2022-05-27 11:02:25,669] {logging_mixin.py:109} INFO - [2022-05-27 11:02:25,669] {dag.py:2398} INFO - Sync 1 DAGs
[2022-05-27 11:02:25,681] {logging_mixin.py:109} INFO - [2022-05-27 11:02:25,681] {dag.py:2937} INFO - Setting next_dagrun for big_finance_dag to 2022-05-27T09:01:00+00:00
[2022-05-27 11:02:25,701] {processor.py:171} INFO - Processing /home/udimini/airflow/dags/big_finance_dag.py took 0.105 seconds
[2022-05-27 11:02:31,625] {processor.py:163} INFO - Started process (PID=4942) to work on /home/udimini/airflow/dags/big_finance_dag.py
[2022-05-27 11:02:31,626] {processor.py:642} INFO - Processing file /home/udimini/airflow/dags/big_finance_dag.py for tasks to queue
[2022-05-27 11:02:31,628] {logging_mixin.py:109} INFO - [2022-05-27 11:02:31,627] {dagbag.py:500} INFO - Filling up the DagBag from /home/udimini/airflow/dags/big_finance_dag.py
[2022-05-27 11:02:31,698] {processor.py:652} INFO - DAG(s) dict_keys(['big_finance_dag']) retrieved from /home/udimini/airflow/dags/big_finance_dag.py
[2022-05-27 11:02:31,706] {logging_mixin.py:109} INFO - [2022-05-27 11:02:31,705] {dag.py:2398} INFO - Sync 1 DAGs
[2022-05-27 11:02:31,717] {logging_mixin.py:109} INFO - [2022-05-27 11:02:31,717] {dag.py:2937} INFO - Setting next_dagrun for big_finance_dag to 2022-05-27T09:01:00+00:00
[2022-05-27 11:02:31,729] {processor.py:171} INFO - Processing /home/udimini/airflow/dags/big_finance_dag.py took 0.109 seconds
[2022-05-27 11:02:37,745] {processor.py:163} INFO - Started process (PID=4943) to work on /home/udimini/airflow/dags/big_finance_dag.py
[2022-05-27 11:02:37,747] {processor.py:642} INFO - Processing file /home/udimini/airflow/dags/big_finance_dag.py for tasks to queue
[2022-05-27 11:02:37,748] {logging_mixin.py:109} INFO - [2022-05-27 11:02:37,748] {dagbag.py:500} INFO - Filling up the DagBag from /home/udimini/airflow/dags/big_finance_dag.py
[2022-05-27 11:02:37,817] {processor.py:652} INFO - DAG(s) dict_keys(['big_finance_dag']) retrieved from /home/udimini/airflow/dags/big_finance_dag.py
[2022-05-27 11:02:37,825] {logging_mixin.py:109} INFO - [2022-05-27 11:02:37,825] {dag.py:2398} INFO - Sync 1 DAGs
[2022-05-27 11:02:37,837] {logging_mixin.py:109} INFO - [2022-05-27 11:02:37,837] {dag.py:2937} INFO - Setting next_dagrun for big_finance_dag to 2022-05-27T09:01:00+00:00
[2022-05-27 11:02:37,849] {processor.py:171} INFO - Processing /home/udimini/airflow/dags/big_finance_dag.py took 0.108 seconds
[2022-05-27 11:02:43,849] {processor.py:163} INFO - Started process (PID=4944) to work on /home/udimini/airflow/dags/big_finance_dag.py
[2022-05-27 11:02:43,850] {processor.py:642} INFO - Processing file /home/udimini/airflow/dags/big_finance_dag.py for tasks to queue
[2022-05-27 11:02:43,850] {logging_mixin.py:109} INFO - [2022-05-27 11:02:43,850] {dagbag.py:500} INFO - Filling up the DagBag from /home/udimini/airflow/dags/big_finance_dag.py
[2022-05-27 11:02:43,900] {processor.py:652} INFO - DAG(s) dict_keys(['big_finance_dag']) retrieved from /home/udimini/airflow/dags/big_finance_dag.py
[2022-05-27 11:02:43,907] {logging_mixin.py:109} INFO - [2022-05-27 11:02:43,907] {dag.py:2398} INFO - Sync 1 DAGs
[2022-05-27 11:02:43,918] {logging_mixin.py:109} INFO - [2022-05-27 11:02:43,918] {dag.py:2937} INFO - Setting next_dagrun for big_finance_dag to 2022-05-27T09:01:00+00:00
[2022-05-27 11:02:43,930] {processor.py:171} INFO - Processing /home/udimini/airflow/dags/big_finance_dag.py took 0.084 seconds
[2022-05-27 11:02:49,977] {processor.py:163} INFO - Started process (PID=4945) to work on /home/udimini/airflow/dags/big_finance_dag.py
[2022-05-27 11:02:49,978] {processor.py:642} INFO - Processing file /home/udimini/airflow/dags/big_finance_dag.py for tasks to queue
[2022-05-27 11:02:49,978] {logging_mixin.py:109} INFO - [2022-05-27 11:02:49,978] {dagbag.py:500} INFO - Filling up the DagBag from /home/udimini/airflow/dags/big_finance_dag.py
[2022-05-27 11:02:50,059] {processor.py:652} INFO - DAG(s) dict_keys(['big_finance_dag']) retrieved from /home/udimini/airflow/dags/big_finance_dag.py
[2022-05-27 11:02:50,070] {logging_mixin.py:109} INFO - [2022-05-27 11:02:50,070] {dag.py:2398} INFO - Sync 1 DAGs
[2022-05-27 11:02:50,085] {logging_mixin.py:109} INFO - [2022-05-27 11:02:50,085] {dag.py:2937} INFO - Setting next_dagrun for big_finance_dag to 2022-05-27T09:01:00+00:00
[2022-05-27 11:02:50,099] {processor.py:171} INFO - Processing /home/udimini/airflow/dags/big_finance_dag.py took 0.124 seconds
[2022-05-27 11:02:55,620] {processor.py:163} INFO - Started process (PID=4946) to work on /home/udimini/airflow/dags/big_finance_dag.py
[2022-05-27 11:02:55,621] {processor.py:642} INFO - Processing file /home/udimini/airflow/dags/big_finance_dag.py for tasks to queue
[2022-05-27 11:02:55,621] {logging_mixin.py:109} INFO - [2022-05-27 11:02:55,621] {dagbag.py:500} INFO - Filling up the DagBag from /home/udimini/airflow/dags/big_finance_dag.py
[2022-05-27 11:02:55,694] {processor.py:652} INFO - DAG(s) dict_keys(['big_finance_dag']) retrieved from /home/udimini/airflow/dags/big_finance_dag.py
[2022-05-27 11:02:55,707] {logging_mixin.py:109} INFO - [2022-05-27 11:02:55,707] {dag.py:2398} INFO - Sync 1 DAGs
[2022-05-27 11:02:55,730] {logging_mixin.py:109} INFO - [2022-05-27 11:02:55,730] {dag.py:2937} INFO - Setting next_dagrun for big_finance_dag to 2022-05-27T09:01:00+00:00
[2022-05-27 11:02:55,744] {processor.py:171} INFO - Processing /home/udimini/airflow/dags/big_finance_dag.py took 0.127 seconds
[2022-05-27 11:03:00,991] {processor.py:163} INFO - Started process (PID=4947) to work on /home/udimini/airflow/dags/big_finance_dag.py
[2022-05-27 11:03:00,993] {processor.py:642} INFO - Processing file /home/udimini/airflow/dags/big_finance_dag.py for tasks to queue
[2022-05-27 11:03:00,993] {logging_mixin.py:109} INFO - [2022-05-27 11:03:00,993] {dagbag.py:500} INFO - Filling up the DagBag from /home/udimini/airflow/dags/big_finance_dag.py
[2022-05-27 11:03:01,054] {processor.py:652} INFO - DAG(s) dict_keys(['big_finance_dag']) retrieved from /home/udimini/airflow/dags/big_finance_dag.py
[2022-05-27 11:03:01,063] {logging_mixin.py:109} INFO - [2022-05-27 11:03:01,063] {dag.py:2398} INFO - Sync 1 DAGs
[2022-05-27 11:03:01,075] {logging_mixin.py:109} INFO - [2022-05-27 11:03:01,075] {dag.py:2937} INFO - Setting next_dagrun for big_finance_dag to 2022-05-27T09:02:00+00:00
[2022-05-27 11:03:01,088] {processor.py:171} INFO - Processing /home/udimini/airflow/dags/big_finance_dag.py took 0.099 seconds
[2022-05-27 11:03:06,270] {processor.py:163} INFO - Started process (PID=4948) to work on /home/udimini/airflow/dags/big_finance_dag.py
[2022-05-27 11:03:06,271] {processor.py:642} INFO - Processing file /home/udimini/airflow/dags/big_finance_dag.py for tasks to queue
[2022-05-27 11:03:06,271] {logging_mixin.py:109} INFO - [2022-05-27 11:03:06,271] {dagbag.py:500} INFO - Filling up the DagBag from /home/udimini/airflow/dags/big_finance_dag.py
[2022-05-27 11:03:06,327] {processor.py:652} INFO - DAG(s) dict_keys(['big_finance_dag']) retrieved from /home/udimini/airflow/dags/big_finance_dag.py
[2022-05-27 11:03:06,336] {logging_mixin.py:109} INFO - [2022-05-27 11:03:06,335] {dag.py:2398} INFO - Sync 1 DAGs
[2022-05-27 11:03:06,350] {logging_mixin.py:109} INFO - [2022-05-27 11:03:06,350] {dag.py:2937} INFO - Setting next_dagrun for big_finance_dag to 2022-05-27T09:02:00+00:00
[2022-05-27 11:03:06,363] {processor.py:171} INFO - Processing /home/udimini/airflow/dags/big_finance_dag.py took 0.096 seconds
[2022-05-27 11:03:11,545] {processor.py:163} INFO - Started process (PID=4949) to work on /home/udimini/airflow/dags/big_finance_dag.py
[2022-05-27 11:03:11,547] {processor.py:642} INFO - Processing file /home/udimini/airflow/dags/big_finance_dag.py for tasks to queue
[2022-05-27 11:03:11,548] {logging_mixin.py:109} INFO - [2022-05-27 11:03:11,547] {dagbag.py:500} INFO - Filling up the DagBag from /home/udimini/airflow/dags/big_finance_dag.py
[2022-05-27 11:03:11,613] {processor.py:652} INFO - DAG(s) dict_keys(['big_finance_dag']) retrieved from /home/udimini/airflow/dags/big_finance_dag.py
[2022-05-27 11:03:11,621] {logging_mixin.py:109} INFO - [2022-05-27 11:03:11,621] {dag.py:2398} INFO - Sync 1 DAGs
[2022-05-27 11:03:11,632] {logging_mixin.py:109} INFO - [2022-05-27 11:03:11,632] {dag.py:2937} INFO - Setting next_dagrun for big_finance_dag to 2022-05-27T09:02:00+00:00
[2022-05-27 11:03:11,644] {processor.py:171} INFO - Processing /home/udimini/airflow/dags/big_finance_dag.py took 0.104 seconds
[2022-05-27 11:03:55,787] {processor.py:163} INFO - Started process (PID=4966) to work on /home/udimini/airflow/dags/big_finance_dag.py
[2022-05-27 11:03:55,788] {processor.py:642} INFO - Processing file /home/udimini/airflow/dags/big_finance_dag.py for tasks to queue
[2022-05-27 11:03:55,789] {logging_mixin.py:109} INFO - [2022-05-27 11:03:55,789] {dagbag.py:500} INFO - Filling up the DagBag from /home/udimini/airflow/dags/big_finance_dag.py
[2022-05-27 11:03:55,858] {processor.py:652} INFO - DAG(s) dict_keys(['big_finance_dag']) retrieved from /home/udimini/airflow/dags/big_finance_dag.py
[2022-05-27 11:03:55,870] {logging_mixin.py:109} INFO - [2022-05-27 11:03:55,869] {dag.py:2398} INFO - Sync 1 DAGs
[2022-05-27 11:03:55,891] {logging_mixin.py:109} INFO - [2022-05-27 11:03:55,891] {dag.py:2937} INFO - Setting next_dagrun for big_finance_dag to 2022-05-27T09:02:00+00:00
[2022-05-27 11:03:55,902] {processor.py:171} INFO - Processing /home/udimini/airflow/dags/big_finance_dag.py took 0.117 seconds
[2022-05-27 11:04:01,835] {processor.py:163} INFO - Started process (PID=4973) to work on /home/udimini/airflow/dags/big_finance_dag.py
[2022-05-27 11:04:01,837] {processor.py:642} INFO - Processing file /home/udimini/airflow/dags/big_finance_dag.py for tasks to queue
[2022-05-27 11:04:01,838] {logging_mixin.py:109} INFO - [2022-05-27 11:04:01,838] {dagbag.py:500} INFO - Filling up the DagBag from /home/udimini/airflow/dags/big_finance_dag.py
[2022-05-27 11:04:01,906] {processor.py:652} INFO - DAG(s) dict_keys(['big_finance_dag']) retrieved from /home/udimini/airflow/dags/big_finance_dag.py
[2022-05-27 11:04:01,914] {logging_mixin.py:109} INFO - [2022-05-27 11:04:01,914] {dag.py:2398} INFO - Sync 1 DAGs
[2022-05-27 11:04:01,924] {logging_mixin.py:109} INFO - [2022-05-27 11:04:01,924] {dag.py:2937} INFO - Setting next_dagrun for big_finance_dag to 2022-05-27T09:03:00+00:00
[2022-05-27 11:04:01,935] {processor.py:171} INFO - Processing /home/udimini/airflow/dags/big_finance_dag.py took 0.105 seconds
[2022-05-27 11:04:07,952] {processor.py:163} INFO - Started process (PID=4974) to work on /home/udimini/airflow/dags/big_finance_dag.py
[2022-05-27 11:04:07,954] {processor.py:642} INFO - Processing file /home/udimini/airflow/dags/big_finance_dag.py for tasks to queue
[2022-05-27 11:04:07,955] {logging_mixin.py:109} INFO - [2022-05-27 11:04:07,955] {dagbag.py:500} INFO - Filling up the DagBag from /home/udimini/airflow/dags/big_finance_dag.py
[2022-05-27 11:04:08,022] {processor.py:652} INFO - DAG(s) dict_keys(['big_finance_dag']) retrieved from /home/udimini/airflow/dags/big_finance_dag.py
[2022-05-27 11:04:08,030] {logging_mixin.py:109} INFO - [2022-05-27 11:04:08,030] {dag.py:2398} INFO - Sync 1 DAGs
[2022-05-27 11:04:08,042] {logging_mixin.py:109} INFO - [2022-05-27 11:04:08,042] {dag.py:2937} INFO - Setting next_dagrun for big_finance_dag to 2022-05-27T09:03:00+00:00
[2022-05-27 11:04:08,054] {processor.py:171} INFO - Processing /home/udimini/airflow/dags/big_finance_dag.py took 0.106 seconds
[2022-05-27 11:04:14,105] {processor.py:163} INFO - Started process (PID=4975) to work on /home/udimini/airflow/dags/big_finance_dag.py
[2022-05-27 11:04:14,107] {processor.py:642} INFO - Processing file /home/udimini/airflow/dags/big_finance_dag.py for tasks to queue
[2022-05-27 11:04:14,108] {logging_mixin.py:109} INFO - [2022-05-27 11:04:14,108] {dagbag.py:500} INFO - Filling up the DagBag from /home/udimini/airflow/dags/big_finance_dag.py
[2022-05-27 11:04:14,259] {processor.py:652} INFO - DAG(s) dict_keys(['big_finance_dag']) retrieved from /home/udimini/airflow/dags/big_finance_dag.py
[2022-05-27 11:04:14,278] {logging_mixin.py:109} INFO - [2022-05-27 11:04:14,278] {dag.py:2398} INFO - Sync 1 DAGs
[2022-05-27 11:04:14,298] {logging_mixin.py:109} INFO - [2022-05-27 11:04:14,298] {dag.py:2937} INFO - Setting next_dagrun for big_finance_dag to 2022-05-27T09:03:00+00:00
[2022-05-27 11:04:14,312] {processor.py:171} INFO - Processing /home/udimini/airflow/dags/big_finance_dag.py took 0.213 seconds
[2022-05-27 11:04:20,193] {processor.py:163} INFO - Started process (PID=4976) to work on /home/udimini/airflow/dags/big_finance_dag.py
[2022-05-27 11:04:20,195] {processor.py:642} INFO - Processing file /home/udimini/airflow/dags/big_finance_dag.py for tasks to queue
[2022-05-27 11:04:20,196] {logging_mixin.py:109} INFO - [2022-05-27 11:04:20,196] {dagbag.py:500} INFO - Filling up the DagBag from /home/udimini/airflow/dags/big_finance_dag.py
[2022-05-27 11:04:20,260] {processor.py:652} INFO - DAG(s) dict_keys(['big_finance_dag']) retrieved from /home/udimini/airflow/dags/big_finance_dag.py
[2022-05-27 11:04:20,268] {logging_mixin.py:109} INFO - [2022-05-27 11:04:20,268] {dag.py:2398} INFO - Sync 1 DAGs
[2022-05-27 11:04:20,280] {logging_mixin.py:109} INFO - [2022-05-27 11:04:20,280] {dag.py:2937} INFO - Setting next_dagrun for big_finance_dag to 2022-05-27T09:03:00+00:00
[2022-05-27 11:04:20,292] {processor.py:171} INFO - Processing /home/udimini/airflow/dags/big_finance_dag.py took 0.103 seconds
[2022-05-27 11:04:25,825] {processor.py:163} INFO - Started process (PID=4977) to work on /home/udimini/airflow/dags/big_finance_dag.py
[2022-05-27 11:04:25,826] {processor.py:642} INFO - Processing file /home/udimini/airflow/dags/big_finance_dag.py for tasks to queue
[2022-05-27 11:04:25,827] {logging_mixin.py:109} INFO - [2022-05-27 11:04:25,827] {dagbag.py:500} INFO - Filling up the DagBag from /home/udimini/airflow/dags/big_finance_dag.py
[2022-05-27 11:04:25,888] {processor.py:652} INFO - DAG(s) dict_keys(['big_finance_dag']) retrieved from /home/udimini/airflow/dags/big_finance_dag.py
[2022-05-27 11:04:26,009] {logging_mixin.py:109} INFO - [2022-05-27 11:04:26,009] {dag.py:2398} INFO - Sync 1 DAGs
[2022-05-27 11:04:26,012] {logging_mixin.py:109} INFO - [2022-05-27 11:04:26,012] {dag.py:2417} INFO - Creating ORM DAG for big_finance_dag
[2022-05-27 11:04:26,020] {logging_mixin.py:109} INFO - [2022-05-27 11:04:26,020] {dag.py:2937} INFO - Setting next_dagrun for big_finance_dag to 2022-05-27T09:03:00+00:00
[2022-05-27 11:04:26,034] {processor.py:171} INFO - Processing /home/udimini/airflow/dags/big_finance_dag.py took 0.213 seconds
[2022-05-27 11:04:31,205] {processor.py:163} INFO - Started process (PID=4978) to work on /home/udimini/airflow/dags/big_finance_dag.py
[2022-05-27 11:04:31,207] {processor.py:642} INFO - Processing file /home/udimini/airflow/dags/big_finance_dag.py for tasks to queue
[2022-05-27 11:04:31,207] {logging_mixin.py:109} INFO - [2022-05-27 11:04:31,207] {dagbag.py:500} INFO - Filling up the DagBag from /home/udimini/airflow/dags/big_finance_dag.py
[2022-05-27 11:04:31,270] {processor.py:652} INFO - DAG(s) dict_keys(['big_finance_dag']) retrieved from /home/udimini/airflow/dags/big_finance_dag.py
[2022-05-27 11:04:31,275] {logging_mixin.py:109} INFO - [2022-05-27 11:04:31,275] {dag.py:2398} INFO - Sync 1 DAGs
[2022-05-27 11:04:31,288] {logging_mixin.py:109} INFO - [2022-05-27 11:04:31,288] {dag.py:2937} INFO - Setting next_dagrun for big_finance_dag to 2022-05-27T09:03:00+00:00
[2022-05-27 11:04:31,300] {processor.py:171} INFO - Processing /home/udimini/airflow/dags/big_finance_dag.py took 0.101 seconds
[2022-05-27 11:04:36,456] {processor.py:163} INFO - Started process (PID=4979) to work on /home/udimini/airflow/dags/big_finance_dag.py
[2022-05-27 11:04:36,457] {processor.py:642} INFO - Processing file /home/udimini/airflow/dags/big_finance_dag.py for tasks to queue
[2022-05-27 11:04:36,458] {logging_mixin.py:109} INFO - [2022-05-27 11:04:36,458] {dagbag.py:500} INFO - Filling up the DagBag from /home/udimini/airflow/dags/big_finance_dag.py
[2022-05-27 11:04:36,519] {processor.py:652} INFO - DAG(s) dict_keys(['big_finance_dag']) retrieved from /home/udimini/airflow/dags/big_finance_dag.py
[2022-05-27 11:04:36,524] {logging_mixin.py:109} INFO - [2022-05-27 11:04:36,524] {dag.py:2398} INFO - Sync 1 DAGs
[2022-05-27 11:04:36,536] {logging_mixin.py:109} INFO - [2022-05-27 11:04:36,536] {dag.py:2937} INFO - Setting next_dagrun for big_finance_dag to 2022-05-27T09:03:00+00:00
[2022-05-27 11:04:36,554] {processor.py:171} INFO - Processing /home/udimini/airflow/dags/big_finance_dag.py took 0.103 seconds
[2022-05-27 11:04:41,728] {processor.py:163} INFO - Started process (PID=4980) to work on /home/udimini/airflow/dags/big_finance_dag.py
[2022-05-27 11:04:41,730] {processor.py:642} INFO - Processing file /home/udimini/airflow/dags/big_finance_dag.py for tasks to queue
[2022-05-27 11:04:41,730] {logging_mixin.py:109} INFO - [2022-05-27 11:04:41,730] {dagbag.py:500} INFO - Filling up the DagBag from /home/udimini/airflow/dags/big_finance_dag.py
[2022-05-27 11:04:41,825] {processor.py:652} INFO - DAG(s) dict_keys(['big_finance_dag']) retrieved from /home/udimini/airflow/dags/big_finance_dag.py
[2022-05-27 11:04:41,831] {logging_mixin.py:109} INFO - [2022-05-27 11:04:41,831] {dag.py:2398} INFO - Sync 1 DAGs
[2022-05-27 11:04:41,845] {logging_mixin.py:109} INFO - [2022-05-27 11:04:41,844] {dag.py:2937} INFO - Setting next_dagrun for big_finance_dag to 2022-05-27T09:03:00+00:00
[2022-05-27 11:04:41,859] {processor.py:171} INFO - Processing /home/udimini/airflow/dags/big_finance_dag.py took 0.135 seconds
[2022-05-27 11:04:46,974] {processor.py:163} INFO - Started process (PID=5022) to work on /home/udimini/airflow/dags/big_finance_dag.py
[2022-05-27 11:04:46,976] {processor.py:642} INFO - Processing file /home/udimini/airflow/dags/big_finance_dag.py for tasks to queue
[2022-05-27 11:04:46,977] {logging_mixin.py:109} INFO - [2022-05-27 11:04:46,977] {dagbag.py:500} INFO - Filling up the DagBag from /home/udimini/airflow/dags/big_finance_dag.py
[2022-05-27 11:04:47,046] {processor.py:652} INFO - DAG(s) dict_keys(['big_finance_dag']) retrieved from /home/udimini/airflow/dags/big_finance_dag.py
[2022-05-27 11:04:47,051] {logging_mixin.py:109} INFO - [2022-05-27 11:04:47,051] {dag.py:2398} INFO - Sync 1 DAGs
[2022-05-27 11:04:47,064] {logging_mixin.py:109} INFO - [2022-05-27 11:04:47,064] {dag.py:2937} INFO - Setting next_dagrun for big_finance_dag to 2022-05-27T09:03:00+00:00
[2022-05-27 11:04:47,075] {processor.py:171} INFO - Processing /home/udimini/airflow/dags/big_finance_dag.py took 0.106 seconds
[2022-05-27 11:04:52,239] {processor.py:163} INFO - Started process (PID=5028) to work on /home/udimini/airflow/dags/big_finance_dag.py
[2022-05-27 11:04:52,240] {processor.py:642} INFO - Processing file /home/udimini/airflow/dags/big_finance_dag.py for tasks to queue
[2022-05-27 11:04:52,241] {logging_mixin.py:109} INFO - [2022-05-27 11:04:52,241] {dagbag.py:500} INFO - Filling up the DagBag from /home/udimini/airflow/dags/big_finance_dag.py
[2022-05-27 11:04:52,301] {processor.py:652} INFO - DAG(s) dict_keys(['big_finance_dag']) retrieved from /home/udimini/airflow/dags/big_finance_dag.py
[2022-05-27 11:04:52,307] {logging_mixin.py:109} INFO - [2022-05-27 11:04:52,307] {dag.py:2398} INFO - Sync 1 DAGs
[2022-05-27 11:04:52,321] {logging_mixin.py:109} INFO - [2022-05-27 11:04:52,321] {dag.py:2937} INFO - Setting next_dagrun for big_finance_dag to 2022-05-27T09:03:00+00:00
[2022-05-27 11:04:52,334] {processor.py:171} INFO - Processing /home/udimini/airflow/dags/big_finance_dag.py took 0.097 seconds
[2022-05-27 11:04:57,613] {processor.py:163} INFO - Started process (PID=5035) to work on /home/udimini/airflow/dags/big_finance_dag.py
[2022-05-27 11:04:57,614] {processor.py:642} INFO - Processing file /home/udimini/airflow/dags/big_finance_dag.py for tasks to queue
[2022-05-27 11:04:57,615] {logging_mixin.py:109} INFO - [2022-05-27 11:04:57,615] {dagbag.py:500} INFO - Filling up the DagBag from /home/udimini/airflow/dags/big_finance_dag.py
[2022-05-27 11:04:57,688] {processor.py:652} INFO - DAG(s) dict_keys(['big_finance_dag']) retrieved from /home/udimini/airflow/dags/big_finance_dag.py
[2022-05-27 11:04:57,696] {logging_mixin.py:109} INFO - [2022-05-27 11:04:57,696] {dag.py:2398} INFO - Sync 1 DAGs
[2022-05-27 11:04:57,707] {logging_mixin.py:109} INFO - [2022-05-27 11:04:57,707] {dag.py:2937} INFO - Setting next_dagrun for big_finance_dag to 2022-05-27T09:03:00+00:00
[2022-05-27 11:04:57,718] {processor.py:171} INFO - Processing /home/udimini/airflow/dags/big_finance_dag.py took 0.111 seconds
[2022-05-27 11:05:02,881] {processor.py:163} INFO - Started process (PID=5036) to work on /home/udimini/airflow/dags/big_finance_dag.py
[2022-05-27 11:05:02,882] {processor.py:642} INFO - Processing file /home/udimini/airflow/dags/big_finance_dag.py for tasks to queue
[2022-05-27 11:05:02,882] {logging_mixin.py:109} INFO - [2022-05-27 11:05:02,882] {dagbag.py:500} INFO - Filling up the DagBag from /home/udimini/airflow/dags/big_finance_dag.py
[2022-05-27 11:05:02,952] {processor.py:652} INFO - DAG(s) dict_keys(['big_finance_dag']) retrieved from /home/udimini/airflow/dags/big_finance_dag.py
[2022-05-27 11:05:02,961] {logging_mixin.py:109} INFO - [2022-05-27 11:05:02,961] {dag.py:2398} INFO - Sync 1 DAGs
[2022-05-27 11:05:02,976] {logging_mixin.py:109} INFO - [2022-05-27 11:05:02,976] {dag.py:2937} INFO - Setting next_dagrun for big_finance_dag to 2022-05-27T09:04:00+00:00
[2022-05-27 11:05:02,989] {processor.py:171} INFO - Processing /home/udimini/airflow/dags/big_finance_dag.py took 0.110 seconds
[2022-05-27 11:05:08,134] {processor.py:163} INFO - Started process (PID=5037) to work on /home/udimini/airflow/dags/big_finance_dag.py
[2022-05-27 11:05:08,136] {processor.py:642} INFO - Processing file /home/udimini/airflow/dags/big_finance_dag.py for tasks to queue
[2022-05-27 11:05:08,136] {logging_mixin.py:109} INFO - [2022-05-27 11:05:08,136] {dagbag.py:500} INFO - Filling up the DagBag from /home/udimini/airflow/dags/big_finance_dag.py
[2022-05-27 11:05:08,201] {processor.py:652} INFO - DAG(s) dict_keys(['big_finance_dag']) retrieved from /home/udimini/airflow/dags/big_finance_dag.py
[2022-05-27 11:05:08,210] {logging_mixin.py:109} INFO - [2022-05-27 11:05:08,210] {dag.py:2398} INFO - Sync 1 DAGs
[2022-05-27 11:05:08,222] {logging_mixin.py:109} INFO - [2022-05-27 11:05:08,222] {dag.py:2937} INFO - Setting next_dagrun for big_finance_dag to 2022-05-27T09:04:00+00:00
[2022-05-27 11:05:08,234] {processor.py:171} INFO - Processing /home/udimini/airflow/dags/big_finance_dag.py took 0.104 seconds
