[2022-05-28 18:47:49,495] {taskinstance.py:1043} INFO - Dependencies all met for <TaskInstance: recommendation_dag.fetch_recommendation_from_AAPL manual__2022-05-28T16:46:53+00:00 [queued]>
[2022-05-28 18:47:49,499] {taskinstance.py:1043} INFO - Dependencies all met for <TaskInstance: recommendation_dag.fetch_recommendation_from_AAPL manual__2022-05-28T16:46:53+00:00 [queued]>
[2022-05-28 18:47:49,499] {taskinstance.py:1249} INFO - 
--------------------------------------------------------------------------------
[2022-05-28 18:47:49,499] {taskinstance.py:1250} INFO - Starting attempt 1 of 2
[2022-05-28 18:47:49,499] {taskinstance.py:1251} INFO - 
--------------------------------------------------------------------------------
[2022-05-28 18:47:49,515] {taskinstance.py:1270} INFO - Executing <Task(PythonOperator): fetch_recommendation_from_AAPL> on 2022-05-28 16:46:53+00:00
[2022-05-28 18:47:49,516] {standard_task_runner.py:52} INFO - Started process 26137 to run task
[2022-05-28 18:47:49,519] {standard_task_runner.py:79} INFO - Running: ['airflow', 'tasks', 'run', 'recommendation_dag', 'fetch_recommendation_from_AAPL', 'manual__2022-05-28T16:46:53+00:00', '--job-id', '224', '--raw', '--subdir', 'DAGS_FOLDER/load_recommendation_dag.py', '--cfg-path', '/tmp/tmpav5_x641', '--error-file', '/tmp/tmpme_4hb0o']
[2022-05-28 18:47:49,519] {standard_task_runner.py:80} INFO - Job 224: Subtask fetch_recommendation_from_AAPL
[2022-05-28 18:47:49,548] {logging_mixin.py:109} INFO - Running <TaskInstance: recommendation_dag.fetch_recommendation_from_AAPL manual__2022-05-28T16:46:53+00:00 [running]> on host DESKTOP-O4M0F04.localdomain
[2022-05-28 18:47:49,585] {taskinstance.py:1446} INFO - Exporting the following env vars:
AIRFLOW_CTX_DAG_EMAIL=airflow@example.com
AIRFLOW_CTX_DAG_OWNER=airflow
AIRFLOW_CTX_DAG_ID=recommendation_dag
AIRFLOW_CTX_TASK_ID=fetch_recommendation_from_AAPL
AIRFLOW_CTX_EXECUTION_DATE=2022-05-28T16:46:53+00:00
AIRFLOW_CTX_DAG_RUN_ID=manual__2022-05-28T16:46:53+00:00
[2022-05-28 18:47:49,649] {logging_mixin.py:109} INFO - Successful connection to mongo db
[2022-05-28 18:47:50,647] {python.py:175} INFO - Done. Returned value was: None
[2022-05-28 18:47:50,661] {taskinstance.py:1278} INFO - Marking task as SUCCESS. dag_id=recommendation_dag, task_id=fetch_recommendation_from_AAPL, execution_date=20220528T164653, start_date=20220528T164749, end_date=20220528T164750
[2022-05-28 18:47:50,698] {local_task_job.py:154} INFO - Task exited with return code 0
[2022-05-28 18:47:50,710] {local_task_job.py:264} INFO - 0 downstream tasks scheduled from follow-on schedule check
